 
****************************************
check_design summary:
Version:     G-2012.06-SP5
Date:        Sun Dec 31 19:52:47 2017
****************************************

                   Name                                            Total
--------------------------------------------------------------------------------
Inputs/Outputs                                                     46
    Unconnected ports (LINT-28)                                    30
    Shorted outputs (LINT-31)                                      16

Cells                                                              37
    Cells do not drive (LINT-1)                                    37
--------------------------------------------------------------------------------

Warning: In design 'conv_control', cell 'B_129' does not drive any nets. (LINT-1)
Warning: In design 'conv_control', cell 'B_131' does not drive any nets. (LINT-1)
Warning: In design 'conv_control', cell 'C4858' does not drive any nets. (LINT-1)
Warning: In design 'conv_control', cell 'C4862' does not drive any nets. (LINT-1)
Warning: In design 'conv_control', cell 'C4863' does not drive any nets. (LINT-1)
Warning: In design 'conv_control', cell 'C4867' does not drive any nets. (LINT-1)
Warning: In design 'conv_control', cell 'C4871' does not drive any nets. (LINT-1)
Warning: In design 'conv_control', cell 'C4872' does not drive any nets. (LINT-1)
Warning: In design 'conv_control', cell 'C4878' does not drive any nets. (LINT-1)
Warning: In design 'conv_control', cell 'C4886' does not drive any nets. (LINT-1)
Warning: In design 'conv_control', cell 'C4897' does not drive any nets. (LINT-1)
Warning: In design 'conv_control', cell 'C4930' does not drive any nets. (LINT-1)
Warning: In design 'conv_control', cell 'C4931' does not drive any nets. (LINT-1)
Warning: In design 'conv_control', cell 'C4935' does not drive any nets. (LINT-1)
Warning: In design 'conv_control', cell 'C4947' does not drive any nets. (LINT-1)
Warning: In design 'conv_control', cell 'C4948' does not drive any nets. (LINT-1)
Warning: In design 'conv_control', cell 'C4949' does not drive any nets. (LINT-1)
Warning: In design 'conv_control', cell 'C4975' does not drive any nets. (LINT-1)
Warning: In design 'conv_control', cell 'C4998' does not drive any nets. (LINT-1)
Warning: In design 'conv_control', cell 'C4999' does not drive any nets. (LINT-1)
Warning: In design 'conv_control', cell 'C5000' does not drive any nets. (LINT-1)
Warning: In design 'conv_control', cell 'C5017' does not drive any nets. (LINT-1)
Warning: In design 'conv_control', cell 'C5018' does not drive any nets. (LINT-1)
Warning: In design 'conv_control', cell 'C5019' does not drive any nets. (LINT-1)
Warning: In design 'conv_control', cell 'C5081' does not drive any nets. (LINT-1)
Warning: In design 'conv_control', cell 'C5086' does not drive any nets. (LINT-1)
Warning: In design 'conv_control', cell 'C5087' does not drive any nets. (LINT-1)
Warning: In design 'conv_control', cell 'C5290' does not drive any nets. (LINT-1)
Warning: In design 'conv_control', cell 'C5299' does not drive any nets. (LINT-1)
Warning: In design 'conv_control', cell 'C5300' does not drive any nets. (LINT-1)
Warning: In design 'conv_control', cell 'C5429' does not drive any nets. (LINT-1)
Warning: In design 'multiply_compare', cell 'C866' does not drive any nets. (LINT-1)
Warning: In design 'multiply_compare', cell 'C869' does not drive any nets. (LINT-1)
Warning: In design 'multiply_compare', cell 'C872' does not drive any nets. (LINT-1)
Warning: In design 'multiply_compare', cell 'C875' does not drive any nets. (LINT-1)
Warning: In design 'quantize', cell 'B_4' does not drive any nets. (LINT-1)
Warning: In design 'quantize', cell 'B_5' does not drive any nets. (LINT-1)
Warning: In design 'bias_sel', port 'conv1_bias_set[16]' is not connected to any nets. (LINT-28)
Warning: In design 'bias_sel', port 'conv1_bias_set[15]' is not connected to any nets. (LINT-28)
Warning: In design 'bias_sel', port 'conv1_bias_set[14]' is not connected to any nets. (LINT-28)
Warning: In design 'bias_sel', port 'conv1_bias_set[13]' is not connected to any nets. (LINT-28)
Warning: In design 'bias_sel', port 'conv1_bias_set[12]' is not connected to any nets. (LINT-28)
Warning: In design 'bias_sel', port 'conv1_bias_set[11]' is not connected to any nets. (LINT-28)
Warning: In design 'bias_sel', port 'conv1_bias_set[10]' is not connected to any nets. (LINT-28)
Warning: In design 'bias_sel', port 'conv1_bias_set[9]' is not connected to any nets. (LINT-28)
Warning: In design 'bias_sel', port 'conv1_bias_set[8]' is not connected to any nets. (LINT-28)
Warning: In design 'bias_sel', port 'conv1_bias_set[7]' is not connected to any nets. (LINT-28)
Warning: In design 'bias_sel', port 'conv1_bias_set[6]' is not connected to any nets. (LINT-28)
Warning: In design 'bias_sel', port 'set[7]' is not connected to any nets. (LINT-28)
Warning: In design 'bias_sel', port 'set[6]' is not connected to any nets. (LINT-28)
Warning: In design 'bias_sel', port 'sram_raddr_weight[16]' is not connected to any nets. (LINT-28)
Warning: In design 'bias_sel', port 'sram_raddr_weight[15]' is not connected to any nets. (LINT-28)
Warning: In design 'bias_sel', port 'sram_raddr_weight[14]' is not connected to any nets. (LINT-28)
Warning: In design 'bias_sel', port 'sram_raddr_weight[13]' is not connected to any nets. (LINT-28)
Warning: In design 'bias_sel', port 'sram_raddr_weight[12]' is not connected to any nets. (LINT-28)
Warning: In design 'bias_sel', port 'sram_raddr_weight[11]' is not connected to any nets. (LINT-28)
Warning: In design 'bias_sel', port 'sram_raddr_weight[10]' is not connected to any nets. (LINT-28)
Warning: In design 'bias_sel', port 'sram_raddr_weight[9]' is not connected to any nets. (LINT-28)
Warning: In design 'bias_sel', port 'sram_raddr_weight[8]' is not connected to any nets. (LINT-28)
Warning: In design 'bias_sel', port 'sram_raddr_weight[7]' is not connected to any nets. (LINT-28)
Warning: In design 'bias_sel', port 'sram_raddr_weight[6]' is not connected to any nets. (LINT-28)
Warning: In design 'bias_sel', port 'sram_raddr_weight[5]' is not connected to any nets. (LINT-28)
Warning: In design 'bias_sel', port 'sram_raddr_weight[4]' is not connected to any nets. (LINT-28)
Warning: In design 'bias_sel', port 'sram_raddr_weight[3]' is not connected to any nets. (LINT-28)
Warning: In design 'bias_sel', port 'sram_raddr_weight[2]' is not connected to any nets. (LINT-28)
Warning: In design 'bias_sel', port 'sram_raddr_weight[1]' is not connected to any nets. (LINT-28)
Warning: In design 'bias_sel', port 'sram_raddr_weight[0]' is not connected to any nets. (LINT-28)
Warning: In design 'conv_top', output port 'sram_wdata_b[7]' is connected directly to output port 'sram_wdata_d[7]'. (LINT-31)
Warning: In design 'conv_top', output port 'sram_wdata_b[7]' is connected directly to output port 'sram_wdata_c[7]'. (LINT-31)
Warning: In design 'conv_top', output port 'sram_wdata_b[6]' is connected directly to output port 'sram_wdata_d[6]'. (LINT-31)
Warning: In design 'conv_top', output port 'sram_wdata_b[6]' is connected directly to output port 'sram_wdata_c[6]'. (LINT-31)
Warning: In design 'conv_top', output port 'sram_wdata_b[5]' is connected directly to output port 'sram_wdata_d[5]'. (LINT-31)
Warning: In design 'conv_top', output port 'sram_wdata_b[5]' is connected directly to output port 'sram_wdata_c[5]'. (LINT-31)
Warning: In design 'conv_top', output port 'sram_wdata_b[4]' is connected directly to output port 'sram_wdata_d[4]'. (LINT-31)
Warning: In design 'conv_top', output port 'sram_wdata_b[4]' is connected directly to output port 'sram_wdata_c[4]'. (LINT-31)
Warning: In design 'conv_top', output port 'sram_wdata_b[3]' is connected directly to output port 'sram_wdata_d[3]'. (LINT-31)
Warning: In design 'conv_top', output port 'sram_wdata_b[3]' is connected directly to output port 'sram_wdata_c[3]'. (LINT-31)
Warning: In design 'conv_top', output port 'sram_wdata_b[2]' is connected directly to output port 'sram_wdata_d[2]'. (LINT-31)
Warning: In design 'conv_top', output port 'sram_wdata_b[2]' is connected directly to output port 'sram_wdata_c[2]'. (LINT-31)
Warning: In design 'conv_top', output port 'sram_wdata_b[1]' is connected directly to output port 'sram_wdata_d[1]'. (LINT-31)
Warning: In design 'conv_top', output port 'sram_wdata_b[1]' is connected directly to output port 'sram_wdata_c[1]'. (LINT-31)
Warning: In design 'conv_top', output port 'sram_wdata_b[0]' is connected directly to output port 'sram_wdata_d[0]'. (LINT-31)
Warning: In design 'conv_top', output port 'sram_wdata_b[0]' is connected directly to output port 'sram_wdata_c[0]'. (LINT-31)
1
