Information: Checking out the license 'DesignWare'. (SEC-104)
Information: Changed wire load model for 'quantize' from '(none)' to 'ForQA'. (OPT-170)
Information: Changed wire load model for 'multiply_compare' from '(none)' to 'ForQA'. (OPT-170)
Information: Changed wire load model for 'bias_sel' from '(none)' to 'ForQA'. (OPT-170)
Information: Changed wire load model for 'data_reg' from '(none)' to 'ForQA'. (OPT-170)
Information: Changed wire load model for 'conv_control' from '(none)' to 'ForQA'. (OPT-170)
Information: Changed wire load model for 'fsm' from '(none)' to 'ForQA'. (OPT-170)
Information: Changed wire load model for 'DW01_add_width32' from '(none)' to 'ForQA'. (OPT-170)
Information: Changed wire load model for '*ADD_TC_OP_32_7_32' from '(none)' to 'ForQA'. (OPT-170)
Information: Changed wire load model for 'DW01_add_width32' from '(none)' to 'ForQA'. (OPT-170)
Information: Changed wire load model for '*ADD_TC_OP_32_7_32' from '(none)' to 'ForQA'. (OPT-170)
Information: Changed wire load model for 'DW01_add_width32' from '(none)' to 'ForQA'. (OPT-170)
Information: Changed wire load model for '*ADD_TC_OP_32_12_32' from '(none)' to 'ForQA'. (OPT-170)
Information: Changed wire load model for 'DW01_add_width32' from '(none)' to 'ForQA'. (OPT-170)
Information: Changed wire load model for '*ADD_TC_OP_32_9_32' from '(none)' to 'ForQA'. (OPT-170)
Information: Changed wire load model for 'DW01_cmp2_width26' from '(none)' to 'ForQA'. (OPT-170)
Information: Changed wire load model for '*LEQ_TC_OP_26_8_1' from '(none)' to 'ForQA'. (OPT-170)
Information: Changed wire load model for 'DW01_cmp2_width26' from '(none)' to 'ForQA'. (OPT-170)
Information: Changed wire load model for '*GEQ_TC_OP_26_8_1' from '(none)' to 'ForQA'. (OPT-170)
Information: Changed wire load model for 'DW01_cmp2_width26' from '(none)' to 'ForQA'. (OPT-170)
Information: Changed wire load model for '*LEQ_TC_OP_26_8_1' from '(none)' to 'ForQA'. (OPT-170)
Information: Changed wire load model for 'DW01_cmp2_width26' from '(none)' to 'ForQA'. (OPT-170)
Information: Changed wire load model for '*GEQ_TC_OP_26_8_1' from '(none)' to 'ForQA'. (OPT-170)
Information: Changed wire load model for 'DW02_mult' from '(none)' to 'ForQA'. (OPT-170)
Information: Changed wire load model for '*MULT_UNS_OP_32_1_32' from '(none)' to 'ForQA'. (OPT-170)
Information: Changed wire load model for 'DW02_mult' from '(none)' to 'ForQA'. (OPT-170)
Information: Changed wire load model for '*MULT_UNS_OP_32_1_32' from '(none)' to 'ForQA'. (OPT-170)
Information: Changed wire load model for 'DW02_mult' from '(none)' to 'ForQA'. (OPT-170)
Information: Changed wire load model for '*MULT_UNS_OP_32_1_32' from '(none)' to 'ForQA'. (OPT-170)
Information: Changed wire load model for 'DW02_mult' from '(none)' to 'ForQA'. (OPT-170)
Information: Changed wire load model for '*MULT_UNS_OP_32_1_32' from '(none)' to 'ForQA'. (OPT-170)
Information: Changed wire load model for 'DW01_add_width32' from '(none)' to 'ForQA'. (OPT-170)
Information: Changed wire load model for '*ADD_TC_OP_32_32_32' from '(none)' to 'ForQA'. (OPT-170)
Information: Changed wire load model for 'DW01_add_width32' from '(none)' to 'ForQA'. (OPT-170)
Information: Changed wire load model for '*ADD_TC_OP_32_32_32' from '(none)' to 'ForQA'. (OPT-170)
Information: Changed wire load model for 'DW01_add_width32' from '(none)' to 'ForQA'. (OPT-170)
Information: Changed wire load model for '*ADD_TC_OP_32_32_32' from '(none)' to 'ForQA'. (OPT-170)
Information: Changed wire load model for 'DW01_add_width32' from '(none)' to 'ForQA'. (OPT-170)
Information: Changed wire load model for '*ADD_TC_OP_32_32_32' from '(none)' to 'ForQA'. (OPT-170)
Information: Changed wire load model for 'DW01_add_width32' from '(none)' to 'ForQA'. (OPT-170)
Information: Changed wire load model for '*ADD_UNS_OP_32_32_32' from '(none)' to 'ForQA'. (OPT-170)
Information: Changed wire load model for 'DW02_mult' from '(none)' to 'ForQA'. (OPT-170)
Information: Changed wire load model for '*MULT_TC_OP_8_4_12' from '(none)' to 'ForQA'. (OPT-170)
Information: Changed wire load model for 'DW01_add_width32' from '(none)' to 'ForQA'. (OPT-170)
Information: Changed wire load model for '*ADD_UNS_OP_32_32_32' from '(none)' to 'ForQA'. (OPT-170)
Information: Changed wire load model for 'DW02_mult' from '(none)' to 'ForQA'. (OPT-170)
Information: Changed wire load model for '*MULT_TC_OP_8_4_12' from '(none)' to 'ForQA'. (OPT-170)
Information: Changed wire load model for 'DW01_add_width32' from '(none)' to 'ForQA'. (OPT-170)
Information: Changed wire load model for '*ADD_UNS_OP_32_32_32' from '(none)' to 'ForQA'. (OPT-170)
Information: Changed wire load model for 'DW02_mult' from '(none)' to 'ForQA'. (OPT-170)
Information: Changed wire load model for '*MULT_TC_OP_8_4_12' from '(none)' to 'ForQA'. (OPT-170)
Information: Changed wire load model for 'DW01_add_width32' from '(none)' to 'ForQA'. (OPT-170)
Information: Changed wire load model for '*ADD_UNS_OP_32_32_32' from '(none)' to 'ForQA'. (OPT-170)
Information: Changed wire load model for 'DW02_mult' from '(none)' to 'ForQA'. (OPT-170)
Information: Changed wire load model for '*MULT_TC_OP_8_4_12' from '(none)' to 'ForQA'. (OPT-170)
Information: Changed wire load model for 'DW01_add_width32' from '(none)' to 'ForQA'. (OPT-170)
Information: Changed wire load model for '*ADD_UNS_OP_32_32_32' from '(none)' to 'ForQA'. (OPT-170)
Information: Changed wire load model for 'DW02_mult' from '(none)' to 'ForQA'. (OPT-170)
Information: Changed wire load model for '*MULT_TC_OP_8_4_12' from '(none)' to 'ForQA'. (OPT-170)
Information: Changed wire load model for 'DW01_add_width32' from '(none)' to 'ForQA'. (OPT-170)
Information: Changed wire load model for '*ADD_UNS_OP_32_32_32' from '(none)' to 'ForQA'. (OPT-170)
Information: Changed wire load model for 'DW02_mult' from '(none)' to 'ForQA'. (OPT-170)
Information: Changed wire load model for '*MULT_TC_OP_8_4_12' from '(none)' to 'ForQA'. (OPT-170)
Information: Changed wire load model for 'DW01_add_width32' from '(none)' to 'ForQA'. (OPT-170)
Information: Changed wire load model for '*ADD_UNS_OP_32_32_32' from '(none)' to 'ForQA'. (OPT-170)
Information: Changed wire load model for 'DW02_mult' from '(none)' to 'ForQA'. (OPT-170)
Information: Changed wire load model for '*MULT_TC_OP_8_4_12' from '(none)' to 'ForQA'. (OPT-170)
Information: Changed wire load model for 'DW01_add_width32' from '(none)' to 'ForQA'. (OPT-170)
Information: Changed wire load model for '*ADD_UNS_OP_32_32_32' from '(none)' to 'ForQA'. (OPT-170)
Information: Changed wire load model for 'DW02_mult' from '(none)' to 'ForQA'. (OPT-170)
Information: Changed wire load model for '*MULT_TC_OP_8_4_12' from '(none)' to 'ForQA'. (OPT-170)
Information: Changed wire load model for 'DW01_add_width32' from '(none)' to 'ForQA'. (OPT-170)
Information: Changed wire load model for '*ADD_UNS_OP_32_32_32' from '(none)' to 'ForQA'. (OPT-170)
Information: Changed wire load model for 'DW02_mult' from '(none)' to 'ForQA'. (OPT-170)
Information: Changed wire load model for '*MULT_TC_OP_8_4_12' from '(none)' to 'ForQA'. (OPT-170)
Information: Changed wire load model for 'DW01_add_width32' from '(none)' to 'ForQA'. (OPT-170)
Information: Changed wire load model for '*ADD_UNS_OP_32_32_32' from '(none)' to 'ForQA'. (OPT-170)
Information: Changed wire load model for 'DW02_mult' from '(none)' to 'ForQA'. (OPT-170)
Information: Changed wire load model for '*MULT_TC_OP_8_4_12' from '(none)' to 'ForQA'. (OPT-170)
Information: Changed wire load model for 'DW01_add_width32' from '(none)' to 'ForQA'. (OPT-170)
Information: Changed wire load model for '*ADD_UNS_OP_32_32_32' from '(none)' to 'ForQA'. (OPT-170)
Information: Changed wire load model for 'DW02_mult' from '(none)' to 'ForQA'. (OPT-170)
Information: Changed wire load model for '*MULT_TC_OP_8_4_12' from '(none)' to 'ForQA'. (OPT-170)
Information: Changed wire load model for 'DW01_add_width32' from '(none)' to 'ForQA'. (OPT-170)
Information: Changed wire load model for '*ADD_UNS_OP_32_32_32' from '(none)' to 'ForQA'. (OPT-170)
Information: Changed wire load model for 'DW02_mult' from '(none)' to 'ForQA'. (OPT-170)
Information: Changed wire load model for '*MULT_TC_OP_8_4_12' from '(none)' to 'ForQA'. (OPT-170)
Information: Changed wire load model for 'DW01_add_width32' from '(none)' to 'ForQA'. (OPT-170)
Information: Changed wire load model for '*ADD_UNS_OP_32_32_32' from '(none)' to 'ForQA'. (OPT-170)
Information: Changed wire load model for 'DW02_mult' from '(none)' to 'ForQA'. (OPT-170)
Information: Changed wire load model for '*MULT_TC_OP_8_4_12' from '(none)' to 'ForQA'. (OPT-170)
Information: Changed wire load model for 'DW01_add_width32' from '(none)' to 'ForQA'. (OPT-170)
Information: Changed wire load model for '*ADD_UNS_OP_32_32_32' from '(none)' to 'ForQA'. (OPT-170)
Information: Changed wire load model for 'DW02_mult' from '(none)' to 'ForQA'. (OPT-170)
Information: Changed wire load model for '*MULT_TC_OP_8_4_12' from '(none)' to 'ForQA'. (OPT-170)
Information: Changed wire load model for 'DW01_add_width32' from '(none)' to 'ForQA'. (OPT-170)
Information: Changed wire load model for '*ADD_UNS_OP_32_32_32' from '(none)' to 'ForQA'. (OPT-170)
Information: Changed wire load model for 'DW02_mult' from '(none)' to 'ForQA'. (OPT-170)
Information: Changed wire load model for '*MULT_TC_OP_8_4_12' from '(none)' to 'ForQA'. (OPT-170)
Information: Changed wire load model for 'DW01_add_width32' from '(none)' to 'ForQA'. (OPT-170)
Information: Changed wire load model for '*ADD_UNS_OP_32_32_32' from '(none)' to 'ForQA'. (OPT-170)
Information: Changed wire load model for 'DW02_mult' from '(none)' to 'ForQA'. (OPT-170)
Information: Changed wire load model for '*MULT_TC_OP_8_4_12' from '(none)' to 'ForQA'. (OPT-170)
Information: Changed wire load model for 'DW01_add_width32' from '(none)' to 'ForQA'. (OPT-170)
Information: Changed wire load model for '*ADD_UNS_OP_32_32_32' from '(none)' to 'ForQA'. (OPT-170)
Information: Changed wire load model for 'DW02_mult' from '(none)' to 'ForQA'. (OPT-170)
Information: Changed wire load model for '*MULT_TC_OP_8_4_12' from '(none)' to 'ForQA'. (OPT-170)
Information: Changed wire load model for 'DW01_add_width32' from '(none)' to 'ForQA'. (OPT-170)
Information: Changed wire load model for '*ADD_UNS_OP_32_32_32' from '(none)' to 'ForQA'. (OPT-170)
Information: Changed wire load model for 'DW02_mult' from '(none)' to 'ForQA'. (OPT-170)
Information: Changed wire load model for '*MULT_TC_OP_8_4_12' from '(none)' to 'ForQA'. (OPT-170)
Information: Changed wire load model for 'DW01_add_width32' from '(none)' to 'ForQA'. (OPT-170)
Information: Changed wire load model for '*ADD_UNS_OP_32_32_32' from '(none)' to 'ForQA'. (OPT-170)
Information: Changed wire load model for 'DW02_mult' from '(none)' to 'ForQA'. (OPT-170)
Information: Changed wire load model for '*MULT_TC_OP_8_4_12' from '(none)' to 'ForQA'. (OPT-170)
Information: Changed wire load model for 'DW01_add_width32' from '(none)' to 'ForQA'. (OPT-170)
Information: Changed wire load model for '*ADD_UNS_OP_32_32_32' from '(none)' to 'ForQA'. (OPT-170)
Information: Changed wire load model for 'DW02_mult' from '(none)' to 'ForQA'. (OPT-170)
Information: Changed wire load model for '*MULT_TC_OP_8_4_12' from '(none)' to 'ForQA'. (OPT-170)
Information: Changed wire load model for 'DW01_add_width32' from '(none)' to 'ForQA'. (OPT-170)
Information: Changed wire load model for '*ADD_UNS_OP_32_32_32' from '(none)' to 'ForQA'. (OPT-170)
Information: Changed wire load model for 'DW02_mult' from '(none)' to 'ForQA'. (OPT-170)
Information: Changed wire load model for '*MULT_TC_OP_8_4_12' from '(none)' to 'ForQA'. (OPT-170)
Information: Changed wire load model for 'DW01_add_width32' from '(none)' to 'ForQA'. (OPT-170)
Information: Changed wire load model for '*ADD_UNS_OP_32_32_32' from '(none)' to 'ForQA'. (OPT-170)
Information: Changed wire load model for 'DW02_mult' from '(none)' to 'ForQA'. (OPT-170)
Information: Changed wire load model for '*MULT_TC_OP_8_4_12' from '(none)' to 'ForQA'. (OPT-170)
Information: Changed wire load model for 'DW01_add_width32' from '(none)' to 'ForQA'. (OPT-170)
Information: Changed wire load model for '*ADD_UNS_OP_32_32_32' from '(none)' to 'ForQA'. (OPT-170)
Information: Changed wire load model for 'DW02_mult' from '(none)' to 'ForQA'. (OPT-170)
Information: Changed wire load model for '*MULT_TC_OP_8_4_12' from '(none)' to 'ForQA'. (OPT-170)
Information: Changed wire load model for 'DW01_add_width32' from '(none)' to 'ForQA'. (OPT-170)
Information: Changed wire load model for '*ADD_UNS_OP_32_32_32' from '(none)' to 'ForQA'. (OPT-170)
Information: Changed wire load model for 'DW02_mult' from '(none)' to 'ForQA'. (OPT-170)
Information: Changed wire load model for '*MULT_TC_OP_8_4_12' from '(none)' to 'ForQA'. (OPT-170)
Information: Changed wire load model for 'DW01_add_width32' from '(none)' to 'ForQA'. (OPT-170)
Information: Changed wire load model for '*ADD_UNS_OP_32_32_32' from '(none)' to 'ForQA'. (OPT-170)
Information: Changed wire load model for 'DW02_mult' from '(none)' to 'ForQA'. (OPT-170)
Information: Changed wire load model for '*MULT_TC_OP_8_4_12' from '(none)' to 'ForQA'. (OPT-170)
Information: Changed wire load model for 'DW01_add_width32' from '(none)' to 'ForQA'. (OPT-170)
Information: Changed wire load model for '*ADD_UNS_OP_32_32_32' from '(none)' to 'ForQA'. (OPT-170)
Information: Changed wire load model for 'DW02_mult' from '(none)' to 'ForQA'. (OPT-170)
Information: Changed wire load model for '*MULT_TC_OP_8_4_12' from '(none)' to 'ForQA'. (OPT-170)
Information: Changed wire load model for 'DW01_add_width32' from '(none)' to 'ForQA'. (OPT-170)
Information: Changed wire load model for '*ADD_UNS_OP_32_32_32' from '(none)' to 'ForQA'. (OPT-170)
Information: Changed wire load model for 'DW02_mult' from '(none)' to 'ForQA'. (OPT-170)
Information: Changed wire load model for '*MULT_TC_OP_8_4_12' from '(none)' to 'ForQA'. (OPT-170)
Information: Changed wire load model for 'DW01_add_width32' from '(none)' to 'ForQA'. (OPT-170)
Information: Changed wire load model for '*ADD_UNS_OP_32_32_32' from '(none)' to 'ForQA'. (OPT-170)
Information: Changed wire load model for 'DW02_mult' from '(none)' to 'ForQA'. (OPT-170)
Information: Changed wire load model for '*MULT_TC_OP_8_4_12' from '(none)' to 'ForQA'. (OPT-170)
Information: Changed wire load model for 'DW01_add_width32' from '(none)' to 'ForQA'. (OPT-170)
Information: Changed wire load model for '*ADD_UNS_OP_32_32_32' from '(none)' to 'ForQA'. (OPT-170)
Information: Changed wire load model for 'DW02_mult' from '(none)' to 'ForQA'. (OPT-170)
Information: Changed wire load model for '*MULT_TC_OP_8_4_12' from '(none)' to 'ForQA'. (OPT-170)
Information: Changed wire load model for 'DW01_add_width32' from '(none)' to 'ForQA'. (OPT-170)
Information: Changed wire load model for '*ADD_UNS_OP_32_32_32' from '(none)' to 'ForQA'. (OPT-170)
Information: Changed wire load model for 'DW02_mult' from '(none)' to 'ForQA'. (OPT-170)
Information: Changed wire load model for '*MULT_TC_OP_8_4_12' from '(none)' to 'ForQA'. (OPT-170)
Information: Changed wire load model for 'DW01_add_width32' from '(none)' to 'ForQA'. (OPT-170)
Information: Changed wire load model for '*ADD_UNS_OP_32_32_32' from '(none)' to 'ForQA'. (OPT-170)
Information: Changed wire load model for 'DW02_mult' from '(none)' to 'ForQA'. (OPT-170)
Information: Changed wire load model for '*MULT_TC_OP_8_4_12' from '(none)' to 'ForQA'. (OPT-170)
Information: Changed wire load model for 'DW01_add_width32' from '(none)' to 'ForQA'. (OPT-170)
Information: Changed wire load model for '*ADD_UNS_OP_32_32_32' from '(none)' to 'ForQA'. (OPT-170)
Information: Changed wire load model for 'DW02_mult' from '(none)' to 'ForQA'. (OPT-170)
Information: Changed wire load model for '*MULT_TC_OP_8_4_12' from '(none)' to 'ForQA'. (OPT-170)
Information: Changed wire load model for 'DW01_add_width32' from '(none)' to 'ForQA'. (OPT-170)
Information: Changed wire load model for '*ADD_UNS_OP_32_32_32' from '(none)' to 'ForQA'. (OPT-170)
Information: Changed wire load model for 'DW02_mult' from '(none)' to 'ForQA'. (OPT-170)
Information: Changed wire load model for '*MULT_TC_OP_8_4_12' from '(none)' to 'ForQA'. (OPT-170)
Information: Changed wire load model for 'DW01_add_width32' from '(none)' to 'ForQA'. (OPT-170)
Information: Changed wire load model for '*ADD_UNS_OP_32_32_32' from '(none)' to 'ForQA'. (OPT-170)
Information: Changed wire load model for 'DW02_mult' from '(none)' to 'ForQA'. (OPT-170)
Information: Changed wire load model for '*MULT_TC_OP_8_4_12' from '(none)' to 'ForQA'. (OPT-170)
Information: Changed wire load model for 'DW01_add_width32' from '(none)' to 'ForQA'. (OPT-170)
Information: Changed wire load model for '*ADD_UNS_OP_32_32_32' from '(none)' to 'ForQA'. (OPT-170)
Information: Changed wire load model for 'DW02_mult' from '(none)' to 'ForQA'. (OPT-170)
Information: Changed wire load model for '*MULT_TC_OP_8_4_12' from '(none)' to 'ForQA'. (OPT-170)
Information: Changed wire load model for 'DW01_add_width32' from '(none)' to 'ForQA'. (OPT-170)
Information: Changed wire load model for '*ADD_UNS_OP_32_32_32' from '(none)' to 'ForQA'. (OPT-170)
Information: Changed wire load model for 'DW02_mult' from '(none)' to 'ForQA'. (OPT-170)
Information: Changed wire load model for '*MULT_TC_OP_8_4_12' from '(none)' to 'ForQA'. (OPT-170)
Information: Changed wire load model for 'DW01_add_width32' from '(none)' to 'ForQA'. (OPT-170)
Information: Changed wire load model for '*ADD_UNS_OP_32_32_32' from '(none)' to 'ForQA'. (OPT-170)
Information: Changed wire load model for 'DW02_mult' from '(none)' to 'ForQA'. (OPT-170)
Information: Changed wire load model for '*MULT_TC_OP_8_4_12' from '(none)' to 'ForQA'. (OPT-170)
Information: Changed wire load model for 'DW01_add_width32' from '(none)' to 'ForQA'. (OPT-170)
Information: Changed wire load model for '*ADD_UNS_OP_32_32_32' from '(none)' to 'ForQA'. (OPT-170)
Information: Changed wire load model for 'DW02_mult' from '(none)' to 'ForQA'. (OPT-170)
Information: Changed wire load model for '*MULT_TC_OP_8_4_12' from '(none)' to 'ForQA'. (OPT-170)
Information: Changed wire load model for 'DW01_add_width32' from '(none)' to 'ForQA'. (OPT-170)
Information: Changed wire load model for '*ADD_UNS_OP_32_32_32' from '(none)' to 'ForQA'. (OPT-170)
Information: Changed wire load model for 'DW02_mult' from '(none)' to 'ForQA'. (OPT-170)
Information: Changed wire load model for '*MULT_TC_OP_8_4_12' from '(none)' to 'ForQA'. (OPT-170)
Information: Changed wire load model for 'DW01_add_width32' from '(none)' to 'ForQA'. (OPT-170)
Information: Changed wire load model for '*ADD_UNS_OP_32_32_32' from '(none)' to 'ForQA'. (OPT-170)
Information: Changed wire load model for 'DW02_mult' from '(none)' to 'ForQA'. (OPT-170)
Information: Changed wire load model for '*MULT_TC_OP_8_4_12' from '(none)' to 'ForQA'. (OPT-170)
Information: Changed wire load model for 'DW01_add_width32' from '(none)' to 'ForQA'. (OPT-170)
Information: Changed wire load model for '*ADD_UNS_OP_32_32_32' from '(none)' to 'ForQA'. (OPT-170)
Information: Changed wire load model for 'DW02_mult' from '(none)' to 'ForQA'. (OPT-170)
Information: Changed wire load model for '*MULT_TC_OP_8_4_12' from '(none)' to 'ForQA'. (OPT-170)
Information: Changed wire load model for 'DW01_add_width32' from '(none)' to 'ForQA'. (OPT-170)
Information: Changed wire load model for '*ADD_UNS_OP_32_32_32' from '(none)' to 'ForQA'. (OPT-170)
Information: Changed wire load model for 'DW02_mult' from '(none)' to 'ForQA'. (OPT-170)
Information: Changed wire load model for '*MULT_TC_OP_8_4_12' from '(none)' to 'ForQA'. (OPT-170)
Information: Changed wire load model for 'DW01_add_width32' from '(none)' to 'ForQA'. (OPT-170)
Information: Changed wire load model for '*ADD_UNS_OP_32_32_32' from '(none)' to 'ForQA'. (OPT-170)
Information: Changed wire load model for 'DW02_mult' from '(none)' to 'ForQA'. (OPT-170)
Information: Changed wire load model for '*MULT_TC_OP_8_4_12' from '(none)' to 'ForQA'. (OPT-170)
Information: Changed wire load model for 'DW01_add_width32' from '(none)' to 'ForQA'. (OPT-170)
Information: Changed wire load model for '*ADD_UNS_OP_32_32_32' from '(none)' to 'ForQA'. (OPT-170)
Information: Changed wire load model for 'DW02_mult' from '(none)' to 'ForQA'. (OPT-170)
Information: Changed wire load model for '*MULT_TC_OP_8_4_12' from '(none)' to 'ForQA'. (OPT-170)
Information: Changed wire load model for 'DW01_add_width32' from '(none)' to 'ForQA'. (OPT-170)
Information: Changed wire load model for '*ADD_UNS_OP_32_32_32' from '(none)' to 'ForQA'. (OPT-170)
Information: Changed wire load model for 'DW02_mult' from '(none)' to 'ForQA'. (OPT-170)
Information: Changed wire load model for '*MULT_TC_OP_8_4_12' from '(none)' to 'ForQA'. (OPT-170)
Information: Changed wire load model for 'DW01_add_width32' from '(none)' to 'ForQA'. (OPT-170)
Information: Changed wire load model for '*ADD_UNS_OP_32_32_32' from '(none)' to 'ForQA'. (OPT-170)
Information: Changed wire load model for 'DW02_mult' from '(none)' to 'ForQA'. (OPT-170)
Information: Changed wire load model for '*MULT_TC_OP_8_4_12' from '(none)' to 'ForQA'. (OPT-170)
Information: Changed wire load model for 'DW01_add_width32' from '(none)' to 'ForQA'. (OPT-170)
Information: Changed wire load model for '*ADD_UNS_OP_32_32_32' from '(none)' to 'ForQA'. (OPT-170)
Information: Changed wire load model for 'DW02_mult' from '(none)' to 'ForQA'. (OPT-170)
Information: Changed wire load model for '*MULT_TC_OP_8_4_12' from '(none)' to 'ForQA'. (OPT-170)
Information: Changed wire load model for 'DW01_add_width32' from '(none)' to 'ForQA'. (OPT-170)
Information: Changed wire load model for '*ADD_UNS_OP_32_32_32' from '(none)' to 'ForQA'. (OPT-170)
Information: Changed wire load model for 'DW02_mult' from '(none)' to 'ForQA'. (OPT-170)
Information: Changed wire load model for '*MULT_TC_OP_8_4_12' from '(none)' to 'ForQA'. (OPT-170)
Information: Changed wire load model for 'DW01_add_width32' from '(none)' to 'ForQA'. (OPT-170)
Information: Changed wire load model for '*ADD_UNS_OP_32_32_32' from '(none)' to 'ForQA'. (OPT-170)
Information: Changed wire load model for 'DW02_mult' from '(none)' to 'ForQA'. (OPT-170)
Information: Changed wire load model for '*MULT_TC_OP_8_4_12' from '(none)' to 'ForQA'. (OPT-170)
Information: Changed wire load model for 'DW01_add_width32' from '(none)' to 'ForQA'. (OPT-170)
Information: Changed wire load model for '*ADD_UNS_OP_32_32_32' from '(none)' to 'ForQA'. (OPT-170)
Information: Changed wire load model for 'DW02_mult' from '(none)' to 'ForQA'. (OPT-170)
Information: Changed wire load model for '*MULT_TC_OP_8_4_12' from '(none)' to 'ForQA'. (OPT-170)
Information: Changed wire load model for 'DW01_add_width32' from '(none)' to 'ForQA'. (OPT-170)
Information: Changed wire load model for '*ADD_UNS_OP_32_32_32' from '(none)' to 'ForQA'. (OPT-170)
Information: Changed wire load model for 'DW02_mult' from '(none)' to 'ForQA'. (OPT-170)
Information: Changed wire load model for '*MULT_TC_OP_8_4_12' from '(none)' to 'ForQA'. (OPT-170)
Information: Changed wire load model for 'DW01_add_width32' from '(none)' to 'ForQA'. (OPT-170)
Information: Changed wire load model for '*ADD_UNS_OP_32_32_32' from '(none)' to 'ForQA'. (OPT-170)
Information: Changed wire load model for 'DW02_mult' from '(none)' to 'ForQA'. (OPT-170)
Information: Changed wire load model for '*MULT_TC_OP_8_4_12' from '(none)' to 'ForQA'. (OPT-170)
Information: Changed wire load model for 'DW01_add_width32' from '(none)' to 'ForQA'. (OPT-170)
Information: Changed wire load model for '*ADD_UNS_OP_32_32_32' from '(none)' to 'ForQA'. (OPT-170)
Information: Changed wire load model for 'DW02_mult' from '(none)' to 'ForQA'. (OPT-170)
Information: Changed wire load model for '*MULT_TC_OP_8_4_12' from '(none)' to 'ForQA'. (OPT-170)
Information: Changed wire load model for 'DW01_add_width32' from '(none)' to 'ForQA'. (OPT-170)
Information: Changed wire load model for '*ADD_UNS_OP_32_32_32' from '(none)' to 'ForQA'. (OPT-170)
Information: Changed wire load model for 'DW02_mult' from '(none)' to 'ForQA'. (OPT-170)
Information: Changed wire load model for '*MULT_TC_OP_8_4_12' from '(none)' to 'ForQA'. (OPT-170)
Information: Changed wire load model for 'DW01_add_width32' from '(none)' to 'ForQA'. (OPT-170)
Information: Changed wire load model for '*ADD_UNS_OP_32_32_32' from '(none)' to 'ForQA'. (OPT-170)
Information: Changed wire load model for 'DW02_mult' from '(none)' to 'ForQA'. (OPT-170)
Information: Changed wire load model for '*MULT_TC_OP_8_4_12' from '(none)' to 'ForQA'. (OPT-170)
Information: Changed wire load model for 'DW01_add_width32' from '(none)' to 'ForQA'. (OPT-170)
Information: Changed wire load model for '*ADD_UNS_OP_32_32_32' from '(none)' to 'ForQA'. (OPT-170)
Information: Changed wire load model for 'DW02_mult' from '(none)' to 'ForQA'. (OPT-170)
Information: Changed wire load model for '*MULT_TC_OP_8_4_12' from '(none)' to 'ForQA'. (OPT-170)
Information: Changed wire load model for 'DW01_add_width32' from '(none)' to 'ForQA'. (OPT-170)
Information: Changed wire load model for '*ADD_UNS_OP_32_32_32' from '(none)' to 'ForQA'. (OPT-170)
Information: Changed wire load model for 'DW02_mult' from '(none)' to 'ForQA'. (OPT-170)
Information: Changed wire load model for '*MULT_TC_OP_8_4_12' from '(none)' to 'ForQA'. (OPT-170)
Information: Changed wire load model for 'DW01_add_width32' from '(none)' to 'ForQA'. (OPT-170)
Information: Changed wire load model for '*ADD_UNS_OP_32_32_32' from '(none)' to 'ForQA'. (OPT-170)
Information: Changed wire load model for 'DW02_mult' from '(none)' to 'ForQA'. (OPT-170)
Information: Changed wire load model for '*MULT_TC_OP_8_4_12' from '(none)' to 'ForQA'. (OPT-170)
Information: Changed wire load model for 'DW01_add_width32' from '(none)' to 'ForQA'. (OPT-170)
Information: Changed wire load model for '*ADD_UNS_OP_32_32_32' from '(none)' to 'ForQA'. (OPT-170)
Information: Changed wire load model for 'DW02_mult' from '(none)' to 'ForQA'. (OPT-170)
Information: Changed wire load model for '*MULT_TC_OP_8_4_12' from '(none)' to 'ForQA'. (OPT-170)
Information: Changed wire load model for 'DW01_add_width32' from '(none)' to 'ForQA'. (OPT-170)
Information: Changed wire load model for '*ADD_UNS_OP_32_32_32' from '(none)' to 'ForQA'. (OPT-170)
Information: Changed wire load model for 'DW02_mult' from '(none)' to 'ForQA'. (OPT-170)
Information: Changed wire load model for '*MULT_TC_OP_8_4_12' from '(none)' to 'ForQA'. (OPT-170)
Information: Changed wire load model for 'DW01_add_width32' from '(none)' to 'ForQA'. (OPT-170)
Information: Changed wire load model for '*ADD_UNS_OP_32_32_32' from '(none)' to 'ForQA'. (OPT-170)
Information: Changed wire load model for 'DW02_mult' from '(none)' to 'ForQA'. (OPT-170)
Information: Changed wire load model for '*MULT_TC_OP_8_4_12' from '(none)' to 'ForQA'. (OPT-170)
Information: Changed wire load model for 'DW01_add_width32' from '(none)' to 'ForQA'. (OPT-170)
Information: Changed wire load model for '*ADD_UNS_OP_32_32_32' from '(none)' to 'ForQA'. (OPT-170)
Information: Changed wire load model for 'DW02_mult' from '(none)' to 'ForQA'. (OPT-170)
Information: Changed wire load model for '*MULT_TC_OP_8_4_12' from '(none)' to 'ForQA'. (OPT-170)
Information: Changed wire load model for 'DW01_add_width32' from '(none)' to 'ForQA'. (OPT-170)
Information: Changed wire load model for '*ADD_UNS_OP_32_32_32' from '(none)' to 'ForQA'. (OPT-170)
Information: Changed wire load model for 'DW02_mult' from '(none)' to 'ForQA'. (OPT-170)
Information: Changed wire load model for '*MULT_TC_OP_8_4_12' from '(none)' to 'ForQA'. (OPT-170)
Information: Changed wire load model for 'DW01_add_width32' from '(none)' to 'ForQA'. (OPT-170)
Information: Changed wire load model for '*ADD_UNS_OP_32_32_32' from '(none)' to 'ForQA'. (OPT-170)
Information: Changed wire load model for 'DW02_mult' from '(none)' to 'ForQA'. (OPT-170)
Information: Changed wire load model for '*MULT_TC_OP_8_4_12' from '(none)' to 'ForQA'. (OPT-170)
Information: Changed wire load model for 'DW01_add_width32' from '(none)' to 'ForQA'. (OPT-170)
Information: Changed wire load model for '*ADD_UNS_OP_32_32_32' from '(none)' to 'ForQA'. (OPT-170)
Information: Changed wire load model for 'DW02_mult' from '(none)' to 'ForQA'. (OPT-170)
Information: Changed wire load model for '*MULT_TC_OP_8_4_12' from '(none)' to 'ForQA'. (OPT-170)
Information: Changed wire load model for 'DW01_add_width32' from '(none)' to 'ForQA'. (OPT-170)
Information: Changed wire load model for '*ADD_UNS_OP_32_32_32' from '(none)' to 'ForQA'. (OPT-170)
Information: Changed wire load model for 'DW02_mult' from '(none)' to 'ForQA'. (OPT-170)
Information: Changed wire load model for '*MULT_TC_OP_8_4_12' from '(none)' to 'ForQA'. (OPT-170)
Information: Changed wire load model for 'DW01_add_width32' from '(none)' to 'ForQA'. (OPT-170)
Information: Changed wire load model for '*ADD_UNS_OP_32_32_32' from '(none)' to 'ForQA'. (OPT-170)
Information: Changed wire load model for 'DW02_mult' from '(none)' to 'ForQA'. (OPT-170)
Information: Changed wire load model for '*MULT_TC_OP_8_4_12' from '(none)' to 'ForQA'. (OPT-170)
Information: Changed wire load model for 'DW01_add_width32' from '(none)' to 'ForQA'. (OPT-170)
Information: Changed wire load model for '*ADD_UNS_OP_32_32_32' from '(none)' to 'ForQA'. (OPT-170)
Information: Changed wire load model for 'DW02_mult' from '(none)' to 'ForQA'. (OPT-170)
Information: Changed wire load model for '*MULT_TC_OP_8_4_12' from '(none)' to 'ForQA'. (OPT-170)
Information: Changed wire load model for 'DW01_add_width32' from '(none)' to 'ForQA'. (OPT-170)
Information: Changed wire load model for '*ADD_UNS_OP_32_32_32' from '(none)' to 'ForQA'. (OPT-170)
Information: Changed wire load model for 'DW02_mult' from '(none)' to 'ForQA'. (OPT-170)
Information: Changed wire load model for '*MULT_TC_OP_8_4_12' from '(none)' to 'ForQA'. (OPT-170)
Information: Changed wire load model for 'DW01_add_width32' from '(none)' to 'ForQA'. (OPT-170)
Information: Changed wire load model for '*ADD_UNS_OP_32_32_32' from '(none)' to 'ForQA'. (OPT-170)
Information: Changed wire load model for 'DW02_mult' from '(none)' to 'ForQA'. (OPT-170)
Information: Changed wire load model for '*MULT_TC_OP_8_4_12' from '(none)' to 'ForQA'. (OPT-170)
Information: Changed wire load model for 'DW01_add_width32' from '(none)' to 'ForQA'. (OPT-170)
Information: Changed wire load model for '*ADD_UNS_OP_32_32_32' from '(none)' to 'ForQA'. (OPT-170)
Information: Changed wire load model for 'DW02_mult' from '(none)' to 'ForQA'. (OPT-170)
Information: Changed wire load model for '*MULT_TC_OP_8_4_12' from '(none)' to 'ForQA'. (OPT-170)
Information: Changed wire load model for 'DW01_add_width32' from '(none)' to 'ForQA'. (OPT-170)
Information: Changed wire load model for '*ADD_UNS_OP_32_32_32' from '(none)' to 'ForQA'. (OPT-170)
Information: Changed wire load model for 'DW02_mult' from '(none)' to 'ForQA'. (OPT-170)
Information: Changed wire load model for '*MULT_TC_OP_8_4_12' from '(none)' to 'ForQA'. (OPT-170)
Information: Changed wire load model for 'DW01_add_width32' from '(none)' to 'ForQA'. (OPT-170)
Information: Changed wire load model for '*ADD_UNS_OP_32_32_32' from '(none)' to 'ForQA'. (OPT-170)
Information: Changed wire load model for 'DW02_mult' from '(none)' to 'ForQA'. (OPT-170)
Information: Changed wire load model for '*MULT_TC_OP_8_4_12' from '(none)' to 'ForQA'. (OPT-170)
Information: Changed wire load model for 'DW01_add_width32' from '(none)' to 'ForQA'. (OPT-170)
Information: Changed wire load model for '*ADD_UNS_OP_32_32_32' from '(none)' to 'ForQA'. (OPT-170)
Information: Changed wire load model for 'DW02_mult' from '(none)' to 'ForQA'. (OPT-170)
Information: Changed wire load model for '*MULT_TC_OP_8_4_12' from '(none)' to 'ForQA'. (OPT-170)
Information: Changed wire load model for 'DW01_add_width32' from '(none)' to 'ForQA'. (OPT-170)
Information: Changed wire load model for '*ADD_UNS_OP_32_32_32' from '(none)' to 'ForQA'. (OPT-170)
Information: Changed wire load model for 'DW02_mult' from '(none)' to 'ForQA'. (OPT-170)
Information: Changed wire load model for '*MULT_TC_OP_8_4_12' from '(none)' to 'ForQA'. (OPT-170)
Information: Changed wire load model for 'DW01_add_width32' from '(none)' to 'ForQA'. (OPT-170)
Information: Changed wire load model for '*ADD_UNS_OP_32_32_32' from '(none)' to 'ForQA'. (OPT-170)
Information: Changed wire load model for 'DW02_mult' from '(none)' to 'ForQA'. (OPT-170)
Information: Changed wire load model for '*MULT_TC_OP_8_4_12' from '(none)' to 'ForQA'. (OPT-170)
Information: Changed wire load model for 'DW01_add_width32' from '(none)' to 'ForQA'. (OPT-170)
Information: Changed wire load model for '*ADD_UNS_OP_32_32_32' from '(none)' to 'ForQA'. (OPT-170)
Information: Changed wire load model for 'DW02_mult' from '(none)' to 'ForQA'. (OPT-170)
Information: Changed wire load model for '*MULT_TC_OP_8_4_12' from '(none)' to 'ForQA'. (OPT-170)
Information: Changed wire load model for 'DW01_add_width32' from '(none)' to 'ForQA'. (OPT-170)
Information: Changed wire load model for '*ADD_UNS_OP_32_32_32' from '(none)' to 'ForQA'. (OPT-170)
Information: Changed wire load model for 'DW02_mult' from '(none)' to 'ForQA'. (OPT-170)
Information: Changed wire load model for '*MULT_TC_OP_8_4_12' from '(none)' to 'ForQA'. (OPT-170)
Information: Changed wire load model for 'DW01_add_width32' from '(none)' to 'ForQA'. (OPT-170)
Information: Changed wire load model for '*ADD_UNS_OP_32_32_32' from '(none)' to 'ForQA'. (OPT-170)
Information: Changed wire load model for 'DW02_mult' from '(none)' to 'ForQA'. (OPT-170)
Information: Changed wire load model for '*MULT_TC_OP_8_4_12' from '(none)' to 'ForQA'. (OPT-170)
Information: Changed wire load model for 'DW01_add_width32' from '(none)' to 'ForQA'. (OPT-170)
Information: Changed wire load model for '*ADD_UNS_OP_32_32_32' from '(none)' to 'ForQA'. (OPT-170)
Information: Changed wire load model for 'DW02_mult' from '(none)' to 'ForQA'. (OPT-170)
Information: Changed wire load model for '*MULT_TC_OP_8_4_12' from '(none)' to 'ForQA'. (OPT-170)
Information: Changed wire load model for 'DW01_add_width32' from '(none)' to 'ForQA'. (OPT-170)
Information: Changed wire load model for '*ADD_UNS_OP_32_32_32' from '(none)' to 'ForQA'. (OPT-170)
Information: Changed wire load model for 'DW02_mult' from '(none)' to 'ForQA'. (OPT-170)
Information: Changed wire load model for '*MULT_TC_OP_8_4_12' from '(none)' to 'ForQA'. (OPT-170)
Information: Changed wire load model for 'DW01_add_width32' from '(none)' to 'ForQA'. (OPT-170)
Information: Changed wire load model for '*ADD_UNS_OP_32_32_32' from '(none)' to 'ForQA'. (OPT-170)
Information: Changed wire load model for 'DW02_mult' from '(none)' to 'ForQA'. (OPT-170)
Information: Changed wire load model for '*MULT_TC_OP_8_4_12' from '(none)' to 'ForQA'. (OPT-170)
Information: Changed wire load model for 'DW01_add_width32' from '(none)' to 'ForQA'. (OPT-170)
Information: Changed wire load model for '*ADD_UNS_OP_32_32_32' from '(none)' to 'ForQA'. (OPT-170)
Information: Changed wire load model for 'DW02_mult' from '(none)' to 'ForQA'. (OPT-170)
Information: Changed wire load model for '*MULT_TC_OP_8_4_12' from '(none)' to 'ForQA'. (OPT-170)
Information: Changed wire load model for 'DW01_add_width32' from '(none)' to 'ForQA'. (OPT-170)
Information: Changed wire load model for '*ADD_UNS_OP_32_32_32' from '(none)' to 'ForQA'. (OPT-170)
Information: Changed wire load model for 'DW02_mult' from '(none)' to 'ForQA'. (OPT-170)
Information: Changed wire load model for '*MULT_TC_OP_8_4_12' from '(none)' to 'ForQA'. (OPT-170)
Information: Changed wire load model for 'DW01_add_width32' from '(none)' to 'ForQA'. (OPT-170)
Information: Changed wire load model for '*ADD_UNS_OP_32_32_32' from '(none)' to 'ForQA'. (OPT-170)
Information: Changed wire load model for 'DW02_mult' from '(none)' to 'ForQA'. (OPT-170)
Information: Changed wire load model for '*MULT_TC_OP_8_4_12' from '(none)' to 'ForQA'. (OPT-170)
Information: Changed wire load model for 'DW01_add_width32' from '(none)' to 'ForQA'. (OPT-170)
Information: Changed wire load model for '*ADD_UNS_OP_32_32_32' from '(none)' to 'ForQA'. (OPT-170)
Information: Changed wire load model for 'DW02_mult' from '(none)' to 'ForQA'. (OPT-170)
Information: Changed wire load model for '*MULT_TC_OP_8_4_12' from '(none)' to 'ForQA'. (OPT-170)
Information: Changed wire load model for 'DW01_add_width32' from '(none)' to 'ForQA'. (OPT-170)
Information: Changed wire load model for '*ADD_UNS_OP_32_32_32' from '(none)' to 'ForQA'. (OPT-170)
Information: Changed wire load model for 'DW02_mult' from '(none)' to 'ForQA'. (OPT-170)
Information: Changed wire load model for '*MULT_TC_OP_8_4_12' from '(none)' to 'ForQA'. (OPT-170)
Information: Changed wire load model for 'DW01_add_width32' from '(none)' to 'ForQA'. (OPT-170)
Information: Changed wire load model for '*ADD_UNS_OP_32_32_32' from '(none)' to 'ForQA'. (OPT-170)
Information: Changed wire load model for 'DW02_mult' from '(none)' to 'ForQA'. (OPT-170)
Information: Changed wire load model for '*MULT_TC_OP_8_4_12' from '(none)' to 'ForQA'. (OPT-170)
Information: Changed wire load model for 'DW01_add_width32' from '(none)' to 'ForQA'. (OPT-170)
Information: Changed wire load model for '*ADD_UNS_OP_32_32_32' from '(none)' to 'ForQA'. (OPT-170)
Information: Changed wire load model for 'DW02_mult' from '(none)' to 'ForQA'. (OPT-170)
Information: Changed wire load model for '*MULT_TC_OP_8_4_12' from '(none)' to 'ForQA'. (OPT-170)
Information: Changed wire load model for 'DW01_add_width32' from '(none)' to 'ForQA'. (OPT-170)
Information: Changed wire load model for '*ADD_UNS_OP_32_32_32' from '(none)' to 'ForQA'. (OPT-170)
Information: Changed wire load model for 'DW02_mult' from '(none)' to 'ForQA'. (OPT-170)
Information: Changed wire load model for '*MULT_TC_OP_8_4_12' from '(none)' to 'ForQA'. (OPT-170)
Information: Changed wire load model for 'DW01_add_width32' from '(none)' to 'ForQA'. (OPT-170)
Information: Changed wire load model for '*ADD_UNS_OP_32_32_32' from '(none)' to 'ForQA'. (OPT-170)
Information: Changed wire load model for 'DW02_mult' from '(none)' to 'ForQA'. (OPT-170)
Information: Changed wire load model for '*MULT_TC_OP_8_4_12' from '(none)' to 'ForQA'. (OPT-170)
Information: Changed wire load model for 'DW01_add_width32' from '(none)' to 'ForQA'. (OPT-170)
Information: Changed wire load model for '*ADD_UNS_OP_32_32_32' from '(none)' to 'ForQA'. (OPT-170)
Information: Changed wire load model for 'DW02_mult' from '(none)' to 'ForQA'. (OPT-170)
Information: Changed wire load model for '*MULT_TC_OP_8_4_12' from '(none)' to 'ForQA'. (OPT-170)
Information: Changed wire load model for 'DW01_add_width32' from '(none)' to 'ForQA'. (OPT-170)
Information: Changed wire load model for '*ADD_UNS_OP_32_32_32' from '(none)' to 'ForQA'. (OPT-170)
Information: Changed wire load model for 'DW02_mult' from '(none)' to 'ForQA'. (OPT-170)
Information: Changed wire load model for '*MULT_TC_OP_8_4_12' from '(none)' to 'ForQA'. (OPT-170)
Information: Changed wire load model for 'DW01_add_width32' from '(none)' to 'ForQA'. (OPT-170)
Information: Changed wire load model for '*ADD_UNS_OP_32_32_32' from '(none)' to 'ForQA'. (OPT-170)
Information: Changed wire load model for 'DW02_mult' from '(none)' to 'ForQA'. (OPT-170)
Information: Changed wire load model for '*MULT_TC_OP_8_4_12' from '(none)' to 'ForQA'. (OPT-170)
Information: Changed wire load model for 'DW01_add_width32' from '(none)' to 'ForQA'. (OPT-170)
Information: Changed wire load model for '*ADD_UNS_OP_32_32_32' from '(none)' to 'ForQA'. (OPT-170)
Information: Changed wire load model for 'DW02_mult' from '(none)' to 'ForQA'. (OPT-170)
Information: Changed wire load model for '*MULT_TC_OP_8_4_12' from '(none)' to 'ForQA'. (OPT-170)
Information: Changed wire load model for 'DW01_add_width32' from '(none)' to 'ForQA'. (OPT-170)
Information: Changed wire load model for '*ADD_UNS_OP_32_32_32' from '(none)' to 'ForQA'. (OPT-170)
Information: Changed wire load model for 'DW02_mult' from '(none)' to 'ForQA'. (OPT-170)
Information: Changed wire load model for '*MULT_TC_OP_8_4_12' from '(none)' to 'ForQA'. (OPT-170)
Information: Changed wire load model for 'DW02_mult' from '(none)' to 'ForQA'. (OPT-170)
Information: Changed wire load model for '*MULT_TC_OP_8_4_12' from '(none)' to 'ForQA'. (OPT-170)
Information: Changed wire load model for 'DW02_mult' from '(none)' to 'ForQA'. (OPT-170)
Information: Changed wire load model for '*MULT_TC_OP_8_4_12' from '(none)' to 'ForQA'. (OPT-170)
Information: Changed wire load model for 'DW02_mult' from '(none)' to 'ForQA'. (OPT-170)
Information: Changed wire load model for '*MULT_TC_OP_8_4_12' from '(none)' to 'ForQA'. (OPT-170)
Information: Changed wire load model for 'DW02_mult' from '(none)' to 'ForQA'. (OPT-170)
Information: Changed wire load model for '*MULT_TC_OP_8_4_12' from '(none)' to 'ForQA'. (OPT-170)
Information: Changed wire load model for 'DW01_cmp2_width32' from '(none)' to 'ForQA'. (OPT-170)
Information: Changed wire load model for '*GEQ_TC_OP_32_32_1' from '(none)' to 'ForQA'. (OPT-170)
Information: Changed wire load model for 'DW01_cmp2_width32' from '(none)' to 'ForQA'. (OPT-170)
Information: Changed wire load model for '*GEQ_TC_OP_32_32_1' from '(none)' to 'ForQA'. (OPT-170)
Information: Changed wire load model for 'DW01_cmp2_width32' from '(none)' to 'ForQA'. (OPT-170)
Information: Changed wire load model for '*GEQ_TC_OP_32_32_1' from '(none)' to 'ForQA'. (OPT-170)
Information: Changed wire load model for 'DW01_add_width10' from '(none)' to 'ForQA'. (OPT-170)
Information: Changed wire load model for '*ADD_UNS_OP_10_10_10' from '(none)' to 'ForQA'. (OPT-170)
Information: Changed wire load model for 'DW01_add_width10' from '(none)' to 'ForQA'. (OPT-170)
Information: Changed wire load model for '*ADD_UNS_OP_10_10_10' from '(none)' to 'ForQA'. (OPT-170)
Information: Changed wire load model for 'DW01_add_width10' from '(none)' to 'ForQA'. (OPT-170)
Information: Changed wire load model for '*ADD_UNS_OP_10_10_10' from '(none)' to 'ForQA'. (OPT-170)
Information: Changed wire load model for 'DW01_add_width10' from '(none)' to 'ForQA'. (OPT-170)
Information: Changed wire load model for '*ADD_UNS_OP_10_10_10' from '(none)' to 'ForQA'. (OPT-170)
Information: Changed wire load model for 'DW01_add_width10' from '(none)' to 'ForQA'. (OPT-170)
Information: Changed wire load model for '*ADD_UNS_OP_10_10_10' from '(none)' to 'ForQA'. (OPT-170)
Information: Changed wire load model for 'DW01_add_width10' from '(none)' to 'ForQA'. (OPT-170)
Information: Changed wire load model for '*ADD_UNS_OP_10_10_10' from '(none)' to 'ForQA'. (OPT-170)
Information: Changed wire load model for 'DW01_inc_width4' from '(none)' to 'ForQA'. (OPT-170)
Information: Changed wire load model for '*ADD_UNS_OP_4_1_4' from '(none)' to 'ForQA'. (OPT-170)
Information: Changed wire load model for 'DW01_inc_width4' from '(none)' to 'ForQA'. (OPT-170)
Information: Changed wire load model for '*ADD_UNS_OP_4_1_4' from '(none)' to 'ForQA'. (OPT-170)
Information: Changed wire load model for 'DW01_inc_width4' from '(none)' to 'ForQA'. (OPT-170)
Information: Changed wire load model for '*ADD_UNS_OP_4_1_4' from '(none)' to 'ForQA'. (OPT-170)
Information: Changed wire load model for 'DW01_inc_width4' from '(none)' to 'ForQA'. (OPT-170)
Information: Changed wire load model for '*ADD_UNS_OP_4_1_4' from '(none)' to 'ForQA'. (OPT-170)
Information: Changed wire load model for 'DW01_add_width10' from '(none)' to 'ForQA'. (OPT-170)
Information: Changed wire load model for '*ADD_UNS_OP_10_10_10' from '(none)' to 'ForQA'. (OPT-170)
Information: Changed wire load model for 'DW01_add_width10' from '(none)' to 'ForQA'. (OPT-170)
Information: Changed wire load model for '*ADD_UNS_OP_10_10_10' from '(none)' to 'ForQA'. (OPT-170)
Information: Changed wire load model for 'DW01_add_width10' from '(none)' to 'ForQA'. (OPT-170)
Information: Changed wire load model for '*ADD_UNS_OP_10_10_10' from '(none)' to 'ForQA'. (OPT-170)
Information: Changed wire load model for 'DW01_add_width10' from '(none)' to 'ForQA'. (OPT-170)
Information: Changed wire load model for '*ADD_UNS_OP_10_10_10' from '(none)' to 'ForQA'. (OPT-170)
Information: Changed wire load model for 'DW01_add_width10' from '(none)' to 'ForQA'. (OPT-170)
Information: Changed wire load model for '*ADD_UNS_OP_10_10_10' from '(none)' to 'ForQA'. (OPT-170)
Information: Changed wire load model for 'DW01_add_width10' from '(none)' to 'ForQA'. (OPT-170)
Information: Changed wire load model for '*ADD_UNS_OP_10_10_10' from '(none)' to 'ForQA'. (OPT-170)
Information: Changed wire load model for 'DW01_add_width10' from '(none)' to 'ForQA'. (OPT-170)
Information: Changed wire load model for '*ADD_UNS_OP_10_10_10' from '(none)' to 'ForQA'. (OPT-170)
Information: Changed wire load model for 'DW01_add_width10' from '(none)' to 'ForQA'. (OPT-170)
Information: Changed wire load model for '*ADD_UNS_OP_10_10_10' from '(none)' to 'ForQA'. (OPT-170)
Information: Changed wire load model for 'DW01_add_width10' from '(none)' to 'ForQA'. (OPT-170)
Information: Changed wire load model for '*ADD_UNS_OP_10_10_10' from '(none)' to 'ForQA'. (OPT-170)
Information: Changed wire load model for 'DW01_add_width10' from '(none)' to 'ForQA'. (OPT-170)
Information: Changed wire load model for '*ADD_UNS_OP_10_10_10' from '(none)' to 'ForQA'. (OPT-170)
Information: Changed wire load model for 'DW01_add_width10' from '(none)' to 'ForQA'. (OPT-170)
Information: Changed wire load model for '*ADD_UNS_OP_10_10_10' from '(none)' to 'ForQA'. (OPT-170)
Information: Changed wire load model for 'DW01_add_width10' from '(none)' to 'ForQA'. (OPT-170)
Information: Changed wire load model for '*ADD_UNS_OP_10_10_10' from '(none)' to 'ForQA'. (OPT-170)
Information: Changed wire load model for 'DW01_add_width10' from '(none)' to 'ForQA'. (OPT-170)
Information: Changed wire load model for '*ADD_UNS_OP_10_10_10' from '(none)' to 'ForQA'. (OPT-170)
Information: Changed wire load model for 'DW01_add_width10' from '(none)' to 'ForQA'. (OPT-170)
Information: Changed wire load model for '*ADD_UNS_OP_10_10_10' from '(none)' to 'ForQA'. (OPT-170)
Information: Changed wire load model for 'DW01_add_width10' from '(none)' to 'ForQA'. (OPT-170)
Information: Changed wire load model for '*ADD_UNS_OP_10_10_10' from '(none)' to 'ForQA'. (OPT-170)
Information: Changed wire load model for 'DW01_add_width10' from '(none)' to 'ForQA'. (OPT-170)
Information: Changed wire load model for '*ADD_UNS_OP_10_10_10' from '(none)' to 'ForQA'. (OPT-170)
Information: Changed wire load model for 'DW01_add_width10' from '(none)' to 'ForQA'. (OPT-170)
Information: Changed wire load model for '*ADD_UNS_OP_10_10_10' from '(none)' to 'ForQA'. (OPT-170)
Information: Changed wire load model for 'DW01_add_width10' from '(none)' to 'ForQA'. (OPT-170)
Information: Changed wire load model for '*ADD_UNS_OP_10_10_10' from '(none)' to 'ForQA'. (OPT-170)
Information: Changed wire load model for 'DW01_sub_width10' from '(none)' to 'ForQA'. (OPT-170)
Information: Changed wire load model for '*SUB_UNS_OP_10_7_10' from '(none)' to 'ForQA'. (OPT-170)
Information: Changed wire load model for 'DW01_sub_width10' from '(none)' to 'ForQA'. (OPT-170)
Information: Changed wire load model for '*SUB_UNS_OP_10_7_10' from '(none)' to 'ForQA'. (OPT-170)
Information: Changed wire load model for 'DW01_sub_width10' from '(none)' to 'ForQA'. (OPT-170)
Information: Changed wire load model for '*SUB_UNS_OP_10_7_10' from '(none)' to 'ForQA'. (OPT-170)
Information: Changed wire load model for 'DW01_sub_width10' from '(none)' to 'ForQA'. (OPT-170)
Information: Changed wire load model for '*SUB_UNS_OP_10_7_10' from '(none)' to 'ForQA'. (OPT-170)
Information: Changed wire load model for 'DW01_sub_width10' from '(none)' to 'ForQA'. (OPT-170)
Information: Changed wire load model for '*SUB_UNS_OP_10_7_10' from '(none)' to 'ForQA'. (OPT-170)
Information: Changed wire load model for 'DW01_sub_width10' from '(none)' to 'ForQA'. (OPT-170)
Information: Changed wire load model for '*SUB_UNS_OP_10_7_10' from '(none)' to 'ForQA'. (OPT-170)
Information: Changed wire load model for 'DW01_sub_width10' from '(none)' to 'ForQA'. (OPT-170)
Information: Changed wire load model for '*SUB_UNS_OP_10_7_10' from '(none)' to 'ForQA'. (OPT-170)
Information: Changed wire load model for 'DW01_sub_width10' from '(none)' to 'ForQA'. (OPT-170)
Information: Changed wire load model for '*SUB_UNS_OP_10_7_10' from '(none)' to 'ForQA'. (OPT-170)
Information: Changed wire load model for 'DW01_sub_width10' from '(none)' to 'ForQA'. (OPT-170)
Information: Changed wire load model for '*SUB_UNS_OP_10_7_10' from '(none)' to 'ForQA'. (OPT-170)
Information: Changed wire load model for 'DW01_sub_width10' from '(none)' to 'ForQA'. (OPT-170)
Information: Changed wire load model for '*SUB_UNS_OP_10_7_10' from '(none)' to 'ForQA'. (OPT-170)
Information: Changed wire load model for 'DW01_sub_width10' from '(none)' to 'ForQA'. (OPT-170)
Information: Changed wire load model for '*SUB_UNS_OP_10_7_10' from '(none)' to 'ForQA'. (OPT-170)
Information: Changed wire load model for 'DW01_sub_width10' from '(none)' to 'ForQA'. (OPT-170)
Information: Changed wire load model for '*SUB_UNS_OP_10_7_10' from '(none)' to 'ForQA'. (OPT-170)
Information: Changed wire load model for 'DW01_sub_width10' from '(none)' to 'ForQA'. (OPT-170)
Information: Changed wire load model for '*SUB_UNS_OP_10_7_10' from '(none)' to 'ForQA'. (OPT-170)
Information: Changed wire load model for 'DW01_sub_width10' from '(none)' to 'ForQA'. (OPT-170)
Information: Changed wire load model for '*SUB_UNS_OP_10_7_10' from '(none)' to 'ForQA'. (OPT-170)
Information: Changed wire load model for 'DW01_sub_width10' from '(none)' to 'ForQA'. (OPT-170)
Information: Changed wire load model for '*SUB_UNS_OP_10_7_10' from '(none)' to 'ForQA'. (OPT-170)
Information: Changed wire load model for 'DW01_sub_width10' from '(none)' to 'ForQA'. (OPT-170)
Information: Changed wire load model for '*SUB_UNS_OP_10_7_10' from '(none)' to 'ForQA'. (OPT-170)
Information: Changed wire load model for 'DW01_sub_width10' from '(none)' to 'ForQA'. (OPT-170)
Information: Changed wire load model for '*SUB_UNS_OP_10_7_10' from '(none)' to 'ForQA'. (OPT-170)
Information: Changed wire load model for 'DW01_sub_width10' from '(none)' to 'ForQA'. (OPT-170)
Information: Changed wire load model for '*SUB_UNS_OP_10_7_10' from '(none)' to 'ForQA'. (OPT-170)
Information: Changed wire load model for 'DW01_inc_width2' from '(none)' to 'ForQA'. (OPT-170)
Information: Changed wire load model for '*ADD_UNS_OP_2_1_2' from '(none)' to 'ForQA'. (OPT-170)
Information: Changed wire load model for 'DW01_inc_width8' from '(none)' to 'ForQA'. (OPT-170)
Information: Changed wire load model for '*ADD_UNS_OP_8_1_8' from '(none)' to 'ForQA'. (OPT-170)
Information: Changed wire load model for 'DW01_inc_width8' from '(none)' to 'ForQA'. (OPT-170)
Information: Changed wire load model for '*ADD_UNS_OP_8_1_8' from '(none)' to 'ForQA'. (OPT-170)
Information: Changed wire load model for 'DW01_inc_width10' from '(none)' to 'ForQA'. (OPT-170)
Information: Changed wire load model for '*ADD_UNS_OP_10_1_10' from '(none)' to 'ForQA'. (OPT-170)
Information: Changed wire load model for 'DW01_inc_width10' from '(none)' to 'ForQA'. (OPT-170)
Information: Changed wire load model for '*ADD_UNS_OP_10_1_10' from '(none)' to 'ForQA'. (OPT-170)
Information: Changed wire load model for 'DW01_inc_width10' from '(none)' to 'ForQA'. (OPT-170)
Information: Changed wire load model for '*ADD_UNS_OP_10_1_10' from '(none)' to 'ForQA'. (OPT-170)
Information: Changed wire load model for 'DW01_inc_width10' from '(none)' to 'ForQA'. (OPT-170)
Information: Changed wire load model for '*ADD_UNS_OP_10_1_10' from '(none)' to 'ForQA'. (OPT-170)
Information: Changed wire load model for 'DW01_inc_width10' from '(none)' to 'ForQA'. (OPT-170)
Information: Changed wire load model for '*ADD_UNS_OP_10_1_10' from '(none)' to 'ForQA'. (OPT-170)
Information: Changed wire load model for 'DW01_inc_width10' from '(none)' to 'ForQA'. (OPT-170)
Information: Changed wire load model for '*ADD_UNS_OP_10_1_10' from '(none)' to 'ForQA'. (OPT-170)
Information: Changed wire load model for 'DW01_inc_width10' from '(none)' to 'ForQA'. (OPT-170)
Information: Changed wire load model for '*ADD_UNS_OP_10_1_10' from '(none)' to 'ForQA'. (OPT-170)
Information: Changed wire load model for 'DW01_inc_width10' from '(none)' to 'ForQA'. (OPT-170)
Information: Changed wire load model for '*ADD_UNS_OP_10_1_10' from '(none)' to 'ForQA'. (OPT-170)
Information: Changed wire load model for 'DW01_inc_width10' from '(none)' to 'ForQA'. (OPT-170)
Information: Changed wire load model for '*ADD_UNS_OP_10_1_10' from '(none)' to 'ForQA'. (OPT-170)
Information: Changed wire load model for 'DW01_add_width10' from '(none)' to 'ForQA'. (OPT-170)
Information: Changed wire load model for '*ADD_UNS_OP_10_10_10' from '(none)' to 'ForQA'. (OPT-170)
Information: Changed wire load model for 'DW01_add_width10' from '(none)' to 'ForQA'. (OPT-170)
Information: Changed wire load model for '*ADD_UNS_OP_10_10_10' from '(none)' to 'ForQA'. (OPT-170)
Information: Changed wire load model for 'DW01_add_width10' from '(none)' to 'ForQA'. (OPT-170)
Information: Changed wire load model for '*ADD_UNS_OP_10_10_10' from '(none)' to 'ForQA'. (OPT-170)
Information: Changed wire load model for 'DW01_add_width10' from '(none)' to 'ForQA'. (OPT-170)
Information: Changed wire load model for '*ADD_UNS_OP_10_10_10' from '(none)' to 'ForQA'. (OPT-170)
Information: Changed wire load model for 'DW01_add_width10' from '(none)' to 'ForQA'. (OPT-170)
Information: Changed wire load model for '*ADD_UNS_OP_10_10_10' from '(none)' to 'ForQA'. (OPT-170)
Information: Changed wire load model for 'DW01_add_width10' from '(none)' to 'ForQA'. (OPT-170)
Information: Changed wire load model for '*ADD_UNS_OP_10_10_10' from '(none)' to 'ForQA'. (OPT-170)
Information: Changed wire load model for 'DW01_inc_width10' from '(none)' to 'ForQA'. (OPT-170)
Information: Changed wire load model for '*ADD_UNS_OP_10_1_10' from '(none)' to 'ForQA'. (OPT-170)
Information: Changed wire load model for 'DW01_inc_width10' from '(none)' to 'ForQA'. (OPT-170)
Information: Changed wire load model for '*ADD_UNS_OP_10_1_10' from '(none)' to 'ForQA'. (OPT-170)
Information: Changed wire load model for 'DW01_inc_width10' from '(none)' to 'ForQA'. (OPT-170)
Information: Changed wire load model for '*ADD_UNS_OP_10_1_10' from '(none)' to 'ForQA'. (OPT-170)
Information: Changed wire load model for 'DW01_inc_width10' from '(none)' to 'ForQA'. (OPT-170)
Information: Changed wire load model for '*ADD_UNS_OP_10_1_10' from '(none)' to 'ForQA'. (OPT-170)
Information: Changed wire load model for 'DW01_inc_width10' from '(none)' to 'ForQA'. (OPT-170)
Information: Changed wire load model for '*ADD_UNS_OP_10_1_10' from '(none)' to 'ForQA'. (OPT-170)
Information: Changed wire load model for 'DW01_inc_width10' from '(none)' to 'ForQA'. (OPT-170)
Information: Changed wire load model for '*ADD_UNS_OP_10_1_10' from '(none)' to 'ForQA'. (OPT-170)
Information: Changed wire load model for 'DW01_inc_width10' from '(none)' to 'ForQA'. (OPT-170)
Information: Changed wire load model for '*ADD_UNS_OP_10_1_10' from '(none)' to 'ForQA'. (OPT-170)
Information: Changed wire load model for 'DW01_inc_width10' from '(none)' to 'ForQA'. (OPT-170)
Information: Changed wire load model for '*ADD_UNS_OP_10_1_10' from '(none)' to 'ForQA'. (OPT-170)
Information: Changed wire load model for 'DW01_inc_width10' from '(none)' to 'ForQA'. (OPT-170)
Information: Changed wire load model for '*ADD_UNS_OP_10_1_10' from '(none)' to 'ForQA'. (OPT-170)
Information: Changed wire load model for 'DW01_sub_width17' from '(none)' to 'ForQA'. (OPT-170)
Information: Changed wire load model for '*SUB_UNS_OP_17_5_17' from '(none)' to 'ForQA'. (OPT-170)
Information: Changed wire load model for 'DW01_inc_width10' from '(none)' to 'ForQA'. (OPT-170)
Information: Changed wire load model for '*ADD_UNS_OP_10_1_10' from '(none)' to 'ForQA'. (OPT-170)
Information: Changed wire load model for 'DW01_inc_width10' from '(none)' to 'ForQA'. (OPT-170)
Information: Changed wire load model for '*ADD_UNS_OP_10_1_10' from '(none)' to 'ForQA'. (OPT-170)
Information: Changed wire load model for 'DW01_inc_width5' from '(none)' to 'ForQA'. (OPT-170)
Information: Changed wire load model for '*ADD_UNS_OP_5_1_5' from '(none)' to 'ForQA'. (OPT-170)
Information: Changed wire load model for 'DW01_add_width10' from '(none)' to 'ForQA'. (OPT-170)
Information: Changed wire load model for '*ADD_UNS_OP_10_3_10' from '(none)' to 'ForQA'. (OPT-170)
Information: Changed wire load model for 'DW01_add_width10' from '(none)' to 'ForQA'. (OPT-170)
Information: Changed wire load model for '*ADD_UNS_OP_10_3_10' from '(none)' to 'ForQA'. (OPT-170)
Information: Changed wire load model for 'DW01_add_width10' from '(none)' to 'ForQA'. (OPT-170)
Information: Changed wire load model for '*ADD_UNS_OP_10_3_10' from '(none)' to 'ForQA'. (OPT-170)
Information: Changed wire load model for 'DW01_add_width10' from '(none)' to 'ForQA'. (OPT-170)
Information: Changed wire load model for '*ADD_UNS_OP_10_3_10' from '(none)' to 'ForQA'. (OPT-170)
Information: Changed wire load model for 'DW01_add_width10' from '(none)' to 'ForQA'. (OPT-170)
Information: Changed wire load model for '*ADD_UNS_OP_10_3_10' from '(none)' to 'ForQA'. (OPT-170)
Information: Changed wire load model for 'DW01_add_width10' from '(none)' to 'ForQA'. (OPT-170)
Information: Changed wire load model for '*ADD_UNS_OP_10_3_10' from '(none)' to 'ForQA'. (OPT-170)
Information: Changed wire load model for 'DW01_add_width10' from '(none)' to 'ForQA'. (OPT-170)
Information: Changed wire load model for '*ADD_UNS_OP_10_3_10' from '(none)' to 'ForQA'. (OPT-170)
Information: Changed wire load model for 'DW01_add_width10' from '(none)' to 'ForQA'. (OPT-170)
Information: Changed wire load model for '*ADD_UNS_OP_10_3_10' from '(none)' to 'ForQA'. (OPT-170)
Information: Changed wire load model for 'DW01_add_width10' from '(none)' to 'ForQA'. (OPT-170)
Information: Changed wire load model for '*ADD_UNS_OP_10_3_10' from '(none)' to 'ForQA'. (OPT-170)
Information: Changed wire load model for 'DW01_inc_width5' from '(none)' to 'ForQA'. (OPT-170)
Information: Changed wire load model for '*ADD_UNS_OP_5_1_5' from '(none)' to 'ForQA'. (OPT-170)
Information: Changed wire load model for 'DW01_dec_width10' from '(none)' to 'ForQA'. (OPT-170)
Information: Changed wire load model for '*SUB_UNS_OP_10_1_10' from '(none)' to 'ForQA'. (OPT-170)
Information: Changed wire load model for 'DW01_inc_width10' from '(none)' to 'ForQA'. (OPT-170)
Information: Changed wire load model for '*ADD_UNS_OP_10_1_10' from '(none)' to 'ForQA'. (OPT-170)
Information: Changed wire load model for 'DW01_inc_width10' from '(none)' to 'ForQA'. (OPT-170)
Information: Changed wire load model for '*ADD_UNS_OP_10_1_10' from '(none)' to 'ForQA'. (OPT-170)
Information: Changed wire load model for 'DW01_inc_width10' from '(none)' to 'ForQA'. (OPT-170)
Information: Changed wire load model for '*ADD_UNS_OP_10_1_10' from '(none)' to 'ForQA'. (OPT-170)
Information: Changed wire load model for 'DW01_inc_width10' from '(none)' to 'ForQA'. (OPT-170)
Information: Changed wire load model for '*ADD_UNS_OP_10_1_10' from '(none)' to 'ForQA'. (OPT-170)
Information: Changed wire load model for 'DW01_inc_width10' from '(none)' to 'ForQA'. (OPT-170)
Information: Changed wire load model for '*ADD_UNS_OP_10_1_10' from '(none)' to 'ForQA'. (OPT-170)
Information: Changed wire load model for 'DW01_inc_width10' from '(none)' to 'ForQA'. (OPT-170)
Information: Changed wire load model for '*ADD_UNS_OP_10_1_10' from '(none)' to 'ForQA'. (OPT-170)
Information: Changed wire load model for 'DW01_inc_width2' from '(none)' to 'ForQA'. (OPT-170)
Information: Changed wire load model for '*ADD_UNS_OP_2_1_2' from '(none)' to 'ForQA'. (OPT-170)
Information: Changed wire load model for 'DW01_inc_width10' from '(none)' to 'ForQA'. (OPT-170)
Information: Changed wire load model for '*ADD_UNS_OP_10_1_10' from '(none)' to 'ForQA'. (OPT-170)
Information: Changed wire load model for 'DW01_inc_width10' from '(none)' to 'ForQA'. (OPT-170)
Information: Changed wire load model for '*ADD_UNS_OP_10_1_10' from '(none)' to 'ForQA'. (OPT-170)
Information: Changed wire load model for 'DW01_add_width9' from '(none)' to 'ForQA'. (OPT-170)
Information: Changed wire load model for '*ADD_UNS_OP_8_4_9' from '(none)' to 'ForQA'. (OPT-170)
Information: Changed wire load model for 'DW01_add_width7' from '(none)' to 'ForQA'. (OPT-170)
Information: Changed wire load model for '*ADD_UNS_OP_6_4_7' from '(none)' to 'ForQA'. (OPT-170)
Information: Changed wire load model for 'DW02_mult' from '(none)' to 'ForQA'. (OPT-170)
Information: Changed wire load model for '*MULT_UNS_OP_4_4_8' from '(none)' to 'ForQA'. (OPT-170)
Information: Changed wire load model for 'DW01_inc_width17' from '(none)' to 'ForQA'. (OPT-170)
Information: Changed wire load model for '*ADD_UNS_OP_17_1_17' from '(none)' to 'ForQA'. (OPT-170)
Information: Changed wire load model for 'DW01_inc_width17' from '(none)' to 'ForQA'. (OPT-170)
Information: Changed wire load model for '*ADD_UNS_OP_17_1_17' from '(none)' to 'ForQA'. (OPT-170)
Information: Changed wire load model for 'DW01_add_width7' from '(none)' to 'ForQA'. (OPT-170)
Information: Changed wire load model for '*ADD_UNS_OP_6_4_7' from '(none)' to 'ForQA'. (OPT-170)
Information: Changed wire load model for 'DW01_cmp2_width7' from '(none)' to 'ForQA'. (OPT-170)
Information: Changed wire load model for '*GEQ_UNS_OP_7_4_1' from '(none)' to 'ForQA'. (OPT-170)
Information: Changed wire load model for 'DW01_cmp2_width9' from '(none)' to 'ForQA'. (OPT-170)
Information: Changed wire load model for '*GEQ_UNS_OP_9_8_1' from '(none)' to 'ForQA'. (OPT-170)
Information: Changed wire load model for 'DW01_cmp2_width7' from '(none)' to 'ForQA'. (OPT-170)
Information: Changed wire load model for '*GEQ_UNS_OP_7_4_1' from '(none)' to 'ForQA'. (OPT-170)
Information: Updating design information... (UID-85)
Warning: Design 'conv_top' contains 4 high-fanout nets. A fanout number of 1000 will be used for delay calculations involving these nets. (TIM-134)

Information: Checking generated_clocks...

Information: Checking loops...

Information: Checking no_input_delay...

Information: Checking unconstrained_endpoints...

Information: Checking pulse_clock_cell_type...

Information: Checking no_driving_cell...

Information: Checking partial_input_delay...
1
