 
****************************************
Report : timing
        -path full
        -delay min
        -max_paths 4
Design : conv_top
Version: G-2012.06-SP5
Date   : Sun Dec 31 19:54:47 2017
****************************************

 # A fanout number of 1000 was used for high fanout net computations.

Operating Conditions: ss0p95v125c   Library: saed32hvt_ss0p95v125c
Wire Load Model Mode: enclosed

  Startpoint: bias_sel/clk_gate_bias_data_reg/latch
              (positive level-sensitive latch clocked by clk')
  Endpoint: bias_sel/clk_gate_bias_data_reg/main_gate
            (gating element for clock clk)
  Path Group: clk
  Path Type: min

  Des/Clust/Port     Wire Load Model       Library
  ------------------------------------------------
  SNPS_CLOCK_GATE_HIGH_bias_sel_mydesign_1
                     ForQA                 saed32hvt_ss0p95v125c

  Point                                                   Incr       Path
  --------------------------------------------------------------------------
  clock clk' (rise edge)                                  2.50       2.50
  clock network delay (ideal)                             0.00       2.50
  bias_sel/clk_gate_bias_data_reg/latch/CLK (LATCHX1_HVT)
                                                          0.00       2.50 r
  bias_sel/clk_gate_bias_data_reg/latch/Q (LATCHX1_HVT)
                                                          0.11       2.61 f
  bias_sel/clk_gate_bias_data_reg/main_gate/A1 (AND2X1_HVT)
                                                          0.00       2.61 f
  data arrival time                                                  2.61

  clock clk (fall edge)                                   2.50       2.50
  clock network delay (ideal)                             0.00       2.50
  bias_sel/clk_gate_bias_data_reg/main_gate/A2 (AND2X1_HVT)
                                                          0.00       2.50 f
  clock gating hold time                                  0.00       2.50
  data required time                                                 2.50
  --------------------------------------------------------------------------
  data required time                                                 2.50
  data arrival time                                                 -2.61
  --------------------------------------------------------------------------
  slack (MET)                                                        0.11


  Startpoint: bias_sel/clk_gate_conv_weight_box_reg_0_/latch
              (positive level-sensitive latch clocked by clk')
  Endpoint: bias_sel/clk_gate_conv_weight_box_reg_0_/main_gate
            (gating element for clock clk)
  Path Group: clk
  Path Type: min

  Des/Clust/Port     Wire Load Model       Library
  ------------------------------------------------
  SNPS_CLOCK_GATE_HIGH_bias_sel_mydesign_0
                     ForQA                 saed32hvt_ss0p95v125c

  Point                                                   Incr       Path
  --------------------------------------------------------------------------
  clock clk' (rise edge)                                  2.50       2.50
  clock network delay (ideal)                             0.00       2.50
  bias_sel/clk_gate_conv_weight_box_reg_0_/latch/CLK (LATCHX1_HVT)
                                                          0.00       2.50 r
  bias_sel/clk_gate_conv_weight_box_reg_0_/latch/Q (LATCHX1_HVT)
                                                          0.11       2.61 f
  bias_sel/clk_gate_conv_weight_box_reg_0_/main_gate/A1 (AND2X1_HVT)
                                                          0.00       2.61 f
  data arrival time                                                  2.61

  clock clk (fall edge)                                   2.50       2.50
  clock network delay (ideal)                             0.00       2.50
  bias_sel/clk_gate_conv_weight_box_reg_0_/main_gate/A2 (AND2X1_HVT)
                                                          0.00       2.50 f
  clock gating hold time                                  0.00       2.50
  data required time                                                 2.50
  --------------------------------------------------------------------------
  data required time                                                 2.50
  data arrival time                                                 -2.61
  --------------------------------------------------------------------------
  slack (MET)                                                        0.11


  Startpoint: bias_sel/clk_gate_conv_weight_box_reg_2_/latch
              (positive level-sensitive latch clocked by clk')
  Endpoint: bias_sel/clk_gate_conv_weight_box_reg_2_/main_gate
            (gating element for clock clk)
  Path Group: clk
  Path Type: min

  Des/Clust/Port     Wire Load Model       Library
  ------------------------------------------------
  SNPS_CLOCK_GATE_HIGH_bias_sel_mydesign_20
                     ForQA                 saed32hvt_ss0p95v125c

  Point                                                   Incr       Path
  --------------------------------------------------------------------------
  clock clk' (rise edge)                                  2.50       2.50
  clock network delay (ideal)                             0.00       2.50
  bias_sel/clk_gate_conv_weight_box_reg_2_/latch/CLK (LATCHX1_HVT)
                                                          0.00       2.50 r
  bias_sel/clk_gate_conv_weight_box_reg_2_/latch/Q (LATCHX1_HVT)
                                                          0.11       2.61 f
  bias_sel/clk_gate_conv_weight_box_reg_2_/main_gate/A1 (AND2X1_HVT)
                                                          0.00       2.61 f
  data arrival time                                                  2.61

  clock clk (fall edge)                                   2.50       2.50
  clock network delay (ideal)                             0.00       2.50
  bias_sel/clk_gate_conv_weight_box_reg_2_/main_gate/A2 (AND2X1_HVT)
                                                          0.00       2.50 f
  clock gating hold time                                  0.00       2.50
  data required time                                                 2.50
  --------------------------------------------------------------------------
  data required time                                                 2.50
  data arrival time                                                 -2.61
  --------------------------------------------------------------------------
  slack (MET)                                                        0.11


  Startpoint: bias_sel/clk_gate_conv_weight_box_reg_5_/latch
              (positive level-sensitive latch clocked by clk')
  Endpoint: bias_sel/clk_gate_conv_weight_box_reg_5_/main_gate
            (gating element for clock clk)
  Path Group: clk
  Path Type: min

  Des/Clust/Port     Wire Load Model       Library
  ------------------------------------------------
  SNPS_CLOCK_GATE_HIGH_bias_sel_mydesign_19
                     ForQA                 saed32hvt_ss0p95v125c

  Point                                                   Incr       Path
  --------------------------------------------------------------------------
  clock clk' (rise edge)                                  2.50       2.50
  clock network delay (ideal)                             0.00       2.50
  bias_sel/clk_gate_conv_weight_box_reg_5_/latch/CLK (LATCHX1_HVT)
                                                          0.00       2.50 r
  bias_sel/clk_gate_conv_weight_box_reg_5_/latch/Q (LATCHX1_HVT)
                                                          0.11       2.61 f
  bias_sel/clk_gate_conv_weight_box_reg_5_/main_gate/A1 (AND2X1_HVT)
                                                          0.00       2.61 f
  data arrival time                                                  2.61

  clock clk (fall edge)                                   2.50       2.50
  clock network delay (ideal)                             0.00       2.50
  bias_sel/clk_gate_conv_weight_box_reg_5_/main_gate/A2 (AND2X1_HVT)
                                                          0.00       2.50 f
  clock gating hold time                                  0.00       2.50
  data required time                                                 2.50
  --------------------------------------------------------------------------
  data required time                                                 2.50
  data arrival time                                                 -2.61
  --------------------------------------------------------------------------
  slack (MET)                                                        0.11


1
