 
****************************************
check_design summary:
Version:     G-2012.06-SP5
Date:        Sun Dec 31 15:34:39 2017
****************************************

                   Name                                            Total
--------------------------------------------------------------------------------
Inputs/Outputs                                                     46
    Unconnected ports (LINT-28)                                    30
    Shorted outputs (LINT-31)                                      16

Cells                                                              37
    Cells do not drive (LINT-1)                                    37
--------------------------------------------------------------------------------

Warning: In design 'conv_control', cell 'B_130' does not drive any nets. (LINT-1)
Warning: In design 'conv_control', cell 'B_132' does not drive any nets. (LINT-1)
Warning: In design 'conv_control', cell 'C4841' does not drive any nets. (LINT-1)
Warning: In design 'conv_control', cell 'C4845' does not drive any nets. (LINT-1)
Warning: In design 'conv_control', cell 'C4846' does not drive any nets. (LINT-1)
Warning: In design 'conv_control', cell 'C4850' does not drive any nets. (LINT-1)
Warning: In design 'conv_control', cell 'C4854' does not drive any nets. (LINT-1)
Warning: In design 'conv_control', cell 'C4855' does not drive any nets. (LINT-1)
Warning: In design 'conv_control', cell 'C4861' does not drive any nets. (LINT-1)
Warning: In design 'conv_control', cell 'C4869' does not drive any nets. (LINT-1)
Warning: In design 'conv_control', cell 'C4880' does not drive any nets. (LINT-1)
Warning: In design 'conv_control', cell 'C4913' does not drive any nets. (LINT-1)
Warning: In design 'conv_control', cell 'C4914' does not drive any nets. (LINT-1)
Warning: In design 'conv_control', cell 'C4918' does not drive any nets. (LINT-1)
Warning: In design 'conv_control', cell 'C4930' does not drive any nets. (LINT-1)
Warning: In design 'conv_control', cell 'C4931' does not drive any nets. (LINT-1)
Warning: In design 'conv_control', cell 'C4932' does not drive any nets. (LINT-1)
Warning: In design 'conv_control', cell 'C4958' does not drive any nets. (LINT-1)
Warning: In design 'conv_control', cell 'C4981' does not drive any nets. (LINT-1)
Warning: In design 'conv_control', cell 'C4982' does not drive any nets. (LINT-1)
Warning: In design 'conv_control', cell 'C4983' does not drive any nets. (LINT-1)
Warning: In design 'conv_control', cell 'C5000' does not drive any nets. (LINT-1)
Warning: In design 'conv_control', cell 'C5001' does not drive any nets. (LINT-1)
Warning: In design 'conv_control', cell 'C5002' does not drive any nets. (LINT-1)
Warning: In design 'conv_control', cell 'C5064' does not drive any nets. (LINT-1)
Warning: In design 'conv_control', cell 'C5069' does not drive any nets. (LINT-1)
Warning: In design 'conv_control', cell 'C5070' does not drive any nets. (LINT-1)
Warning: In design 'conv_control', cell 'C5273' does not drive any nets. (LINT-1)
Warning: In design 'conv_control', cell 'C5282' does not drive any nets. (LINT-1)
Warning: In design 'conv_control', cell 'C5283' does not drive any nets. (LINT-1)
Warning: In design 'conv_control', cell 'C5412' does not drive any nets. (LINT-1)
Warning: In design 'multiply_compare', cell 'C866' does not drive any nets. (LINT-1)
Warning: In design 'multiply_compare', cell 'C869' does not drive any nets. (LINT-1)
Warning: In design 'multiply_compare', cell 'C872' does not drive any nets. (LINT-1)
Warning: In design 'multiply_compare', cell 'C875' does not drive any nets. (LINT-1)
Warning: In design 'quantize', cell 'B_4' does not drive any nets. (LINT-1)
Warning: In design 'quantize', cell 'B_5' does not drive any nets. (LINT-1)
Warning: In design 'bias_sel', port 'conv1_bias_set[16]' is not connected to any nets. (LINT-28)
Warning: In design 'bias_sel', port 'conv1_bias_set[15]' is not connected to any nets. (LINT-28)
Warning: In design 'bias_sel', port 'conv1_bias_set[14]' is not connected to any nets. (LINT-28)
Warning: In design 'bias_sel', port 'conv1_bias_set[13]' is not connected to any nets. (LINT-28)
Warning: In design 'bias_sel', port 'conv1_bias_set[12]' is not connected to any nets. (LINT-28)
Warning: In design 'bias_sel', port 'conv1_bias_set[11]' is not connected to any nets. (LINT-28)
Warning: In design 'bias_sel', port 'conv1_bias_set[10]' is not connected to any nets. (LINT-28)
Warning: In design 'bias_sel', port 'conv1_bias_set[9]' is not connected to any nets. (LINT-28)
Warning: In design 'bias_sel', port 'conv1_bias_set[8]' is not connected to any nets. (LINT-28)
Warning: In design 'bias_sel', port 'conv1_bias_set[7]' is not connected to any nets. (LINT-28)
Warning: In design 'bias_sel', port 'conv1_bias_set[6]' is not connected to any nets. (LINT-28)
Warning: In design 'bias_sel', port 'set[7]' is not connected to any nets. (LINT-28)
Warning: In design 'bias_sel', port 'set[6]' is not connected to any nets. (LINT-28)
Warning: In design 'bias_sel', port 'sram_raddr_weight[16]' is not connected to any nets. (LINT-28)
Warning: In design 'bias_sel', port 'sram_raddr_weight[15]' is not connected to any nets. (LINT-28)
Warning: In design 'bias_sel', port 'sram_raddr_weight[14]' is not connected to any nets. (LINT-28)
Warning: In design 'bias_sel', port 'sram_raddr_weight[13]' is not connected to any nets. (LINT-28)
Warning: In design 'bias_sel', port 'sram_raddr_weight[12]' is not connected to any nets. (LINT-28)
Warning: In design 'bias_sel', port 'sram_raddr_weight[11]' is not connected to any nets. (LINT-28)
Warning: In design 'bias_sel', port 'sram_raddr_weight[10]' is not connected to any nets. (LINT-28)
Warning: In design 'bias_sel', port 'sram_raddr_weight[9]' is not connected to any nets. (LINT-28)
Warning: In design 'bias_sel', port 'sram_raddr_weight[8]' is not connected to any nets. (LINT-28)
Warning: In design 'bias_sel', port 'sram_raddr_weight[7]' is not connected to any nets. (LINT-28)
Warning: In design 'bias_sel', port 'sram_raddr_weight[6]' is not connected to any nets. (LINT-28)
Warning: In design 'bias_sel', port 'sram_raddr_weight[5]' is not connected to any nets. (LINT-28)
Warning: In design 'bias_sel', port 'sram_raddr_weight[4]' is not connected to any nets. (LINT-28)
Warning: In design 'bias_sel', port 'sram_raddr_weight[3]' is not connected to any nets. (LINT-28)
Warning: In design 'bias_sel', port 'sram_raddr_weight[2]' is not connected to any nets. (LINT-28)
Warning: In design 'bias_sel', port 'sram_raddr_weight[1]' is not connected to any nets. (LINT-28)
Warning: In design 'bias_sel', port 'sram_raddr_weight[0]' is not connected to any nets. (LINT-28)
Warning: In design 'conv_top', output port 'sram_wdata_b[7]' is connected directly to output port 'sram_wdata_d[7]'. (LINT-31)
Warning: In design 'conv_top', output port 'sram_wdata_b[7]' is connected directly to output port 'sram_wdata_c[7]'. (LINT-31)
Warning: In design 'conv_top', output port 'sram_wdata_b[6]' is connected directly to output port 'sram_wdata_d[6]'. (LINT-31)
Warning: In design 'conv_top', output port 'sram_wdata_b[6]' is connected directly to output port 'sram_wdata_c[6]'. (LINT-31)
Warning: In design 'conv_top', output port 'sram_wdata_b[5]' is connected directly to output port 'sram_wdata_d[5]'. (LINT-31)
Warning: In design 'conv_top', output port 'sram_wdata_b[5]' is connected directly to output port 'sram_wdata_c[5]'. (LINT-31)
Warning: In design 'conv_top', output port 'sram_wdata_b[4]' is connected directly to output port 'sram_wdata_d[4]'. (LINT-31)
Warning: In design 'conv_top', output port 'sram_wdata_b[4]' is connected directly to output port 'sram_wdata_c[4]'. (LINT-31)
Warning: In design 'conv_top', output port 'sram_wdata_b[3]' is connected directly to output port 'sram_wdata_d[3]'. (LINT-31)
Warning: In design 'conv_top', output port 'sram_wdata_b[3]' is connected directly to output port 'sram_wdata_c[3]'. (LINT-31)
Warning: In design 'conv_top', output port 'sram_wdata_b[2]' is connected directly to output port 'sram_wdata_d[2]'. (LINT-31)
Warning: In design 'conv_top', output port 'sram_wdata_b[2]' is connected directly to output port 'sram_wdata_c[2]'. (LINT-31)
Warning: In design 'conv_top', output port 'sram_wdata_b[1]' is connected directly to output port 'sram_wdata_d[1]'. (LINT-31)
Warning: In design 'conv_top', output port 'sram_wdata_b[1]' is connected directly to output port 'sram_wdata_c[1]'. (LINT-31)
Warning: In design 'conv_top', output port 'sram_wdata_b[0]' is connected directly to output port 'sram_wdata_d[0]'. (LINT-31)
Warning: In design 'conv_top', output port 'sram_wdata_b[0]' is connected directly to output port 'sram_wdata_c[0]'. (LINT-31)
1
