Warning: Design 'lenet_2set' has '2' unresolved references. For more detailed information, use the "link" command. (UID-341)
 
****************************************
check_design summary:
Version:     G-2012.06-SP5
Date:        Fri Jan  5 17:30:22 2018
****************************************

                   Name                                            Total
--------------------------------------------------------------------------------
Inputs/Outputs                                                    422
    Multiply driven inputs (LINT-6)                               204
    Shorted outputs (LINT-31)                                     218

Cells                                                              98
    Cells do not drive (LINT-1)                                    98

Nets                                                                2
    Unloaded nets (LINT-2)                                          2

Tristate                                                           94
    A tristate bus has a non tri-state driver (LINT-34)            94
--------------------------------------------------------------------------------

Warning: In design 'conv_control_mydesign_1', cell 'B_129' does not drive any nets. (LINT-1)
Warning: In design 'conv_control_mydesign_1', cell 'B_131' does not drive any nets. (LINT-1)
Warning: In design 'conv_control_mydesign_1', cell 'C4868' does not drive any nets. (LINT-1)
Warning: In design 'conv_control_mydesign_1', cell 'C4872' does not drive any nets. (LINT-1)
Warning: In design 'conv_control_mydesign_1', cell 'C4873' does not drive any nets. (LINT-1)
Warning: In design 'conv_control_mydesign_1', cell 'C4877' does not drive any nets. (LINT-1)
Warning: In design 'conv_control_mydesign_1', cell 'C4881' does not drive any nets. (LINT-1)
Warning: In design 'conv_control_mydesign_1', cell 'C4882' does not drive any nets. (LINT-1)
Warning: In design 'conv_control_mydesign_1', cell 'C4888' does not drive any nets. (LINT-1)
Warning: In design 'conv_control_mydesign_1', cell 'C4896' does not drive any nets. (LINT-1)
Warning: In design 'conv_control_mydesign_1', cell 'C4907' does not drive any nets. (LINT-1)
Warning: In design 'conv_control_mydesign_1', cell 'C4940' does not drive any nets. (LINT-1)
Warning: In design 'conv_control_mydesign_1', cell 'C4941' does not drive any nets. (LINT-1)
Warning: In design 'conv_control_mydesign_1', cell 'C4945' does not drive any nets. (LINT-1)
Warning: In design 'conv_control_mydesign_1', cell 'C4957' does not drive any nets. (LINT-1)
Warning: In design 'conv_control_mydesign_1', cell 'C4958' does not drive any nets. (LINT-1)
Warning: In design 'conv_control_mydesign_1', cell 'C4959' does not drive any nets. (LINT-1)
Warning: In design 'conv_control_mydesign_1', cell 'C4985' does not drive any nets. (LINT-1)
Warning: In design 'conv_control_mydesign_1', cell 'C5008' does not drive any nets. (LINT-1)
Warning: In design 'conv_control_mydesign_1', cell 'C5009' does not drive any nets. (LINT-1)
Warning: In design 'conv_control_mydesign_1', cell 'C5010' does not drive any nets. (LINT-1)
Warning: In design 'conv_control_mydesign_1', cell 'C5027' does not drive any nets. (LINT-1)
Warning: In design 'conv_control_mydesign_1', cell 'C5028' does not drive any nets. (LINT-1)
Warning: In design 'conv_control_mydesign_1', cell 'C5029' does not drive any nets. (LINT-1)
Warning: In design 'conv_control_mydesign_1', cell 'C5091' does not drive any nets. (LINT-1)
Warning: In design 'conv_control_mydesign_1', cell 'C5096' does not drive any nets. (LINT-1)
Warning: In design 'conv_control_mydesign_1', cell 'C5097' does not drive any nets. (LINT-1)
Warning: In design 'conv_control_mydesign_1', cell 'C5300' does not drive any nets. (LINT-1)
Warning: In design 'conv_control_mydesign_1', cell 'C5309' does not drive any nets. (LINT-1)
Warning: In design 'conv_control_mydesign_1', cell 'C5310' does not drive any nets. (LINT-1)
Warning: In design 'conv_control_mydesign_1', cell 'C5439' does not drive any nets. (LINT-1)
Warning: In design 'multiply_compare_mydesign_1', cell 'C866' does not drive any nets. (LINT-1)
Warning: In design 'multiply_compare_mydesign_1', cell 'C869' does not drive any nets. (LINT-1)
Warning: In design 'multiply_compare_mydesign_1', cell 'C872' does not drive any nets. (LINT-1)
Warning: In design 'multiply_compare_mydesign_1', cell 'C875' does not drive any nets. (LINT-1)
Warning: In design 'quantize_mydesign_1', cell 'B_4' does not drive any nets. (LINT-1)
Warning: In design 'quantize_mydesign_1', cell 'B_5' does not drive any nets. (LINT-1)
Warning: In design 'fc_controller_mydesign_1', cell 'B_46' does not drive any nets. (LINT-1)
Warning: In design 'fc_controller_mydesign_1', cell 'C1084' does not drive any nets. (LINT-1)
Warning: In design 'fc_controller_mydesign_1', cell 'C1089' does not drive any nets. (LINT-1)
Warning: In design 'fc_controller_mydesign_1', cell 'C1135' does not drive any nets. (LINT-1)
Warning: In design 'fc_controller_mydesign_1', cell 'B_54' does not drive any nets. (LINT-1)
Warning: In design 'fc_controller_mydesign_1', cell 'C1212' does not drive any nets. (LINT-1)
Warning: In design 'fc_controller_mydesign_1', cell 'C1218' does not drive any nets. (LINT-1)
Warning: In design 'fc_controller_mydesign_1', cell 'C1222' does not drive any nets. (LINT-1)
Warning: In design 'fc_multiplier_accumulator_mydesign_1', cell 'C157' does not drive any nets. (LINT-1)
Warning: In design 'fc_quantize_mydesign_1', cell 'B_7' does not drive any nets. (LINT-1)
Warning: In design 'fc_quantize_mydesign_1', cell 'B_8' does not drive any nets. (LINT-1)
Warning: In design 'fc_quantize_mydesign_1', cell 'B_9' does not drive any nets. (LINT-1)
Warning: In design 'conv_control_mydesign_0', cell 'B_129' does not drive any nets. (LINT-1)
Warning: In design 'conv_control_mydesign_0', cell 'B_131' does not drive any nets. (LINT-1)
Warning: In design 'conv_control_mydesign_0', cell 'C4868' does not drive any nets. (LINT-1)
Warning: In design 'conv_control_mydesign_0', cell 'C4872' does not drive any nets. (LINT-1)
Warning: In design 'conv_control_mydesign_0', cell 'C4873' does not drive any nets. (LINT-1)
Warning: In design 'conv_control_mydesign_0', cell 'C4877' does not drive any nets. (LINT-1)
Warning: In design 'conv_control_mydesign_0', cell 'C4881' does not drive any nets. (LINT-1)
Warning: In design 'conv_control_mydesign_0', cell 'C4882' does not drive any nets. (LINT-1)
Warning: In design 'conv_control_mydesign_0', cell 'C4888' does not drive any nets. (LINT-1)
Warning: In design 'conv_control_mydesign_0', cell 'C4896' does not drive any nets. (LINT-1)
Warning: In design 'conv_control_mydesign_0', cell 'C4907' does not drive any nets. (LINT-1)
Warning: In design 'conv_control_mydesign_0', cell 'C4940' does not drive any nets. (LINT-1)
Warning: In design 'conv_control_mydesign_0', cell 'C4941' does not drive any nets. (LINT-1)
Warning: In design 'conv_control_mydesign_0', cell 'C4945' does not drive any nets. (LINT-1)
Warning: In design 'conv_control_mydesign_0', cell 'C4957' does not drive any nets. (LINT-1)
Warning: In design 'conv_control_mydesign_0', cell 'C4958' does not drive any nets. (LINT-1)
Warning: In design 'conv_control_mydesign_0', cell 'C4959' does not drive any nets. (LINT-1)
Warning: In design 'conv_control_mydesign_0', cell 'C4985' does not drive any nets. (LINT-1)
Warning: In design 'conv_control_mydesign_0', cell 'C5008' does not drive any nets. (LINT-1)
Warning: In design 'conv_control_mydesign_0', cell 'C5009' does not drive any nets. (LINT-1)
Warning: In design 'conv_control_mydesign_0', cell 'C5010' does not drive any nets. (LINT-1)
Warning: In design 'conv_control_mydesign_0', cell 'C5027' does not drive any nets. (LINT-1)
Warning: In design 'conv_control_mydesign_0', cell 'C5028' does not drive any nets. (LINT-1)
Warning: In design 'conv_control_mydesign_0', cell 'C5029' does not drive any nets. (LINT-1)
Warning: In design 'conv_control_mydesign_0', cell 'C5091' does not drive any nets. (LINT-1)
Warning: In design 'conv_control_mydesign_0', cell 'C5096' does not drive any nets. (LINT-1)
Warning: In design 'conv_control_mydesign_0', cell 'C5097' does not drive any nets. (LINT-1)
Warning: In design 'conv_control_mydesign_0', cell 'C5300' does not drive any nets. (LINT-1)
Warning: In design 'conv_control_mydesign_0', cell 'C5309' does not drive any nets. (LINT-1)
Warning: In design 'conv_control_mydesign_0', cell 'C5310' does not drive any nets. (LINT-1)
Warning: In design 'conv_control_mydesign_0', cell 'C5439' does not drive any nets. (LINT-1)
Warning: In design 'multiply_compare_mydesign_0', cell 'C866' does not drive any nets. (LINT-1)
Warning: In design 'multiply_compare_mydesign_0', cell 'C869' does not drive any nets. (LINT-1)
Warning: In design 'multiply_compare_mydesign_0', cell 'C872' does not drive any nets. (LINT-1)
Warning: In design 'multiply_compare_mydesign_0', cell 'C875' does not drive any nets. (LINT-1)
Warning: In design 'quantize_mydesign_0', cell 'B_4' does not drive any nets. (LINT-1)
Warning: In design 'quantize_mydesign_0', cell 'B_5' does not drive any nets. (LINT-1)
Warning: In design 'fc_controller_mydesign_0', cell 'B_46' does not drive any nets. (LINT-1)
Warning: In design 'fc_controller_mydesign_0', cell 'C1084' does not drive any nets. (LINT-1)
Warning: In design 'fc_controller_mydesign_0', cell 'C1089' does not drive any nets. (LINT-1)
Warning: In design 'fc_controller_mydesign_0', cell 'C1135' does not drive any nets. (LINT-1)
Warning: In design 'fc_controller_mydesign_0', cell 'B_54' does not drive any nets. (LINT-1)
Warning: In design 'fc_controller_mydesign_0', cell 'C1212' does not drive any nets. (LINT-1)
Warning: In design 'fc_controller_mydesign_0', cell 'C1218' does not drive any nets. (LINT-1)
Warning: In design 'fc_controller_mydesign_0', cell 'C1222' does not drive any nets. (LINT-1)
Warning: In design 'fc_multiplier_accumulator_mydesign_0', cell 'C157' does not drive any nets. (LINT-1)
Warning: In design 'fc_quantize_mydesign_0', cell 'B_7' does not drive any nets. (LINT-1)
Warning: In design 'fc_quantize_mydesign_0', cell 'B_8' does not drive any nets. (LINT-1)
Warning: In design 'fc_quantize_mydesign_0', cell 'B_9' does not drive any nets. (LINT-1)
Warning: In design 'lenet_2set', net 'lenet_0/fc_top/sram_waddr[5]' driven by pin 'lenet_0/fc_top/fc_controller/sram_waddr[5]' has no loads. (LINT-2)
Warning: In design 'lenet_2set', net 'lenet_1/fc_top/sram_waddr[5]' driven by pin 'lenet_1/fc_top/fc_controller/sram_waddr[5]' has no loads. (LINT-2)
Warning: In design 'conv_top_mydesign_1', input port 'clk' drives wired logic; the port direction may have been specified incorrectly. (LINT-6)
Warning: In design 'conv_top_mydesign_1', input port 'srstn' drives wired logic; the port direction may have been specified incorrectly. (LINT-6)
Warning: In design 'conv_top_mydesign_1', input port 'sram_rdata_weight[99]' drives wired logic; the port direction may have been specified incorrectly. (LINT-6)
Warning: In design 'conv_top_mydesign_1', input port 'sram_rdata_weight[98]' drives wired logic; the port direction may have been specified incorrectly. (LINT-6)
Warning: In design 'conv_top_mydesign_1', input port 'sram_rdata_weight[97]' drives wired logic; the port direction may have been specified incorrectly. (LINT-6)
Warning: In design 'conv_top_mydesign_1', input port 'sram_rdata_weight[96]' drives wired logic; the port direction may have been specified incorrectly. (LINT-6)
Warning: In design 'conv_top_mydesign_1', input port 'sram_rdata_weight[95]' drives wired logic; the port direction may have been specified incorrectly. (LINT-6)
Warning: In design 'conv_top_mydesign_1', input port 'sram_rdata_weight[94]' drives wired logic; the port direction may have been specified incorrectly. (LINT-6)
Warning: In design 'conv_top_mydesign_1', input port 'sram_rdata_weight[93]' drives wired logic; the port direction may have been specified incorrectly. (LINT-6)
Warning: In design 'conv_top_mydesign_1', input port 'sram_rdata_weight[92]' drives wired logic; the port direction may have been specified incorrectly. (LINT-6)
Warning: In design 'conv_top_mydesign_1', input port 'sram_rdata_weight[91]' drives wired logic; the port direction may have been specified incorrectly. (LINT-6)
Warning: In design 'conv_top_mydesign_1', input port 'sram_rdata_weight[90]' drives wired logic; the port direction may have been specified incorrectly. (LINT-6)
Warning: In design 'conv_top_mydesign_1', input port 'sram_rdata_weight[89]' drives wired logic; the port direction may have been specified incorrectly. (LINT-6)
Warning: In design 'conv_top_mydesign_1', input port 'sram_rdata_weight[88]' drives wired logic; the port direction may have been specified incorrectly. (LINT-6)
Warning: In design 'conv_top_mydesign_1', input port 'sram_rdata_weight[87]' drives wired logic; the port direction may have been specified incorrectly. (LINT-6)
Warning: In design 'conv_top_mydesign_1', input port 'sram_rdata_weight[86]' drives wired logic; the port direction may have been specified incorrectly. (LINT-6)
Warning: In design 'conv_top_mydesign_1', input port 'sram_rdata_weight[85]' drives wired logic; the port direction may have been specified incorrectly. (LINT-6)
Warning: In design 'conv_top_mydesign_1', input port 'sram_rdata_weight[84]' drives wired logic; the port direction may have been specified incorrectly. (LINT-6)
Warning: In design 'conv_top_mydesign_1', input port 'sram_rdata_weight[83]' drives wired logic; the port direction may have been specified incorrectly. (LINT-6)
Warning: In design 'conv_top_mydesign_1', input port 'sram_rdata_weight[82]' drives wired logic; the port direction may have been specified incorrectly. (LINT-6)
Warning: In design 'conv_top_mydesign_1', input port 'sram_rdata_weight[81]' drives wired logic; the port direction may have been specified incorrectly. (LINT-6)
Warning: In design 'conv_top_mydesign_1', input port 'sram_rdata_weight[80]' drives wired logic; the port direction may have been specified incorrectly. (LINT-6)
Warning: In design 'conv_top_mydesign_1', input port 'sram_rdata_weight[79]' drives wired logic; the port direction may have been specified incorrectly. (LINT-6)
Warning: In design 'conv_top_mydesign_1', input port 'sram_rdata_weight[78]' drives wired logic; the port direction may have been specified incorrectly. (LINT-6)
Warning: In design 'conv_top_mydesign_1', input port 'sram_rdata_weight[77]' drives wired logic; the port direction may have been specified incorrectly. (LINT-6)
Warning: In design 'conv_top_mydesign_1', input port 'sram_rdata_weight[76]' drives wired logic; the port direction may have been specified incorrectly. (LINT-6)
Warning: In design 'conv_top_mydesign_1', input port 'sram_rdata_weight[75]' drives wired logic; the port direction may have been specified incorrectly. (LINT-6)
Warning: In design 'conv_top_mydesign_1', input port 'sram_rdata_weight[74]' drives wired logic; the port direction may have been specified incorrectly. (LINT-6)
Warning: In design 'conv_top_mydesign_1', input port 'sram_rdata_weight[73]' drives wired logic; the port direction may have been specified incorrectly. (LINT-6)
Warning: In design 'conv_top_mydesign_1', input port 'sram_rdata_weight[72]' drives wired logic; the port direction may have been specified incorrectly. (LINT-6)
Warning: In design 'conv_top_mydesign_1', input port 'sram_rdata_weight[71]' drives wired logic; the port direction may have been specified incorrectly. (LINT-6)
Warning: In design 'conv_top_mydesign_1', input port 'sram_rdata_weight[70]' drives wired logic; the port direction may have been specified incorrectly. (LINT-6)
Warning: In design 'conv_top_mydesign_1', input port 'sram_rdata_weight[69]' drives wired logic; the port direction may have been specified incorrectly. (LINT-6)
Warning: In design 'conv_top_mydesign_1', input port 'sram_rdata_weight[68]' drives wired logic; the port direction may have been specified incorrectly. (LINT-6)
Warning: In design 'conv_top_mydesign_1', input port 'sram_rdata_weight[67]' drives wired logic; the port direction may have been specified incorrectly. (LINT-6)
Warning: In design 'conv_top_mydesign_1', input port 'sram_rdata_weight[66]' drives wired logic; the port direction may have been specified incorrectly. (LINT-6)
Warning: In design 'conv_top_mydesign_1', input port 'sram_rdata_weight[65]' drives wired logic; the port direction may have been specified incorrectly. (LINT-6)
Warning: In design 'conv_top_mydesign_1', input port 'sram_rdata_weight[64]' drives wired logic; the port direction may have been specified incorrectly. (LINT-6)
Warning: In design 'conv_top_mydesign_1', input port 'sram_rdata_weight[63]' drives wired logic; the port direction may have been specified incorrectly. (LINT-6)
Warning: In design 'conv_top_mydesign_1', input port 'sram_rdata_weight[62]' drives wired logic; the port direction may have been specified incorrectly. (LINT-6)
Warning: In design 'conv_top_mydesign_1', input port 'sram_rdata_weight[61]' drives wired logic; the port direction may have been specified incorrectly. (LINT-6)
Warning: In design 'conv_top_mydesign_1', input port 'sram_rdata_weight[60]' drives wired logic; the port direction may have been specified incorrectly. (LINT-6)
Warning: In design 'conv_top_mydesign_1', input port 'sram_rdata_weight[59]' drives wired logic; the port direction may have been specified incorrectly. (LINT-6)
Warning: In design 'conv_top_mydesign_1', input port 'sram_rdata_weight[58]' drives wired logic; the port direction may have been specified incorrectly. (LINT-6)
Warning: In design 'conv_top_mydesign_1', input port 'sram_rdata_weight[57]' drives wired logic; the port direction may have been specified incorrectly. (LINT-6)
Warning: In design 'conv_top_mydesign_1', input port 'sram_rdata_weight[56]' drives wired logic; the port direction may have been specified incorrectly. (LINT-6)
Warning: In design 'conv_top_mydesign_1', input port 'sram_rdata_weight[55]' drives wired logic; the port direction may have been specified incorrectly. (LINT-6)
Warning: In design 'conv_top_mydesign_1', input port 'sram_rdata_weight[54]' drives wired logic; the port direction may have been specified incorrectly. (LINT-6)
Warning: In design 'conv_top_mydesign_1', input port 'sram_rdata_weight[53]' drives wired logic; the port direction may have been specified incorrectly. (LINT-6)
Warning: In design 'conv_top_mydesign_1', input port 'sram_rdata_weight[52]' drives wired logic; the port direction may have been specified incorrectly. (LINT-6)
Warning: In design 'conv_top_mydesign_1', input port 'sram_rdata_weight[51]' drives wired logic; the port direction may have been specified incorrectly. (LINT-6)
Warning: In design 'conv_top_mydesign_1', input port 'sram_rdata_weight[50]' drives wired logic; the port direction may have been specified incorrectly. (LINT-6)
Warning: In design 'conv_top_mydesign_1', input port 'sram_rdata_weight[49]' drives wired logic; the port direction may have been specified incorrectly. (LINT-6)
Warning: In design 'conv_top_mydesign_1', input port 'sram_rdata_weight[48]' drives wired logic; the port direction may have been specified incorrectly. (LINT-6)
Warning: In design 'conv_top_mydesign_1', input port 'sram_rdata_weight[47]' drives wired logic; the port direction may have been specified incorrectly. (LINT-6)
Warning: In design 'conv_top_mydesign_1', input port 'sram_rdata_weight[46]' drives wired logic; the port direction may have been specified incorrectly. (LINT-6)
Warning: In design 'conv_top_mydesign_1', input port 'sram_rdata_weight[45]' drives wired logic; the port direction may have been specified incorrectly. (LINT-6)
Warning: In design 'conv_top_mydesign_1', input port 'sram_rdata_weight[44]' drives wired logic; the port direction may have been specified incorrectly. (LINT-6)
Warning: In design 'conv_top_mydesign_1', input port 'sram_rdata_weight[43]' drives wired logic; the port direction may have been specified incorrectly. (LINT-6)
Warning: In design 'conv_top_mydesign_1', input port 'sram_rdata_weight[42]' drives wired logic; the port direction may have been specified incorrectly. (LINT-6)
Warning: In design 'conv_top_mydesign_1', input port 'sram_rdata_weight[41]' drives wired logic; the port direction may have been specified incorrectly. (LINT-6)
Warning: In design 'conv_top_mydesign_1', input port 'sram_rdata_weight[40]' drives wired logic; the port direction may have been specified incorrectly. (LINT-6)
Warning: In design 'conv_top_mydesign_1', input port 'sram_rdata_weight[39]' drives wired logic; the port direction may have been specified incorrectly. (LINT-6)
Warning: In design 'conv_top_mydesign_1', input port 'sram_rdata_weight[38]' drives wired logic; the port direction may have been specified incorrectly. (LINT-6)
Warning: In design 'conv_top_mydesign_1', input port 'sram_rdata_weight[37]' drives wired logic; the port direction may have been specified incorrectly. (LINT-6)
Warning: In design 'conv_top_mydesign_1', input port 'sram_rdata_weight[36]' drives wired logic; the port direction may have been specified incorrectly. (LINT-6)
Warning: In design 'conv_top_mydesign_1', input port 'sram_rdata_weight[35]' drives wired logic; the port direction may have been specified incorrectly. (LINT-6)
Warning: In design 'conv_top_mydesign_1', input port 'sram_rdata_weight[34]' drives wired logic; the port direction may have been specified incorrectly. (LINT-6)
Warning: In design 'conv_top_mydesign_1', input port 'sram_rdata_weight[33]' drives wired logic; the port direction may have been specified incorrectly. (LINT-6)
Warning: In design 'conv_top_mydesign_1', input port 'sram_rdata_weight[32]' drives wired logic; the port direction may have been specified incorrectly. (LINT-6)
Warning: In design 'conv_top_mydesign_1', input port 'sram_rdata_weight[31]' drives wired logic; the port direction may have been specified incorrectly. (LINT-6)
Warning: In design 'conv_top_mydesign_1', input port 'sram_rdata_weight[30]' drives wired logic; the port direction may have been specified incorrectly. (LINT-6)
Warning: In design 'conv_top_mydesign_1', input port 'sram_rdata_weight[29]' drives wired logic; the port direction may have been specified incorrectly. (LINT-6)
Warning: In design 'conv_top_mydesign_1', input port 'sram_rdata_weight[28]' drives wired logic; the port direction may have been specified incorrectly. (LINT-6)
Warning: In design 'conv_top_mydesign_1', input port 'sram_rdata_weight[27]' drives wired logic; the port direction may have been specified incorrectly. (LINT-6)
Warning: In design 'conv_top_mydesign_1', input port 'sram_rdata_weight[26]' drives wired logic; the port direction may have been specified incorrectly. (LINT-6)
Warning: In design 'conv_top_mydesign_1', input port 'sram_rdata_weight[25]' drives wired logic; the port direction may have been specified incorrectly. (LINT-6)
Warning: In design 'conv_top_mydesign_1', input port 'sram_rdata_weight[24]' drives wired logic; the port direction may have been specified incorrectly. (LINT-6)
Warning: In design 'conv_top_mydesign_1', input port 'sram_rdata_weight[23]' drives wired logic; the port direction may have been specified incorrectly. (LINT-6)
Warning: In design 'conv_top_mydesign_1', input port 'sram_rdata_weight[22]' drives wired logic; the port direction may have been specified incorrectly. (LINT-6)
Warning: In design 'conv_top_mydesign_1', input port 'sram_rdata_weight[21]' drives wired logic; the port direction may have been specified incorrectly. (LINT-6)
Warning: In design 'conv_top_mydesign_1', input port 'sram_rdata_weight[20]' drives wired logic; the port direction may have been specified incorrectly. (LINT-6)
Warning: In design 'conv_top_mydesign_1', input port 'sram_rdata_weight[19]' drives wired logic; the port direction may have been specified incorrectly. (LINT-6)
Warning: In design 'conv_top_mydesign_1', input port 'sram_rdata_weight[18]' drives wired logic; the port direction may have been specified incorrectly. (LINT-6)
Warning: In design 'conv_top_mydesign_1', input port 'sram_rdata_weight[17]' drives wired logic; the port direction may have been specified incorrectly. (LINT-6)
Warning: In design 'conv_top_mydesign_1', input port 'sram_rdata_weight[16]' drives wired logic; the port direction may have been specified incorrectly. (LINT-6)
Warning: In design 'conv_top_mydesign_1', input port 'sram_rdata_weight[15]' drives wired logic; the port direction may have been specified incorrectly. (LINT-6)
Warning: In design 'conv_top_mydesign_1', input port 'sram_rdata_weight[14]' drives wired logic; the port direction may have been specified incorrectly. (LINT-6)
Warning: In design 'conv_top_mydesign_1', input port 'sram_rdata_weight[13]' drives wired logic; the port direction may have been specified incorrectly. (LINT-6)
Warning: In design 'conv_top_mydesign_1', input port 'sram_rdata_weight[12]' drives wired logic; the port direction may have been specified incorrectly. (LINT-6)
Warning: In design 'conv_top_mydesign_1', input port 'sram_rdata_weight[11]' drives wired logic; the port direction may have been specified incorrectly. (LINT-6)
Warning: In design 'conv_top_mydesign_1', input port 'sram_rdata_weight[10]' drives wired logic; the port direction may have been specified incorrectly. (LINT-6)
Warning: In design 'conv_top_mydesign_1', input port 'sram_rdata_weight[9]' drives wired logic; the port direction may have been specified incorrectly. (LINT-6)
Warning: In design 'conv_top_mydesign_1', input port 'sram_rdata_weight[8]' drives wired logic; the port direction may have been specified incorrectly. (LINT-6)
Warning: In design 'conv_top_mydesign_1', input port 'sram_rdata_weight[7]' drives wired logic; the port direction may have been specified incorrectly. (LINT-6)
Warning: In design 'conv_top_mydesign_1', input port 'sram_rdata_weight[6]' drives wired logic; the port direction may have been specified incorrectly. (LINT-6)
Warning: In design 'conv_top_mydesign_1', input port 'sram_rdata_weight[5]' drives wired logic; the port direction may have been specified incorrectly. (LINT-6)
Warning: In design 'conv_top_mydesign_1', input port 'sram_rdata_weight[4]' drives wired logic; the port direction may have been specified incorrectly. (LINT-6)
Warning: In design 'conv_top_mydesign_1', input port 'sram_rdata_weight[3]' drives wired logic; the port direction may have been specified incorrectly. (LINT-6)
Warning: In design 'conv_top_mydesign_1', input port 'sram_rdata_weight[2]' drives wired logic; the port direction may have been specified incorrectly. (LINT-6)
Warning: In design 'conv_top_mydesign_1', input port 'sram_rdata_weight[1]' drives wired logic; the port direction may have been specified incorrectly. (LINT-6)
Warning: In design 'conv_top_mydesign_1', input port 'sram_rdata_weight[0]' drives wired logic; the port direction may have been specified incorrectly. (LINT-6)
Warning: In design 'conv_top_mydesign_0', input port 'clk' drives wired logic; the port direction may have been specified incorrectly. (LINT-6)
Warning: In design 'conv_top_mydesign_0', input port 'srstn' drives wired logic; the port direction may have been specified incorrectly. (LINT-6)
Warning: In design 'conv_top_mydesign_0', input port 'sram_rdata_weight[99]' drives wired logic; the port direction may have been specified incorrectly. (LINT-6)
Warning: In design 'conv_top_mydesign_0', input port 'sram_rdata_weight[98]' drives wired logic; the port direction may have been specified incorrectly. (LINT-6)
Warning: In design 'conv_top_mydesign_0', input port 'sram_rdata_weight[97]' drives wired logic; the port direction may have been specified incorrectly. (LINT-6)
Warning: In design 'conv_top_mydesign_0', input port 'sram_rdata_weight[96]' drives wired logic; the port direction may have been specified incorrectly. (LINT-6)
Warning: In design 'conv_top_mydesign_0', input port 'sram_rdata_weight[95]' drives wired logic; the port direction may have been specified incorrectly. (LINT-6)
Warning: In design 'conv_top_mydesign_0', input port 'sram_rdata_weight[94]' drives wired logic; the port direction may have been specified incorrectly. (LINT-6)
Warning: In design 'conv_top_mydesign_0', input port 'sram_rdata_weight[93]' drives wired logic; the port direction may have been specified incorrectly. (LINT-6)
Warning: In design 'conv_top_mydesign_0', input port 'sram_rdata_weight[92]' drives wired logic; the port direction may have been specified incorrectly. (LINT-6)
Warning: In design 'conv_top_mydesign_0', input port 'sram_rdata_weight[91]' drives wired logic; the port direction may have been specified incorrectly. (LINT-6)
Warning: In design 'conv_top_mydesign_0', input port 'sram_rdata_weight[90]' drives wired logic; the port direction may have been specified incorrectly. (LINT-6)
Warning: In design 'conv_top_mydesign_0', input port 'sram_rdata_weight[89]' drives wired logic; the port direction may have been specified incorrectly. (LINT-6)
Warning: In design 'conv_top_mydesign_0', input port 'sram_rdata_weight[88]' drives wired logic; the port direction may have been specified incorrectly. (LINT-6)
Warning: In design 'conv_top_mydesign_0', input port 'sram_rdata_weight[87]' drives wired logic; the port direction may have been specified incorrectly. (LINT-6)
Warning: In design 'conv_top_mydesign_0', input port 'sram_rdata_weight[86]' drives wired logic; the port direction may have been specified incorrectly. (LINT-6)
Warning: In design 'conv_top_mydesign_0', input port 'sram_rdata_weight[85]' drives wired logic; the port direction may have been specified incorrectly. (LINT-6)
Warning: In design 'conv_top_mydesign_0', input port 'sram_rdata_weight[84]' drives wired logic; the port direction may have been specified incorrectly. (LINT-6)
Warning: In design 'conv_top_mydesign_0', input port 'sram_rdata_weight[83]' drives wired logic; the port direction may have been specified incorrectly. (LINT-6)
Warning: In design 'conv_top_mydesign_0', input port 'sram_rdata_weight[82]' drives wired logic; the port direction may have been specified incorrectly. (LINT-6)
Warning: In design 'conv_top_mydesign_0', input port 'sram_rdata_weight[81]' drives wired logic; the port direction may have been specified incorrectly. (LINT-6)
Warning: In design 'conv_top_mydesign_0', input port 'sram_rdata_weight[80]' drives wired logic; the port direction may have been specified incorrectly. (LINT-6)
Warning: In design 'conv_top_mydesign_0', input port 'sram_rdata_weight[79]' drives wired logic; the port direction may have been specified incorrectly. (LINT-6)
Warning: In design 'conv_top_mydesign_0', input port 'sram_rdata_weight[78]' drives wired logic; the port direction may have been specified incorrectly. (LINT-6)
Warning: In design 'conv_top_mydesign_0', input port 'sram_rdata_weight[77]' drives wired logic; the port direction may have been specified incorrectly. (LINT-6)
Warning: In design 'conv_top_mydesign_0', input port 'sram_rdata_weight[76]' drives wired logic; the port direction may have been specified incorrectly. (LINT-6)
Warning: In design 'conv_top_mydesign_0', input port 'sram_rdata_weight[75]' drives wired logic; the port direction may have been specified incorrectly. (LINT-6)
Warning: In design 'conv_top_mydesign_0', input port 'sram_rdata_weight[74]' drives wired logic; the port direction may have been specified incorrectly. (LINT-6)
Warning: In design 'conv_top_mydesign_0', input port 'sram_rdata_weight[73]' drives wired logic; the port direction may have been specified incorrectly. (LINT-6)
Warning: In design 'conv_top_mydesign_0', input port 'sram_rdata_weight[72]' drives wired logic; the port direction may have been specified incorrectly. (LINT-6)
Warning: In design 'conv_top_mydesign_0', input port 'sram_rdata_weight[71]' drives wired logic; the port direction may have been specified incorrectly. (LINT-6)
Warning: In design 'conv_top_mydesign_0', input port 'sram_rdata_weight[70]' drives wired logic; the port direction may have been specified incorrectly. (LINT-6)
Warning: In design 'conv_top_mydesign_0', input port 'sram_rdata_weight[69]' drives wired logic; the port direction may have been specified incorrectly. (LINT-6)
Warning: In design 'conv_top_mydesign_0', input port 'sram_rdata_weight[68]' drives wired logic; the port direction may have been specified incorrectly. (LINT-6)
Warning: In design 'conv_top_mydesign_0', input port 'sram_rdata_weight[67]' drives wired logic; the port direction may have been specified incorrectly. (LINT-6)
Warning: In design 'conv_top_mydesign_0', input port 'sram_rdata_weight[66]' drives wired logic; the port direction may have been specified incorrectly. (LINT-6)
Warning: In design 'conv_top_mydesign_0', input port 'sram_rdata_weight[65]' drives wired logic; the port direction may have been specified incorrectly. (LINT-6)
Warning: In design 'conv_top_mydesign_0', input port 'sram_rdata_weight[64]' drives wired logic; the port direction may have been specified incorrectly. (LINT-6)
Warning: In design 'conv_top_mydesign_0', input port 'sram_rdata_weight[63]' drives wired logic; the port direction may have been specified incorrectly. (LINT-6)
Warning: In design 'conv_top_mydesign_0', input port 'sram_rdata_weight[62]' drives wired logic; the port direction may have been specified incorrectly. (LINT-6)
Warning: In design 'conv_top_mydesign_0', input port 'sram_rdata_weight[61]' drives wired logic; the port direction may have been specified incorrectly. (LINT-6)
Warning: In design 'conv_top_mydesign_0', input port 'sram_rdata_weight[60]' drives wired logic; the port direction may have been specified incorrectly. (LINT-6)
Warning: In design 'conv_top_mydesign_0', input port 'sram_rdata_weight[59]' drives wired logic; the port direction may have been specified incorrectly. (LINT-6)
Warning: In design 'conv_top_mydesign_0', input port 'sram_rdata_weight[58]' drives wired logic; the port direction may have been specified incorrectly. (LINT-6)
Warning: In design 'conv_top_mydesign_0', input port 'sram_rdata_weight[57]' drives wired logic; the port direction may have been specified incorrectly. (LINT-6)
Warning: In design 'conv_top_mydesign_0', input port 'sram_rdata_weight[56]' drives wired logic; the port direction may have been specified incorrectly. (LINT-6)
Warning: In design 'conv_top_mydesign_0', input port 'sram_rdata_weight[55]' drives wired logic; the port direction may have been specified incorrectly. (LINT-6)
Warning: In design 'conv_top_mydesign_0', input port 'sram_rdata_weight[54]' drives wired logic; the port direction may have been specified incorrectly. (LINT-6)
Warning: In design 'conv_top_mydesign_0', input port 'sram_rdata_weight[53]' drives wired logic; the port direction may have been specified incorrectly. (LINT-6)
Warning: In design 'conv_top_mydesign_0', input port 'sram_rdata_weight[52]' drives wired logic; the port direction may have been specified incorrectly. (LINT-6)
Warning: In design 'conv_top_mydesign_0', input port 'sram_rdata_weight[51]' drives wired logic; the port direction may have been specified incorrectly. (LINT-6)
Warning: In design 'conv_top_mydesign_0', input port 'sram_rdata_weight[50]' drives wired logic; the port direction may have been specified incorrectly. (LINT-6)
Warning: In design 'conv_top_mydesign_0', input port 'sram_rdata_weight[49]' drives wired logic; the port direction may have been specified incorrectly. (LINT-6)
Warning: In design 'conv_top_mydesign_0', input port 'sram_rdata_weight[48]' drives wired logic; the port direction may have been specified incorrectly. (LINT-6)
Warning: In design 'conv_top_mydesign_0', input port 'sram_rdata_weight[47]' drives wired logic; the port direction may have been specified incorrectly. (LINT-6)
Warning: In design 'conv_top_mydesign_0', input port 'sram_rdata_weight[46]' drives wired logic; the port direction may have been specified incorrectly. (LINT-6)
Warning: In design 'conv_top_mydesign_0', input port 'sram_rdata_weight[45]' drives wired logic; the port direction may have been specified incorrectly. (LINT-6)
Warning: In design 'conv_top_mydesign_0', input port 'sram_rdata_weight[44]' drives wired logic; the port direction may have been specified incorrectly. (LINT-6)
Warning: In design 'conv_top_mydesign_0', input port 'sram_rdata_weight[43]' drives wired logic; the port direction may have been specified incorrectly. (LINT-6)
Warning: In design 'conv_top_mydesign_0', input port 'sram_rdata_weight[42]' drives wired logic; the port direction may have been specified incorrectly. (LINT-6)
Warning: In design 'conv_top_mydesign_0', input port 'sram_rdata_weight[41]' drives wired logic; the port direction may have been specified incorrectly. (LINT-6)
Warning: In design 'conv_top_mydesign_0', input port 'sram_rdata_weight[40]' drives wired logic; the port direction may have been specified incorrectly. (LINT-6)
Warning: In design 'conv_top_mydesign_0', input port 'sram_rdata_weight[39]' drives wired logic; the port direction may have been specified incorrectly. (LINT-6)
Warning: In design 'conv_top_mydesign_0', input port 'sram_rdata_weight[38]' drives wired logic; the port direction may have been specified incorrectly. (LINT-6)
Warning: In design 'conv_top_mydesign_0', input port 'sram_rdata_weight[37]' drives wired logic; the port direction may have been specified incorrectly. (LINT-6)
Warning: In design 'conv_top_mydesign_0', input port 'sram_rdata_weight[36]' drives wired logic; the port direction may have been specified incorrectly. (LINT-6)
Warning: In design 'conv_top_mydesign_0', input port 'sram_rdata_weight[35]' drives wired logic; the port direction may have been specified incorrectly. (LINT-6)
Warning: In design 'conv_top_mydesign_0', input port 'sram_rdata_weight[34]' drives wired logic; the port direction may have been specified incorrectly. (LINT-6)
Warning: In design 'conv_top_mydesign_0', input port 'sram_rdata_weight[33]' drives wired logic; the port direction may have been specified incorrectly. (LINT-6)
Warning: In design 'conv_top_mydesign_0', input port 'sram_rdata_weight[32]' drives wired logic; the port direction may have been specified incorrectly. (LINT-6)
Warning: In design 'conv_top_mydesign_0', input port 'sram_rdata_weight[31]' drives wired logic; the port direction may have been specified incorrectly. (LINT-6)
Warning: In design 'conv_top_mydesign_0', input port 'sram_rdata_weight[30]' drives wired logic; the port direction may have been specified incorrectly. (LINT-6)
Warning: In design 'conv_top_mydesign_0', input port 'sram_rdata_weight[29]' drives wired logic; the port direction may have been specified incorrectly. (LINT-6)
Warning: In design 'conv_top_mydesign_0', input port 'sram_rdata_weight[28]' drives wired logic; the port direction may have been specified incorrectly. (LINT-6)
Warning: In design 'conv_top_mydesign_0', input port 'sram_rdata_weight[27]' drives wired logic; the port direction may have been specified incorrectly. (LINT-6)
Warning: In design 'conv_top_mydesign_0', input port 'sram_rdata_weight[26]' drives wired logic; the port direction may have been specified incorrectly. (LINT-6)
Warning: In design 'conv_top_mydesign_0', input port 'sram_rdata_weight[25]' drives wired logic; the port direction may have been specified incorrectly. (LINT-6)
Warning: In design 'conv_top_mydesign_0', input port 'sram_rdata_weight[24]' drives wired logic; the port direction may have been specified incorrectly. (LINT-6)
Warning: In design 'conv_top_mydesign_0', input port 'sram_rdata_weight[23]' drives wired logic; the port direction may have been specified incorrectly. (LINT-6)
Warning: In design 'conv_top_mydesign_0', input port 'sram_rdata_weight[22]' drives wired logic; the port direction may have been specified incorrectly. (LINT-6)
Warning: In design 'conv_top_mydesign_0', input port 'sram_rdata_weight[21]' drives wired logic; the port direction may have been specified incorrectly. (LINT-6)
Warning: In design 'conv_top_mydesign_0', input port 'sram_rdata_weight[20]' drives wired logic; the port direction may have been specified incorrectly. (LINT-6)
Warning: In design 'conv_top_mydesign_0', input port 'sram_rdata_weight[19]' drives wired logic; the port direction may have been specified incorrectly. (LINT-6)
Warning: In design 'conv_top_mydesign_0', input port 'sram_rdata_weight[18]' drives wired logic; the port direction may have been specified incorrectly. (LINT-6)
Warning: In design 'conv_top_mydesign_0', input port 'sram_rdata_weight[17]' drives wired logic; the port direction may have been specified incorrectly. (LINT-6)
Warning: In design 'conv_top_mydesign_0', input port 'sram_rdata_weight[16]' drives wired logic; the port direction may have been specified incorrectly. (LINT-6)
Warning: In design 'conv_top_mydesign_0', input port 'sram_rdata_weight[15]' drives wired logic; the port direction may have been specified incorrectly. (LINT-6)
Warning: In design 'conv_top_mydesign_0', input port 'sram_rdata_weight[14]' drives wired logic; the port direction may have been specified incorrectly. (LINT-6)
Warning: In design 'conv_top_mydesign_0', input port 'sram_rdata_weight[13]' drives wired logic; the port direction may have been specified incorrectly. (LINT-6)
Warning: In design 'conv_top_mydesign_0', input port 'sram_rdata_weight[12]' drives wired logic; the port direction may have been specified incorrectly. (LINT-6)
Warning: In design 'conv_top_mydesign_0', input port 'sram_rdata_weight[11]' drives wired logic; the port direction may have been specified incorrectly. (LINT-6)
Warning: In design 'conv_top_mydesign_0', input port 'sram_rdata_weight[10]' drives wired logic; the port direction may have been specified incorrectly. (LINT-6)
Warning: In design 'conv_top_mydesign_0', input port 'sram_rdata_weight[9]' drives wired logic; the port direction may have been specified incorrectly. (LINT-6)
Warning: In design 'conv_top_mydesign_0', input port 'sram_rdata_weight[8]' drives wired logic; the port direction may have been specified incorrectly. (LINT-6)
Warning: In design 'conv_top_mydesign_0', input port 'sram_rdata_weight[7]' drives wired logic; the port direction may have been specified incorrectly. (LINT-6)
Warning: In design 'conv_top_mydesign_0', input port 'sram_rdata_weight[6]' drives wired logic; the port direction may have been specified incorrectly. (LINT-6)
Warning: In design 'conv_top_mydesign_0', input port 'sram_rdata_weight[5]' drives wired logic; the port direction may have been specified incorrectly. (LINT-6)
Warning: In design 'conv_top_mydesign_0', input port 'sram_rdata_weight[4]' drives wired logic; the port direction may have been specified incorrectly. (LINT-6)
Warning: In design 'conv_top_mydesign_0', input port 'sram_rdata_weight[3]' drives wired logic; the port direction may have been specified incorrectly. (LINT-6)
Warning: In design 'conv_top_mydesign_0', input port 'sram_rdata_weight[2]' drives wired logic; the port direction may have been specified incorrectly. (LINT-6)
Warning: In design 'conv_top_mydesign_0', input port 'sram_rdata_weight[1]' drives wired logic; the port direction may have been specified incorrectly. (LINT-6)
Warning: In design 'conv_top_mydesign_0', input port 'sram_rdata_weight[0]' drives wired logic; the port direction may have been specified incorrectly. (LINT-6)
Warning: In design 'conv_top_mydesign_1', output port 'sram_wdata_b[7]' is connected directly to output port 'sram_wdata_d[7]'. (LINT-31)
Warning: In design 'conv_top_mydesign_1', output port 'sram_wdata_b[7]' is connected directly to output port 'sram_wdata_c[7]'. (LINT-31)
Warning: In design 'conv_top_mydesign_1', output port 'sram_wdata_b[6]' is connected directly to output port 'sram_wdata_d[6]'. (LINT-31)
Warning: In design 'conv_top_mydesign_1', output port 'sram_wdata_b[6]' is connected directly to output port 'sram_wdata_c[6]'. (LINT-31)
Warning: In design 'conv_top_mydesign_1', output port 'sram_wdata_b[5]' is connected directly to output port 'sram_wdata_d[5]'. (LINT-31)
Warning: In design 'conv_top_mydesign_1', output port 'sram_wdata_b[5]' is connected directly to output port 'sram_wdata_c[5]'. (LINT-31)
Warning: In design 'conv_top_mydesign_1', output port 'sram_wdata_b[4]' is connected directly to output port 'sram_wdata_d[4]'. (LINT-31)
Warning: In design 'conv_top_mydesign_1', output port 'sram_wdata_b[4]' is connected directly to output port 'sram_wdata_c[4]'. (LINT-31)
Warning: In design 'conv_top_mydesign_1', output port 'sram_wdata_b[3]' is connected directly to output port 'sram_wdata_d[3]'. (LINT-31)
Warning: In design 'conv_top_mydesign_1', output port 'sram_wdata_b[3]' is connected directly to output port 'sram_wdata_c[3]'. (LINT-31)
Warning: In design 'conv_top_mydesign_1', output port 'sram_wdata_b[2]' is connected directly to output port 'sram_wdata_d[2]'. (LINT-31)
Warning: In design 'conv_top_mydesign_1', output port 'sram_wdata_b[2]' is connected directly to output port 'sram_wdata_c[2]'. (LINT-31)
Warning: In design 'conv_top_mydesign_1', output port 'sram_wdata_b[1]' is connected directly to output port 'sram_wdata_d[1]'. (LINT-31)
Warning: In design 'conv_top_mydesign_1', output port 'sram_wdata_b[1]' is connected directly to output port 'sram_wdata_c[1]'. (LINT-31)
Warning: In design 'conv_top_mydesign_1', output port 'sram_wdata_b[0]' is connected directly to output port 'sram_wdata_d[0]'. (LINT-31)
Warning: In design 'conv_top_mydesign_1', output port 'sram_wdata_b[0]' is connected directly to output port 'sram_wdata_c[0]'. (LINT-31)
Warning: In design 'fc_top_mydesign_1', output port 'sram_bytemask_e[3]' is connected directly to output port 'sram_bytemask_f[3]'. (LINT-31)
Warning: In design 'fc_top_mydesign_1', output port 'sram_bytemask_e[2]' is connected directly to output port 'sram_bytemask_f[2]'. (LINT-31)
Warning: In design 'fc_top_mydesign_1', output port 'sram_bytemask_e[1]' is connected directly to output port 'sram_bytemask_f[1]'. (LINT-31)
Warning: In design 'fc_top_mydesign_1', output port 'sram_bytemask_e[0]' is connected directly to output port 'sram_bytemask_f[0]'. (LINT-31)
Warning: In design 'fc_top_mydesign_1', output port 'sram_waddr_e[1]' is connected directly to output port 'sram_waddr_f[1]'. (LINT-31)
Warning: In design 'fc_top_mydesign_1', output port 'sram_waddr_e[0]' is connected directly to output port 'sram_waddr_f[0]'. (LINT-31)
Warning: In design 'fc_top_mydesign_1', output port 'sram_wdata_e[7]' is connected directly to output port 'sram_wdata_f[7]'. (LINT-31)
Warning: In design 'fc_top_mydesign_1', output port 'sram_wdata_e[6]' is connected directly to output port 'sram_wdata_f[6]'. (LINT-31)
Warning: In design 'fc_top_mydesign_1', output port 'sram_wdata_e[5]' is connected directly to output port 'sram_wdata_f[5]'. (LINT-31)
Warning: In design 'fc_top_mydesign_1', output port 'sram_wdata_e[4]' is connected directly to output port 'sram_wdata_f[4]'. (LINT-31)
Warning: In design 'fc_top_mydesign_1', output port 'sram_wdata_e[3]' is connected directly to output port 'sram_wdata_f[3]'. (LINT-31)
Warning: In design 'fc_top_mydesign_1', output port 'sram_wdata_e[2]' is connected directly to output port 'sram_wdata_f[2]'. (LINT-31)
Warning: In design 'fc_top_mydesign_1', output port 'sram_wdata_e[1]' is connected directly to output port 'sram_wdata_f[1]'. (LINT-31)
Warning: In design 'fc_top_mydesign_1', output port 'sram_wdata_e[0]' is connected directly to output port 'sram_wdata_f[0]'. (LINT-31)
Warning: In design 'fc_controller_mydesign_1', output port 'sram_raddr_c0[5]' is connected directly to output port 'sram_raddr_d4[5]'. (LINT-31)
Warning: In design 'fc_controller_mydesign_1', output port 'sram_raddr_c0[5]' is connected directly to output port 'sram_raddr_d3[5]'. (LINT-31)
Warning: In design 'fc_controller_mydesign_1', output port 'sram_raddr_c0[5]' is connected directly to output port 'sram_raddr_d2[5]'. (LINT-31)
Warning: In design 'fc_controller_mydesign_1', output port 'sram_raddr_c0[5]' is connected directly to output port 'sram_raddr_d1[5]'. (LINT-31)
Warning: In design 'fc_controller_mydesign_1', output port 'sram_raddr_c0[5]' is connected directly to output port 'sram_raddr_d0[5]'. (LINT-31)
Warning: In design 'fc_controller_mydesign_1', output port 'sram_raddr_c0[5]' is connected directly to output port 'sram_raddr_c4[5]'. (LINT-31)
Warning: In design 'fc_controller_mydesign_1', output port 'sram_raddr_c0[5]' is connected directly to output port 'sram_raddr_c3[5]'. (LINT-31)
Warning: In design 'fc_controller_mydesign_1', output port 'sram_raddr_c0[5]' is connected directly to output port 'sram_raddr_c2[5]'. (LINT-31)
Warning: In design 'fc_controller_mydesign_1', output port 'sram_raddr_c0[5]' is connected directly to output port 'sram_raddr_c1[5]'. (LINT-31)
Warning: In design 'fc_controller_mydesign_1', output port 'sram_raddr_c0[4]' is connected directly to output port 'sram_raddr_e4[4]'. (LINT-31)
Warning: In design 'fc_controller_mydesign_1', output port 'sram_raddr_c0[4]' is connected directly to output port 'sram_raddr_e3[4]'. (LINT-31)
Warning: In design 'fc_controller_mydesign_1', output port 'sram_raddr_c0[4]' is connected directly to output port 'sram_raddr_e2[4]'. (LINT-31)
Warning: In design 'fc_controller_mydesign_1', output port 'sram_raddr_c0[4]' is connected directly to output port 'sram_raddr_e1[4]'. (LINT-31)
Warning: In design 'fc_controller_mydesign_1', output port 'sram_raddr_c0[4]' is connected directly to output port 'sram_raddr_e0[4]'. (LINT-31)
Warning: In design 'fc_controller_mydesign_1', output port 'sram_raddr_c0[4]' is connected directly to output port 'sram_raddr_d4[4]'. (LINT-31)
Warning: In design 'fc_controller_mydesign_1', output port 'sram_raddr_c0[4]' is connected directly to output port 'sram_raddr_d3[4]'. (LINT-31)
Warning: In design 'fc_controller_mydesign_1', output port 'sram_raddr_c0[4]' is connected directly to output port 'sram_raddr_d2[4]'. (LINT-31)
Warning: In design 'fc_controller_mydesign_1', output port 'sram_raddr_c0[4]' is connected directly to output port 'sram_raddr_d1[4]'. (LINT-31)
Warning: In design 'fc_controller_mydesign_1', output port 'sram_raddr_c0[4]' is connected directly to output port 'sram_raddr_d0[4]'. (LINT-31)
Warning: In design 'fc_controller_mydesign_1', output port 'sram_raddr_c0[4]' is connected directly to output port 'sram_raddr_c4[4]'. (LINT-31)
Warning: In design 'fc_controller_mydesign_1', output port 'sram_raddr_c0[4]' is connected directly to output port 'sram_raddr_c3[4]'. (LINT-31)
Warning: In design 'fc_controller_mydesign_1', output port 'sram_raddr_c0[4]' is connected directly to output port 'sram_raddr_c2[4]'. (LINT-31)
Warning: In design 'fc_controller_mydesign_1', output port 'sram_raddr_c0[4]' is connected directly to output port 'sram_raddr_c1[4]'. (LINT-31)
Warning: In design 'fc_controller_mydesign_1', output port 'sram_raddr_c0[3]' is connected directly to output port 'sram_raddr_e4[3]'. (LINT-31)
Warning: In design 'fc_controller_mydesign_1', output port 'sram_raddr_c0[3]' is connected directly to output port 'sram_raddr_e3[3]'. (LINT-31)
Warning: In design 'fc_controller_mydesign_1', output port 'sram_raddr_c0[3]' is connected directly to output port 'sram_raddr_e2[3]'. (LINT-31)
Warning: In design 'fc_controller_mydesign_1', output port 'sram_raddr_c0[3]' is connected directly to output port 'sram_raddr_e1[3]'. (LINT-31)
Warning: In design 'fc_controller_mydesign_1', output port 'sram_raddr_c0[3]' is connected directly to output port 'sram_raddr_e0[3]'. (LINT-31)
Warning: In design 'fc_controller_mydesign_1', output port 'sram_raddr_c0[3]' is connected directly to output port 'sram_raddr_d4[3]'. (LINT-31)
Warning: In design 'fc_controller_mydesign_1', output port 'sram_raddr_c0[3]' is connected directly to output port 'sram_raddr_d3[3]'. (LINT-31)
Warning: In design 'fc_controller_mydesign_1', output port 'sram_raddr_c0[3]' is connected directly to output port 'sram_raddr_d2[3]'. (LINT-31)
Warning: In design 'fc_controller_mydesign_1', output port 'sram_raddr_c0[3]' is connected directly to output port 'sram_raddr_d1[3]'. (LINT-31)
Warning: In design 'fc_controller_mydesign_1', output port 'sram_raddr_c0[3]' is connected directly to output port 'sram_raddr_d0[3]'. (LINT-31)
Warning: In design 'fc_controller_mydesign_1', output port 'sram_raddr_c0[3]' is connected directly to output port 'sram_raddr_c4[3]'. (LINT-31)
Warning: In design 'fc_controller_mydesign_1', output port 'sram_raddr_c0[3]' is connected directly to output port 'sram_raddr_c3[3]'. (LINT-31)
Warning: In design 'fc_controller_mydesign_1', output port 'sram_raddr_c0[3]' is connected directly to output port 'sram_raddr_c2[3]'. (LINT-31)
Warning: In design 'fc_controller_mydesign_1', output port 'sram_raddr_c0[3]' is connected directly to output port 'sram_raddr_c1[3]'. (LINT-31)
Warning: In design 'fc_controller_mydesign_1', output port 'sram_raddr_c0[2]' is connected directly to output port 'sram_raddr_e4[2]'. (LINT-31)
Warning: In design 'fc_controller_mydesign_1', output port 'sram_raddr_c0[2]' is connected directly to output port 'sram_raddr_e3[2]'. (LINT-31)
Warning: In design 'fc_controller_mydesign_1', output port 'sram_raddr_c0[2]' is connected directly to output port 'sram_raddr_e2[2]'. (LINT-31)
Warning: In design 'fc_controller_mydesign_1', output port 'sram_raddr_c0[2]' is connected directly to output port 'sram_raddr_e1[2]'. (LINT-31)
Warning: In design 'fc_controller_mydesign_1', output port 'sram_raddr_c0[2]' is connected directly to output port 'sram_raddr_e0[2]'. (LINT-31)
Warning: In design 'fc_controller_mydesign_1', output port 'sram_raddr_c0[2]' is connected directly to output port 'sram_raddr_d4[2]'. (LINT-31)
Warning: In design 'fc_controller_mydesign_1', output port 'sram_raddr_c0[2]' is connected directly to output port 'sram_raddr_d3[2]'. (LINT-31)
Warning: In design 'fc_controller_mydesign_1', output port 'sram_raddr_c0[2]' is connected directly to output port 'sram_raddr_d2[2]'. (LINT-31)
Warning: In design 'fc_controller_mydesign_1', output port 'sram_raddr_c0[2]' is connected directly to output port 'sram_raddr_d1[2]'. (LINT-31)
Warning: In design 'fc_controller_mydesign_1', output port 'sram_raddr_c0[2]' is connected directly to output port 'sram_raddr_d0[2]'. (LINT-31)
Warning: In design 'fc_controller_mydesign_1', output port 'sram_raddr_c0[2]' is connected directly to output port 'sram_raddr_c4[2]'. (LINT-31)
Warning: In design 'fc_controller_mydesign_1', output port 'sram_raddr_c0[2]' is connected directly to output port 'sram_raddr_c3[2]'. (LINT-31)
Warning: In design 'fc_controller_mydesign_1', output port 'sram_raddr_c0[2]' is connected directly to output port 'sram_raddr_c2[2]'. (LINT-31)
Warning: In design 'fc_controller_mydesign_1', output port 'sram_raddr_c0[2]' is connected directly to output port 'sram_raddr_c1[2]'. (LINT-31)
Warning: In design 'fc_controller_mydesign_1', output port 'sram_raddr_c0[1]' is connected directly to output port 'sram_raddr_e4[1]'. (LINT-31)
Warning: In design 'fc_controller_mydesign_1', output port 'sram_raddr_c0[1]' is connected directly to output port 'sram_raddr_e3[1]'. (LINT-31)
Warning: In design 'fc_controller_mydesign_1', output port 'sram_raddr_c0[1]' is connected directly to output port 'sram_raddr_e2[1]'. (LINT-31)
Warning: In design 'fc_controller_mydesign_1', output port 'sram_raddr_c0[1]' is connected directly to output port 'sram_raddr_e1[1]'. (LINT-31)
Warning: In design 'fc_controller_mydesign_1', output port 'sram_raddr_c0[1]' is connected directly to output port 'sram_raddr_e0[1]'. (LINT-31)
Warning: In design 'fc_controller_mydesign_1', output port 'sram_raddr_c0[1]' is connected directly to output port 'sram_raddr_d4[1]'. (LINT-31)
Warning: In design 'fc_controller_mydesign_1', output port 'sram_raddr_c0[1]' is connected directly to output port 'sram_raddr_d3[1]'. (LINT-31)
Warning: In design 'fc_controller_mydesign_1', output port 'sram_raddr_c0[1]' is connected directly to output port 'sram_raddr_d2[1]'. (LINT-31)
Warning: In design 'fc_controller_mydesign_1', output port 'sram_raddr_c0[1]' is connected directly to output port 'sram_raddr_d1[1]'. (LINT-31)
Warning: In design 'fc_controller_mydesign_1', output port 'sram_raddr_c0[1]' is connected directly to output port 'sram_raddr_d0[1]'. (LINT-31)
Warning: In design 'fc_controller_mydesign_1', output port 'sram_raddr_c0[1]' is connected directly to output port 'sram_raddr_c4[1]'. (LINT-31)
Warning: In design 'fc_controller_mydesign_1', output port 'sram_raddr_c0[1]' is connected directly to output port 'sram_raddr_c3[1]'. (LINT-31)
Warning: In design 'fc_controller_mydesign_1', output port 'sram_raddr_c0[1]' is connected directly to output port 'sram_raddr_c2[1]'. (LINT-31)
Warning: In design 'fc_controller_mydesign_1', output port 'sram_raddr_c0[1]' is connected directly to output port 'sram_raddr_c1[1]'. (LINT-31)
Warning: In design 'fc_controller_mydesign_1', output port 'sram_raddr_c0[0]' is connected directly to output port 'sram_raddr_e4[0]'. (LINT-31)
Warning: In design 'fc_controller_mydesign_1', output port 'sram_raddr_c0[0]' is connected directly to output port 'sram_raddr_e3[0]'. (LINT-31)
Warning: In design 'fc_controller_mydesign_1', output port 'sram_raddr_c0[0]' is connected directly to output port 'sram_raddr_e2[0]'. (LINT-31)
Warning: In design 'fc_controller_mydesign_1', output port 'sram_raddr_c0[0]' is connected directly to output port 'sram_raddr_e1[0]'. (LINT-31)
Warning: In design 'fc_controller_mydesign_1', output port 'sram_raddr_c0[0]' is connected directly to output port 'sram_raddr_e0[0]'. (LINT-31)
Warning: In design 'fc_controller_mydesign_1', output port 'sram_raddr_c0[0]' is connected directly to output port 'sram_raddr_d4[0]'. (LINT-31)
Warning: In design 'fc_controller_mydesign_1', output port 'sram_raddr_c0[0]' is connected directly to output port 'sram_raddr_d3[0]'. (LINT-31)
Warning: In design 'fc_controller_mydesign_1', output port 'sram_raddr_c0[0]' is connected directly to output port 'sram_raddr_d2[0]'. (LINT-31)
Warning: In design 'fc_controller_mydesign_1', output port 'sram_raddr_c0[0]' is connected directly to output port 'sram_raddr_d1[0]'. (LINT-31)
Warning: In design 'fc_controller_mydesign_1', output port 'sram_raddr_c0[0]' is connected directly to output port 'sram_raddr_d0[0]'. (LINT-31)
Warning: In design 'fc_controller_mydesign_1', output port 'sram_raddr_c0[0]' is connected directly to output port 'sram_raddr_c4[0]'. (LINT-31)
Warning: In design 'fc_controller_mydesign_1', output port 'sram_raddr_c0[0]' is connected directly to output port 'sram_raddr_c3[0]'. (LINT-31)
Warning: In design 'fc_controller_mydesign_1', output port 'sram_raddr_c0[0]' is connected directly to output port 'sram_raddr_c2[0]'. (LINT-31)
Warning: In design 'fc_controller_mydesign_1', output port 'sram_raddr_c0[0]' is connected directly to output port 'sram_raddr_c1[0]'. (LINT-31)
Warning: In design 'conv_top_mydesign_0', output port 'sram_wdata_b[7]' is connected directly to output port 'sram_wdata_d[7]'. (LINT-31)
Warning: In design 'conv_top_mydesign_0', output port 'sram_wdata_b[7]' is connected directly to output port 'sram_wdata_c[7]'. (LINT-31)
Warning: In design 'conv_top_mydesign_0', output port 'sram_wdata_b[6]' is connected directly to output port 'sram_wdata_d[6]'. (LINT-31)
Warning: In design 'conv_top_mydesign_0', output port 'sram_wdata_b[6]' is connected directly to output port 'sram_wdata_c[6]'. (LINT-31)
Warning: In design 'conv_top_mydesign_0', output port 'sram_wdata_b[5]' is connected directly to output port 'sram_wdata_d[5]'. (LINT-31)
Warning: In design 'conv_top_mydesign_0', output port 'sram_wdata_b[5]' is connected directly to output port 'sram_wdata_c[5]'. (LINT-31)
Warning: In design 'conv_top_mydesign_0', output port 'sram_wdata_b[4]' is connected directly to output port 'sram_wdata_d[4]'. (LINT-31)
Warning: In design 'conv_top_mydesign_0', output port 'sram_wdata_b[4]' is connected directly to output port 'sram_wdata_c[4]'. (LINT-31)
Warning: In design 'conv_top_mydesign_0', output port 'sram_wdata_b[3]' is connected directly to output port 'sram_wdata_d[3]'. (LINT-31)
Warning: In design 'conv_top_mydesign_0', output port 'sram_wdata_b[3]' is connected directly to output port 'sram_wdata_c[3]'. (LINT-31)
Warning: In design 'conv_top_mydesign_0', output port 'sram_wdata_b[2]' is connected directly to output port 'sram_wdata_d[2]'. (LINT-31)
Warning: In design 'conv_top_mydesign_0', output port 'sram_wdata_b[2]' is connected directly to output port 'sram_wdata_c[2]'. (LINT-31)
Warning: In design 'conv_top_mydesign_0', output port 'sram_wdata_b[1]' is connected directly to output port 'sram_wdata_d[1]'. (LINT-31)
Warning: In design 'conv_top_mydesign_0', output port 'sram_wdata_b[1]' is connected directly to output port 'sram_wdata_c[1]'. (LINT-31)
Warning: In design 'conv_top_mydesign_0', output port 'sram_wdata_b[0]' is connected directly to output port 'sram_wdata_d[0]'. (LINT-31)
Warning: In design 'conv_top_mydesign_0', output port 'sram_wdata_b[0]' is connected directly to output port 'sram_wdata_c[0]'. (LINT-31)
Warning: In design 'fc_top_mydesign_0', output port 'sram_bytemask_e[3]' is connected directly to output port 'sram_bytemask_f[3]'. (LINT-31)
Warning: In design 'fc_top_mydesign_0', output port 'sram_bytemask_e[2]' is connected directly to output port 'sram_bytemask_f[2]'. (LINT-31)
Warning: In design 'fc_top_mydesign_0', output port 'sram_bytemask_e[1]' is connected directly to output port 'sram_bytemask_f[1]'. (LINT-31)
Warning: In design 'fc_top_mydesign_0', output port 'sram_bytemask_e[0]' is connected directly to output port 'sram_bytemask_f[0]'. (LINT-31)
Warning: In design 'fc_top_mydesign_0', output port 'sram_waddr_e[1]' is connected directly to output port 'sram_waddr_f[1]'. (LINT-31)
Warning: In design 'fc_top_mydesign_0', output port 'sram_waddr_e[0]' is connected directly to output port 'sram_waddr_f[0]'. (LINT-31)
Warning: In design 'fc_top_mydesign_0', output port 'sram_wdata_e[7]' is connected directly to output port 'sram_wdata_f[7]'. (LINT-31)
Warning: In design 'fc_top_mydesign_0', output port 'sram_wdata_e[6]' is connected directly to output port 'sram_wdata_f[6]'. (LINT-31)
Warning: In design 'fc_top_mydesign_0', output port 'sram_wdata_e[5]' is connected directly to output port 'sram_wdata_f[5]'. (LINT-31)
Warning: In design 'fc_top_mydesign_0', output port 'sram_wdata_e[4]' is connected directly to output port 'sram_wdata_f[4]'. (LINT-31)
Warning: In design 'fc_top_mydesign_0', output port 'sram_wdata_e[3]' is connected directly to output port 'sram_wdata_f[3]'. (LINT-31)
Warning: In design 'fc_top_mydesign_0', output port 'sram_wdata_e[2]' is connected directly to output port 'sram_wdata_f[2]'. (LINT-31)
Warning: In design 'fc_top_mydesign_0', output port 'sram_wdata_e[1]' is connected directly to output port 'sram_wdata_f[1]'. (LINT-31)
Warning: In design 'fc_top_mydesign_0', output port 'sram_wdata_e[0]' is connected directly to output port 'sram_wdata_f[0]'. (LINT-31)
Warning: In design 'fc_controller_mydesign_0', output port 'sram_raddr_c0[5]' is connected directly to output port 'sram_raddr_d4[5]'. (LINT-31)
Warning: In design 'fc_controller_mydesign_0', output port 'sram_raddr_c0[5]' is connected directly to output port 'sram_raddr_d3[5]'. (LINT-31)
Warning: In design 'fc_controller_mydesign_0', output port 'sram_raddr_c0[5]' is connected directly to output port 'sram_raddr_d2[5]'. (LINT-31)
Warning: In design 'fc_controller_mydesign_0', output port 'sram_raddr_c0[5]' is connected directly to output port 'sram_raddr_d1[5]'. (LINT-31)
Warning: In design 'fc_controller_mydesign_0', output port 'sram_raddr_c0[5]' is connected directly to output port 'sram_raddr_d0[5]'. (LINT-31)
Warning: In design 'fc_controller_mydesign_0', output port 'sram_raddr_c0[5]' is connected directly to output port 'sram_raddr_c4[5]'. (LINT-31)
Warning: In design 'fc_controller_mydesign_0', output port 'sram_raddr_c0[5]' is connected directly to output port 'sram_raddr_c3[5]'. (LINT-31)
Warning: In design 'fc_controller_mydesign_0', output port 'sram_raddr_c0[5]' is connected directly to output port 'sram_raddr_c2[5]'. (LINT-31)
Warning: In design 'fc_controller_mydesign_0', output port 'sram_raddr_c0[5]' is connected directly to output port 'sram_raddr_c1[5]'. (LINT-31)
Warning: In design 'fc_controller_mydesign_0', output port 'sram_raddr_c0[4]' is connected directly to output port 'sram_raddr_e4[4]'. (LINT-31)
Warning: In design 'fc_controller_mydesign_0', output port 'sram_raddr_c0[4]' is connected directly to output port 'sram_raddr_e3[4]'. (LINT-31)
Warning: In design 'fc_controller_mydesign_0', output port 'sram_raddr_c0[4]' is connected directly to output port 'sram_raddr_e2[4]'. (LINT-31)
Warning: In design 'fc_controller_mydesign_0', output port 'sram_raddr_c0[4]' is connected directly to output port 'sram_raddr_e1[4]'. (LINT-31)
Warning: In design 'fc_controller_mydesign_0', output port 'sram_raddr_c0[4]' is connected directly to output port 'sram_raddr_e0[4]'. (LINT-31)
Warning: In design 'fc_controller_mydesign_0', output port 'sram_raddr_c0[4]' is connected directly to output port 'sram_raddr_d4[4]'. (LINT-31)
Warning: In design 'fc_controller_mydesign_0', output port 'sram_raddr_c0[4]' is connected directly to output port 'sram_raddr_d3[4]'. (LINT-31)
Warning: In design 'fc_controller_mydesign_0', output port 'sram_raddr_c0[4]' is connected directly to output port 'sram_raddr_d2[4]'. (LINT-31)
Warning: In design 'fc_controller_mydesign_0', output port 'sram_raddr_c0[4]' is connected directly to output port 'sram_raddr_d1[4]'. (LINT-31)
Warning: In design 'fc_controller_mydesign_0', output port 'sram_raddr_c0[4]' is connected directly to output port 'sram_raddr_d0[4]'. (LINT-31)
Warning: In design 'fc_controller_mydesign_0', output port 'sram_raddr_c0[4]' is connected directly to output port 'sram_raddr_c4[4]'. (LINT-31)
Warning: In design 'fc_controller_mydesign_0', output port 'sram_raddr_c0[4]' is connected directly to output port 'sram_raddr_c3[4]'. (LINT-31)
Warning: In design 'fc_controller_mydesign_0', output port 'sram_raddr_c0[4]' is connected directly to output port 'sram_raddr_c2[4]'. (LINT-31)
Warning: In design 'fc_controller_mydesign_0', output port 'sram_raddr_c0[4]' is connected directly to output port 'sram_raddr_c1[4]'. (LINT-31)
Warning: In design 'fc_controller_mydesign_0', output port 'sram_raddr_c0[3]' is connected directly to output port 'sram_raddr_e4[3]'. (LINT-31)
Warning: In design 'fc_controller_mydesign_0', output port 'sram_raddr_c0[3]' is connected directly to output port 'sram_raddr_e3[3]'. (LINT-31)
Warning: In design 'fc_controller_mydesign_0', output port 'sram_raddr_c0[3]' is connected directly to output port 'sram_raddr_e2[3]'. (LINT-31)
Warning: In design 'fc_controller_mydesign_0', output port 'sram_raddr_c0[3]' is connected directly to output port 'sram_raddr_e1[3]'. (LINT-31)
Warning: In design 'fc_controller_mydesign_0', output port 'sram_raddr_c0[3]' is connected directly to output port 'sram_raddr_e0[3]'. (LINT-31)
Warning: In design 'fc_controller_mydesign_0', output port 'sram_raddr_c0[3]' is connected directly to output port 'sram_raddr_d4[3]'. (LINT-31)
Warning: In design 'fc_controller_mydesign_0', output port 'sram_raddr_c0[3]' is connected directly to output port 'sram_raddr_d3[3]'. (LINT-31)
Warning: In design 'fc_controller_mydesign_0', output port 'sram_raddr_c0[3]' is connected directly to output port 'sram_raddr_d2[3]'. (LINT-31)
Warning: In design 'fc_controller_mydesign_0', output port 'sram_raddr_c0[3]' is connected directly to output port 'sram_raddr_d1[3]'. (LINT-31)
Warning: In design 'fc_controller_mydesign_0', output port 'sram_raddr_c0[3]' is connected directly to output port 'sram_raddr_d0[3]'. (LINT-31)
Warning: In design 'fc_controller_mydesign_0', output port 'sram_raddr_c0[3]' is connected directly to output port 'sram_raddr_c4[3]'. (LINT-31)
Warning: In design 'fc_controller_mydesign_0', output port 'sram_raddr_c0[3]' is connected directly to output port 'sram_raddr_c3[3]'. (LINT-31)
Warning: In design 'fc_controller_mydesign_0', output port 'sram_raddr_c0[3]' is connected directly to output port 'sram_raddr_c2[3]'. (LINT-31)
Warning: In design 'fc_controller_mydesign_0', output port 'sram_raddr_c0[3]' is connected directly to output port 'sram_raddr_c1[3]'. (LINT-31)
Warning: In design 'fc_controller_mydesign_0', output port 'sram_raddr_c0[2]' is connected directly to output port 'sram_raddr_e4[2]'. (LINT-31)
Warning: In design 'fc_controller_mydesign_0', output port 'sram_raddr_c0[2]' is connected directly to output port 'sram_raddr_e3[2]'. (LINT-31)
Warning: In design 'fc_controller_mydesign_0', output port 'sram_raddr_c0[2]' is connected directly to output port 'sram_raddr_e2[2]'. (LINT-31)
Warning: In design 'fc_controller_mydesign_0', output port 'sram_raddr_c0[2]' is connected directly to output port 'sram_raddr_e1[2]'. (LINT-31)
Warning: In design 'fc_controller_mydesign_0', output port 'sram_raddr_c0[2]' is connected directly to output port 'sram_raddr_e0[2]'. (LINT-31)
Warning: In design 'fc_controller_mydesign_0', output port 'sram_raddr_c0[2]' is connected directly to output port 'sram_raddr_d4[2]'. (LINT-31)
Warning: In design 'fc_controller_mydesign_0', output port 'sram_raddr_c0[2]' is connected directly to output port 'sram_raddr_d3[2]'. (LINT-31)
Warning: In design 'fc_controller_mydesign_0', output port 'sram_raddr_c0[2]' is connected directly to output port 'sram_raddr_d2[2]'. (LINT-31)
Warning: In design 'fc_controller_mydesign_0', output port 'sram_raddr_c0[2]' is connected directly to output port 'sram_raddr_d1[2]'. (LINT-31)
Warning: In design 'fc_controller_mydesign_0', output port 'sram_raddr_c0[2]' is connected directly to output port 'sram_raddr_d0[2]'. (LINT-31)
Warning: In design 'fc_controller_mydesign_0', output port 'sram_raddr_c0[2]' is connected directly to output port 'sram_raddr_c4[2]'. (LINT-31)
Warning: In design 'fc_controller_mydesign_0', output port 'sram_raddr_c0[2]' is connected directly to output port 'sram_raddr_c3[2]'. (LINT-31)
Warning: In design 'fc_controller_mydesign_0', output port 'sram_raddr_c0[2]' is connected directly to output port 'sram_raddr_c2[2]'. (LINT-31)
Warning: In design 'fc_controller_mydesign_0', output port 'sram_raddr_c0[2]' is connected directly to output port 'sram_raddr_c1[2]'. (LINT-31)
Warning: In design 'fc_controller_mydesign_0', output port 'sram_raddr_c0[1]' is connected directly to output port 'sram_raddr_e4[1]'. (LINT-31)
Warning: In design 'fc_controller_mydesign_0', output port 'sram_raddr_c0[1]' is connected directly to output port 'sram_raddr_e3[1]'. (LINT-31)
Warning: In design 'fc_controller_mydesign_0', output port 'sram_raddr_c0[1]' is connected directly to output port 'sram_raddr_e2[1]'. (LINT-31)
Warning: In design 'fc_controller_mydesign_0', output port 'sram_raddr_c0[1]' is connected directly to output port 'sram_raddr_e1[1]'. (LINT-31)
Warning: In design 'fc_controller_mydesign_0', output port 'sram_raddr_c0[1]' is connected directly to output port 'sram_raddr_e0[1]'. (LINT-31)
Warning: In design 'fc_controller_mydesign_0', output port 'sram_raddr_c0[1]' is connected directly to output port 'sram_raddr_d4[1]'. (LINT-31)
Warning: In design 'fc_controller_mydesign_0', output port 'sram_raddr_c0[1]' is connected directly to output port 'sram_raddr_d3[1]'. (LINT-31)
Warning: In design 'fc_controller_mydesign_0', output port 'sram_raddr_c0[1]' is connected directly to output port 'sram_raddr_d2[1]'. (LINT-31)
Warning: In design 'fc_controller_mydesign_0', output port 'sram_raddr_c0[1]' is connected directly to output port 'sram_raddr_d1[1]'. (LINT-31)
Warning: In design 'fc_controller_mydesign_0', output port 'sram_raddr_c0[1]' is connected directly to output port 'sram_raddr_d0[1]'. (LINT-31)
Warning: In design 'fc_controller_mydesign_0', output port 'sram_raddr_c0[1]' is connected directly to output port 'sram_raddr_c4[1]'. (LINT-31)
Warning: In design 'fc_controller_mydesign_0', output port 'sram_raddr_c0[1]' is connected directly to output port 'sram_raddr_c3[1]'. (LINT-31)
Warning: In design 'fc_controller_mydesign_0', output port 'sram_raddr_c0[1]' is connected directly to output port 'sram_raddr_c2[1]'. (LINT-31)
Warning: In design 'fc_controller_mydesign_0', output port 'sram_raddr_c0[1]' is connected directly to output port 'sram_raddr_c1[1]'. (LINT-31)
Warning: In design 'fc_controller_mydesign_0', output port 'sram_raddr_c0[0]' is connected directly to output port 'sram_raddr_e4[0]'. (LINT-31)
Warning: In design 'fc_controller_mydesign_0', output port 'sram_raddr_c0[0]' is connected directly to output port 'sram_raddr_e3[0]'. (LINT-31)
Warning: In design 'fc_controller_mydesign_0', output port 'sram_raddr_c0[0]' is connected directly to output port 'sram_raddr_e2[0]'. (LINT-31)
Warning: In design 'fc_controller_mydesign_0', output port 'sram_raddr_c0[0]' is connected directly to output port 'sram_raddr_e1[0]'. (LINT-31)
Warning: In design 'fc_controller_mydesign_0', output port 'sram_raddr_c0[0]' is connected directly to output port 'sram_raddr_e0[0]'. (LINT-31)
Warning: In design 'fc_controller_mydesign_0', output port 'sram_raddr_c0[0]' is connected directly to output port 'sram_raddr_d4[0]'. (LINT-31)
Warning: In design 'fc_controller_mydesign_0', output port 'sram_raddr_c0[0]' is connected directly to output port 'sram_raddr_d3[0]'. (LINT-31)
Warning: In design 'fc_controller_mydesign_0', output port 'sram_raddr_c0[0]' is connected directly to output port 'sram_raddr_d2[0]'. (LINT-31)
Warning: In design 'fc_controller_mydesign_0', output port 'sram_raddr_c0[0]' is connected directly to output port 'sram_raddr_d1[0]'. (LINT-31)
Warning: In design 'fc_controller_mydesign_0', output port 'sram_raddr_c0[0]' is connected directly to output port 'sram_raddr_d0[0]'. (LINT-31)
Warning: In design 'fc_controller_mydesign_0', output port 'sram_raddr_c0[0]' is connected directly to output port 'sram_raddr_c4[0]'. (LINT-31)
Warning: In design 'fc_controller_mydesign_0', output port 'sram_raddr_c0[0]' is connected directly to output port 'sram_raddr_c3[0]'. (LINT-31)
Warning: In design 'fc_controller_mydesign_0', output port 'sram_raddr_c0[0]' is connected directly to output port 'sram_raddr_c2[0]'. (LINT-31)
Warning: In design 'fc_controller_mydesign_0', output port 'sram_raddr_c0[0]' is connected directly to output port 'sram_raddr_c1[0]'. (LINT-31)
Warning: In design 'lenet_2set', three-state bus 'lenet_1/conv_sram_raddr_weight[16]' has non three-state driver 'lenet_1/conv_top/conv_control/sram_raddr_weight_reg[16]/Q'. (LINT-34)
Warning: In design 'lenet_2set', three-state bus 'lenet_1/conv_sram_raddr_weight[15]' has non three-state driver 'lenet_1/conv_top/conv_control/sram_raddr_weight_reg[15]/Q'. (LINT-34)
Warning: In design 'lenet_2set', three-state bus 'lenet_1/conv_sram_raddr_weight[14]' has non three-state driver 'lenet_1/conv_top/conv_control/sram_raddr_weight_reg[14]/Q'. (LINT-34)
Warning: In design 'lenet_2set', three-state bus 'lenet_1/conv_sram_raddr_weight[13]' has non three-state driver 'lenet_1/conv_top/conv_control/sram_raddr_weight_reg[13]/Q'. (LINT-34)
Warning: In design 'lenet_2set', three-state bus 'lenet_1/conv_sram_raddr_weight[12]' has non three-state driver 'lenet_1/conv_top/conv_control/sram_raddr_weight_reg[12]/Q'. (LINT-34)
Warning: In design 'lenet_2set', three-state bus 'lenet_1/conv_sram_raddr_weight[11]' has non three-state driver 'lenet_1/conv_top/conv_control/sram_raddr_weight_reg[11]/Q'. (LINT-34)
Warning: In design 'lenet_2set', three-state bus 'lenet_1/conv_sram_raddr_weight[10]' has non three-state driver 'lenet_1/conv_top/conv_control/sram_raddr_weight_reg[10]/Q'. (LINT-34)
Warning: In design 'lenet_2set', three-state bus 'lenet_1/conv_sram_raddr_weight[9]' has non three-state driver 'lenet_1/conv_top/conv_control/sram_raddr_weight_reg[9]/Q'. (LINT-34)
Warning: In design 'lenet_2set', three-state bus 'lenet_1/conv_sram_raddr_weight[8]' has non three-state driver 'lenet_1/conv_top/conv_control/sram_raddr_weight_reg[8]/Q'. (LINT-34)
Warning: In design 'lenet_2set', three-state bus 'lenet_1/conv_sram_raddr_weight[7]' has non three-state driver 'lenet_1/conv_top/conv_control/sram_raddr_weight_reg[7]/Q'. (LINT-34)
Warning: In design 'lenet_2set', three-state bus 'lenet_1/conv_sram_raddr_weight[6]' has non three-state driver 'lenet_1/conv_top/conv_control/sram_raddr_weight_reg[6]/Q'. (LINT-34)
Warning: In design 'lenet_2set', three-state bus 'lenet_1/conv_sram_raddr_weight[5]' has non three-state driver 'lenet_1/conv_top/conv_control/sram_raddr_weight_reg[5]/Q'. (LINT-34)
Warning: In design 'lenet_2set', three-state bus 'lenet_1/conv_sram_raddr_weight[4]' has non three-state driver 'lenet_1/conv_top/conv_control/sram_raddr_weight_reg[4]/Q'. (LINT-34)
Warning: In design 'lenet_2set', three-state bus 'lenet_1/conv_sram_raddr_weight[3]' has non three-state driver 'lenet_1/conv_top/conv_control/sram_raddr_weight_reg[3]/Q'. (LINT-34)
Warning: In design 'lenet_2set', three-state bus 'lenet_1/conv_sram_raddr_weight[2]' has non three-state driver 'lenet_1/conv_top/conv_control/sram_raddr_weight_reg[2]/Q'. (LINT-34)
Warning: In design 'lenet_2set', three-state bus 'lenet_1/conv_sram_raddr_weight[1]' has non three-state driver 'lenet_1/conv_top/conv_control/sram_raddr_weight_reg[1]/Q'. (LINT-34)
Warning: In design 'lenet_2set', three-state bus 'lenet_1/conv_sram_raddr_weight[0]' has non three-state driver 'lenet_1/conv_top/conv_control/sram_raddr_weight_reg[0]/Q'. (LINT-34)
Warning: In design 'lenet_2set', three-state bus 'conv_sram_raddr_weight[0]' has non three-state driver 'lenet_0/conv_top/conv_control/sram_raddr_weight_reg[0]/Q'. (LINT-34)
Warning: In design 'lenet_2set', three-state bus 'conv_sram_raddr_weight[1]' has non three-state driver 'lenet_0/conv_top/conv_control/sram_raddr_weight_reg[1]/Q'. (LINT-34)
Warning: In design 'lenet_2set', three-state bus 'conv_sram_raddr_weight[2]' has non three-state driver 'lenet_0/conv_top/conv_control/sram_raddr_weight_reg[2]/Q'. (LINT-34)
Warning: In design 'lenet_2set', three-state bus 'conv_sram_raddr_weight[3]' has non three-state driver 'lenet_0/conv_top/conv_control/sram_raddr_weight_reg[3]/Q'. (LINT-34)
Warning: In design 'lenet_2set', three-state bus 'conv_sram_raddr_weight[4]' has non three-state driver 'lenet_0/conv_top/conv_control/sram_raddr_weight_reg[4]/Q'. (LINT-34)
Warning: In design 'lenet_2set', three-state bus 'conv_sram_raddr_weight[5]' has non three-state driver 'lenet_0/conv_top/conv_control/sram_raddr_weight_reg[5]/Q'. (LINT-34)
Warning: In design 'lenet_2set', three-state bus 'conv_sram_raddr_weight[6]' has non three-state driver 'lenet_0/conv_top/conv_control/sram_raddr_weight_reg[6]/Q'. (LINT-34)
Warning: In design 'lenet_2set', three-state bus 'conv_sram_raddr_weight[7]' has non three-state driver 'lenet_0/conv_top/conv_control/sram_raddr_weight_reg[7]/Q'. (LINT-34)
Warning: In design 'lenet_2set', three-state bus 'conv_sram_raddr_weight[8]' has non three-state driver 'lenet_0/conv_top/conv_control/sram_raddr_weight_reg[8]/Q'. (LINT-34)
Warning: In design 'lenet_2set', three-state bus 'conv_sram_raddr_weight[9]' has non three-state driver 'lenet_0/conv_top/conv_control/sram_raddr_weight_reg[9]/Q'. (LINT-34)
Warning: In design 'lenet_2set', three-state bus 'conv_sram_raddr_weight[10]' has non three-state driver 'lenet_0/conv_top/conv_control/sram_raddr_weight_reg[10]/Q'. (LINT-34)
Warning: In design 'lenet_2set', three-state bus 'conv_sram_raddr_weight[11]' has non three-state driver 'lenet_0/conv_top/conv_control/sram_raddr_weight_reg[11]/Q'. (LINT-34)
Warning: In design 'lenet_2set', three-state bus 'conv_sram_raddr_weight[12]' has non three-state driver 'lenet_0/conv_top/conv_control/sram_raddr_weight_reg[12]/Q'. (LINT-34)
Warning: In design 'lenet_2set', three-state bus 'conv_sram_raddr_weight[13]' has non three-state driver 'lenet_0/conv_top/conv_control/sram_raddr_weight_reg[13]/Q'. (LINT-34)
Warning: In design 'lenet_2set', three-state bus 'conv_sram_raddr_weight[14]' has non three-state driver 'lenet_0/conv_top/conv_control/sram_raddr_weight_reg[14]/Q'. (LINT-34)
Warning: In design 'lenet_2set', three-state bus 'conv_sram_raddr_weight[15]' has non three-state driver 'lenet_0/conv_top/conv_control/sram_raddr_weight_reg[15]/Q'. (LINT-34)
Warning: In design 'lenet_2set', three-state bus 'conv_sram_raddr_weight[16]' has non three-state driver 'lenet_0/conv_top/conv_control/sram_raddr_weight_reg[16]/Q'. (LINT-34)
Warning: In design 'lenet_2set', three-state bus 'lenet_0/conv_top/load_conv2_bias1_enable' has non three-state driver 'lenet_0/conv_top/conv_control/load_conv2_bias1_enable_reg/Q'. (LINT-34)
Warning: In design 'lenet_2set', three-state bus 'lenet_0/conv_top/load_conv2_bias0_enable' has non three-state driver 'lenet_0/conv_top/conv_control/load_conv2_bias0_enable_reg/Q'. (LINT-34)
Warning: In design 'lenet_2set', three-state bus 'lenet_0/conv_top/set[0]' has non three-state driver 'lenet_0/conv_top/conv_control/set_reg[0]/Q'. (LINT-34)
Warning: In design 'lenet_2set', three-state bus 'lenet_0/conv_top/set[1]' has non three-state driver 'lenet_0/conv_top/conv_control/set_reg[1]/Q'. (LINT-34)
Warning: In design 'lenet_2set', three-state bus 'lenet_0/conv_top/set[2]' has non three-state driver 'lenet_0/conv_top/conv_control/set_reg[2]/Q'. (LINT-34)
Warning: In design 'lenet_2set', three-state bus 'lenet_0/conv_top/set[3]' has non three-state driver 'lenet_0/conv_top/conv_control/set_reg[3]/Q'. (LINT-34)
Warning: In design 'lenet_2set', three-state bus 'lenet_0/conv_top/set[4]' has non three-state driver 'lenet_0/conv_top/conv_control/set_reg[4]/Q'. (LINT-34)
Warning: In design 'lenet_2set', three-state bus 'lenet_0/conv_top/set[5]' has non three-state driver 'lenet_0/conv_top/conv_control/set_reg[5]/Q'. (LINT-34)
Warning: In design 'lenet_2set', three-state bus 'lenet_0/conv_top/set[6]' has non three-state driver 'lenet_0/conv_top/conv_control/set_reg[6]/Q'. (LINT-34)
Warning: In design 'lenet_2set', three-state bus 'lenet_0/conv_top/set[7]' has non three-state driver 'lenet_0/conv_top/conv_control/set_reg[7]/Q'. (LINT-34)
Warning: In design 'lenet_2set', three-state bus 'lenet_0/conv_top/conv1_bias_set[0]' has non three-state driver 'lenet_0/conv_top/conv_control/conv1_bias_set_reg[0]/Q'. (LINT-34)
Warning: In design 'lenet_2set', three-state bus 'lenet_0/conv_top/conv1_bias_set[1]' has non three-state driver 'lenet_0/conv_top/conv_control/conv1_bias_set_reg[1]/Q'. (LINT-34)
Warning: In design 'lenet_2set', three-state bus 'lenet_0/conv_top/conv1_bias_set[2]' has non three-state driver 'lenet_0/conv_top/conv_control/conv1_bias_set_reg[2]/Q'. (LINT-34)
Warning: In design 'lenet_2set', three-state bus 'lenet_0/conv_top/conv1_bias_set[3]' has non three-state driver 'lenet_0/conv_top/conv_control/conv1_bias_set_reg[3]/Q'. (LINT-34)
Warning: In design 'lenet_2set', three-state bus 'lenet_0/conv_top/conv1_bias_set[4]' has non three-state driver 'lenet_0/conv_top/conv_control/conv1_bias_set_reg[4]/Q'. (LINT-34)
Warning: In design 'lenet_2set', three-state bus 'lenet_0/conv_top/conv1_bias_set[5]' has non three-state driver 'lenet_0/conv_top/conv_control/conv1_bias_set_reg[5]/Q'. (LINT-34)
Warning: In design 'lenet_2set', three-state bus 'lenet_0/conv_top/conv1_bias_set[6]' has non three-state driver 'lenet_0/conv_top/conv_control/conv1_bias_set_reg[6]/Q'. (LINT-34)
Warning: In design 'lenet_2set', three-state bus 'lenet_0/conv_top/conv1_bias_set[7]' has non three-state driver 'lenet_0/conv_top/conv_control/conv1_bias_set_reg[7]/Q'. (LINT-34)
Warning: In design 'lenet_2set', three-state bus 'lenet_0/conv_top/conv1_bias_set[8]' has non three-state driver 'lenet_0/conv_top/conv_control/conv1_bias_set_reg[8]/Q'. (LINT-34)
Warning: In design 'lenet_2set', three-state bus 'lenet_0/conv_top/conv1_bias_set[9]' has non three-state driver 'lenet_0/conv_top/conv_control/conv1_bias_set_reg[9]/Q'. (LINT-34)
Warning: In design 'lenet_2set', three-state bus 'lenet_0/conv_top/conv1_bias_set[10]' has non three-state driver 'lenet_0/conv_top/conv_control/conv1_bias_set_reg[10]/Q'. (LINT-34)
Warning: In design 'lenet_2set', three-state bus 'lenet_0/conv_top/conv1_bias_set[11]' has non three-state driver 'lenet_0/conv_top/conv_control/conv1_bias_set_reg[11]/Q'. (LINT-34)
Warning: In design 'lenet_2set', three-state bus 'lenet_0/conv_top/conv1_bias_set[12]' has non three-state driver 'lenet_0/conv_top/conv_control/conv1_bias_set_reg[12]/Q'. (LINT-34)
Warning: In design 'lenet_2set', three-state bus 'lenet_0/conv_top/conv1_bias_set[13]' has non three-state driver 'lenet_0/conv_top/conv_control/conv1_bias_set_reg[13]/Q'. (LINT-34)
Warning: In design 'lenet_2set', three-state bus 'lenet_0/conv_top/conv1_bias_set[14]' has non three-state driver 'lenet_0/conv_top/conv_control/conv1_bias_set_reg[14]/Q'. (LINT-34)
Warning: In design 'lenet_2set', three-state bus 'lenet_0/conv_top/conv1_bias_set[15]' has non three-state driver 'lenet_0/conv_top/conv_control/conv1_bias_set_reg[15]/Q'. (LINT-34)
Warning: In design 'lenet_2set', three-state bus 'lenet_0/conv_top/conv1_bias_set[16]' has non three-state driver 'lenet_0/conv_top/conv_control/conv1_bias_set_reg[16]/Q'. (LINT-34)
Warning: In design 'lenet_2set', three-state bus 'lenet_0/conv_top/load_conv1_bias_enable' has non three-state driver 'lenet_0/conv_top/conv_control/load_conv1_bias_enable_reg/Q'. (LINT-34)
Warning: In design 'lenet_2set', three-state bus 'lenet_0/conv_top/mode[0]' has non three-state driver 'lenet_0/conv_top/fsm/mode_reg[0]/Q'. (LINT-34)
Warning: In design 'lenet_2set', three-state bus 'lenet_0/conv_top/mode[1]' has non three-state driver 'lenet_0/conv_top/fsm/mode_reg[1]/Q'. (LINT-34)
Warning: In design 'lenet_2set', three-state bus 'lenet_1/conv_top/load_conv2_bias1_enable' has non three-state driver 'lenet_1/conv_top/conv_control/load_conv2_bias1_enable_reg/Q'. (LINT-34)
Warning: In design 'lenet_2set', three-state bus 'lenet_1/conv_top/load_conv2_bias0_enable' has non three-state driver 'lenet_1/conv_top/conv_control/load_conv2_bias0_enable_reg/Q'. (LINT-34)
Warning: In design 'lenet_2set', three-state bus 'lenet_1/conv_top/set[0]' has non three-state driver 'lenet_1/conv_top/conv_control/set_reg[0]/Q'. (LINT-34)
Warning: In design 'lenet_2set', three-state bus 'lenet_1/conv_top/set[1]' has non three-state driver 'lenet_1/conv_top/conv_control/set_reg[1]/Q'. (LINT-34)
Warning: In design 'lenet_2set', three-state bus 'lenet_1/conv_top/set[2]' has non three-state driver 'lenet_1/conv_top/conv_control/set_reg[2]/Q'. (LINT-34)
Warning: In design 'lenet_2set', three-state bus 'lenet_1/conv_top/set[3]' has non three-state driver 'lenet_1/conv_top/conv_control/set_reg[3]/Q'. (LINT-34)
Warning: In design 'lenet_2set', three-state bus 'lenet_1/conv_top/set[4]' has non three-state driver 'lenet_1/conv_top/conv_control/set_reg[4]/Q'. (LINT-34)
Warning: In design 'lenet_2set', three-state bus 'lenet_1/conv_top/set[5]' has non three-state driver 'lenet_1/conv_top/conv_control/set_reg[5]/Q'. (LINT-34)
Warning: In design 'lenet_2set', three-state bus 'lenet_1/conv_top/set[6]' has non three-state driver 'lenet_1/conv_top/conv_control/set_reg[6]/Q'. (LINT-34)
Warning: In design 'lenet_2set', three-state bus 'lenet_1/conv_top/set[7]' has non three-state driver 'lenet_1/conv_top/conv_control/set_reg[7]/Q'. (LINT-34)
Warning: In design 'lenet_2set', three-state bus 'lenet_1/conv_top/conv1_bias_set[0]' has non three-state driver 'lenet_1/conv_top/conv_control/conv1_bias_set_reg[0]/Q'. (LINT-34)
Warning: In design 'lenet_2set', three-state bus 'lenet_1/conv_top/conv1_bias_set[1]' has non three-state driver 'lenet_1/conv_top/conv_control/conv1_bias_set_reg[1]/Q'. (LINT-34)
Warning: In design 'lenet_2set', three-state bus 'lenet_1/conv_top/conv1_bias_set[2]' has non three-state driver 'lenet_1/conv_top/conv_control/conv1_bias_set_reg[2]/Q'. (LINT-34)
Warning: In design 'lenet_2set', three-state bus 'lenet_1/conv_top/conv1_bias_set[3]' has non three-state driver 'lenet_1/conv_top/conv_control/conv1_bias_set_reg[3]/Q'. (LINT-34)
Warning: In design 'lenet_2set', three-state bus 'lenet_1/conv_top/conv1_bias_set[4]' has non three-state driver 'lenet_1/conv_top/conv_control/conv1_bias_set_reg[4]/Q'. (LINT-34)
Warning: In design 'lenet_2set', three-state bus 'lenet_1/conv_top/conv1_bias_set[5]' has non three-state driver 'lenet_1/conv_top/conv_control/conv1_bias_set_reg[5]/Q'. (LINT-34)
Warning: In design 'lenet_2set', three-state bus 'lenet_1/conv_top/conv1_bias_set[6]' has non three-state driver 'lenet_1/conv_top/conv_control/conv1_bias_set_reg[6]/Q'. (LINT-34)
Warning: In design 'lenet_2set', three-state bus 'lenet_1/conv_top/conv1_bias_set[7]' has non three-state driver 'lenet_1/conv_top/conv_control/conv1_bias_set_reg[7]/Q'. (LINT-34)
Warning: In design 'lenet_2set', three-state bus 'lenet_1/conv_top/conv1_bias_set[8]' has non three-state driver 'lenet_1/conv_top/conv_control/conv1_bias_set_reg[8]/Q'. (LINT-34)
Warning: In design 'lenet_2set', three-state bus 'lenet_1/conv_top/conv1_bias_set[9]' has non three-state driver 'lenet_1/conv_top/conv_control/conv1_bias_set_reg[9]/Q'. (LINT-34)
Warning: In design 'lenet_2set', three-state bus 'lenet_1/conv_top/conv1_bias_set[10]' has non three-state driver 'lenet_1/conv_top/conv_control/conv1_bias_set_reg[10]/Q'. (LINT-34)
Warning: In design 'lenet_2set', three-state bus 'lenet_1/conv_top/conv1_bias_set[11]' has non three-state driver 'lenet_1/conv_top/conv_control/conv1_bias_set_reg[11]/Q'. (LINT-34)
Warning: In design 'lenet_2set', three-state bus 'lenet_1/conv_top/conv1_bias_set[12]' has non three-state driver 'lenet_1/conv_top/conv_control/conv1_bias_set_reg[12]/Q'. (LINT-34)
Warning: In design 'lenet_2set', three-state bus 'lenet_1/conv_top/conv1_bias_set[13]' has non three-state driver 'lenet_1/conv_top/conv_control/conv1_bias_set_reg[13]/Q'. (LINT-34)
Warning: In design 'lenet_2set', three-state bus 'lenet_1/conv_top/conv1_bias_set[14]' has non three-state driver 'lenet_1/conv_top/conv_control/conv1_bias_set_reg[14]/Q'. (LINT-34)
Warning: In design 'lenet_2set', three-state bus 'lenet_1/conv_top/conv1_bias_set[15]' has non three-state driver 'lenet_1/conv_top/conv_control/conv1_bias_set_reg[15]/Q'. (LINT-34)
Warning: In design 'lenet_2set', three-state bus 'lenet_1/conv_top/conv1_bias_set[16]' has non three-state driver 'lenet_1/conv_top/conv_control/conv1_bias_set_reg[16]/Q'. (LINT-34)
Warning: In design 'lenet_2set', three-state bus 'lenet_1/conv_top/load_conv1_bias_enable' has non three-state driver 'lenet_1/conv_top/conv_control/load_conv1_bias_enable_reg/Q'. (LINT-34)
Warning: In design 'lenet_2set', three-state bus 'lenet_1/conv_top/mode[0]' has non three-state driver 'lenet_1/conv_top/fsm/mode_reg[0]/Q'. (LINT-34)
Warning: In design 'lenet_2set', three-state bus 'lenet_1/conv_top/mode[1]' has non three-state driver 'lenet_1/conv_top/fsm/mode_reg[1]/Q'. (LINT-34)
1
