Warning: Design 'lenet_2set' has '2' unresolved references. For more detailed information, use the "link" command. (UID-341)
 
****************************************
Report : area
Design : lenet_2set
Version: G-2012.06-SP5
Date   : Fri Jan  5 17:40:10 2018
****************************************

Library(s) Used:

    saed32hvt_ss0p95v125c (File: /usr/cadtool/SAED32_EDK/lib/stdcell_hvt/db_nldm/saed32hvt_ss0p95v125c.db)

Number of ports:                         2758
Number of nets:                          2758
Number of cells:                            2
Number of combinational cells:              0
Number of sequential cells:                 0
Number of macros:                           0
Number of buf/inv:                          0
Number of references:                       2

Combinational area:       92340.934238
Buf/Inv area:             7270.297413
Noncombinational area:    25338.664540
Net Interconnect area:    33148.700357 

Total cell area:          117679.598778
Total area:               150828.299135

Information: This design contains black box (unknown) components. (RPT-8)

Hierarchical area distribution
------------------------------

                                  Global cell area             Local cell area
                                  --------------------  ------------------------------ 
Hierarchical cell                 Absolute     Percent  Combi-      Noncombi-   Black
                                  Total        Total    national    national    boxes   Design
--------------------------------  -----------  -------  ----------  ----------  ------  --------------------------------------------------------
lenet_2set                        117679.5988    100.0      0.0000      0.0000  0.0000  lenet_2set
lenet_0                            59363.9714     50.4      0.0000      0.0000  0.0000  lenet_mydesign_1
lenet_0/conv_top                   50549.2410     43.0     64.5526      0.0000  0.0000  conv_top_mydesign_1
lenet_0/conv_top/conv_control       8028.4089      6.8   4374.8348   3427.1318  0.0000  conv_control_mydesign_1
lenet_0/conv_top/conv_control/clk_gate_addr_change_reg
                                       8.3868      0.0      3.3039      5.0829  0.0000  SNPS_CLOCK_GATE_HIGH_conv_control_mydesign_1_mydesign_19
lenet_0/conv_top/conv_control/clk_gate_channel_cnt_reg
                                       8.3868      0.0      3.3039      5.0829  0.0000  SNPS_CLOCK_GATE_HIGH_conv_control_mydesign_1_mydesign_20
lenet_0/conv_top/conv_control/clk_gate_col_reg
                                       8.3868      0.0      3.3039      5.0829  0.0000  SNPS_CLOCK_GATE_HIGH_conv_control_mydesign_1_mydesign_0
lenet_0/conv_top/conv_control/clk_gate_delay1_sram_waddr_b_reg
                                       8.3868      0.0      3.3039      5.0829  0.0000  SNPS_CLOCK_GATE_HIGH_conv_control_mydesign_1_mydesign_23
lenet_0/conv_top/conv_control/clk_gate_delay1_sram_waddr_c_reg
                                       8.3868      0.0      3.3039      5.0829  0.0000  SNPS_CLOCK_GATE_HIGH_conv_control_mydesign_1_mydesign_22
lenet_0/conv_top/conv_control/clk_gate_delay1_sram_waddr_d_reg
                                       8.3868      0.0      3.3039      5.0829  0.0000  SNPS_CLOCK_GATE_HIGH_conv_control_mydesign_1_mydesign_21
lenet_0/conv_top/conv_control/clk_gate_sram_raddr_a0_reg
                                       8.3868      0.0      3.3039      5.0829  0.0000  SNPS_CLOCK_GATE_HIGH_conv_control_mydesign_1_mydesign_12
lenet_0/conv_top/conv_control/clk_gate_sram_raddr_a1_reg
                                       8.3868      0.0      3.3039      5.0829  0.0000  SNPS_CLOCK_GATE_HIGH_conv_control_mydesign_1_mydesign_17
lenet_0/conv_top/conv_control/clk_gate_sram_raddr_a2_reg
                                       8.3868      0.0      3.3039      5.0829  0.0000  SNPS_CLOCK_GATE_HIGH_conv_control_mydesign_1_mydesign_14
lenet_0/conv_top/conv_control/clk_gate_sram_raddr_a3_reg
                                       8.3868      0.0      3.3039      5.0829  0.0000  SNPS_CLOCK_GATE_HIGH_conv_control_mydesign_1_mydesign_11
lenet_0/conv_top/conv_control/clk_gate_sram_raddr_a4_reg
                                       8.3868      0.0      3.3039      5.0829  0.0000  SNPS_CLOCK_GATE_HIGH_conv_control_mydesign_1_mydesign_16
lenet_0/conv_top/conv_control/clk_gate_sram_raddr_a5_reg
                                       8.3868      0.0      3.3039      5.0829  0.0000  SNPS_CLOCK_GATE_HIGH_conv_control_mydesign_1_mydesign_13
lenet_0/conv_top/conv_control/clk_gate_sram_raddr_a6_reg
                                       8.3868      0.0      3.3039      5.0829  0.0000  SNPS_CLOCK_GATE_HIGH_conv_control_mydesign_1_mydesign_10
lenet_0/conv_top/conv_control/clk_gate_sram_raddr_a7_reg
                                       8.3868      0.0      3.3039      5.0829  0.0000  SNPS_CLOCK_GATE_HIGH_conv_control_mydesign_1_mydesign_18
lenet_0/conv_top/conv_control/clk_gate_sram_raddr_a8_reg
                                       8.3868      0.0      3.3039      5.0829  0.0000  SNPS_CLOCK_GATE_HIGH_conv_control_mydesign_1_mydesign_15
lenet_0/conv_top/conv_control/clk_gate_sram_raddr_b0_reg
                                       8.3868      0.0      3.3039      5.0829  0.0000  SNPS_CLOCK_GATE_HIGH_conv_control_mydesign_1_mydesign_7
lenet_0/conv_top/conv_control/clk_gate_sram_raddr_b1_reg
                                       8.3868      0.0      3.3039      5.0829  0.0000  SNPS_CLOCK_GATE_HIGH_conv_control_mydesign_1_mydesign_6
lenet_0/conv_top/conv_control/clk_gate_sram_raddr_b2_reg
                                       8.3868      0.0      3.3039      5.0829  0.0000  SNPS_CLOCK_GATE_HIGH_conv_control_mydesign_1_mydesign_5
lenet_0/conv_top/conv_control/clk_gate_sram_raddr_b3_reg
                                       8.3868      0.0      3.3039      5.0829  0.0000  SNPS_CLOCK_GATE_HIGH_conv_control_mydesign_1_mydesign_4
lenet_0/conv_top/conv_control/clk_gate_sram_raddr_b4_reg
                                       8.3868      0.0      3.3039      5.0829  0.0000  SNPS_CLOCK_GATE_HIGH_conv_control_mydesign_1_mydesign_3
lenet_0/conv_top/conv_control/clk_gate_sram_raddr_b5_reg
                                       8.3868      0.0      3.3039      5.0829  0.0000  SNPS_CLOCK_GATE_HIGH_conv_control_mydesign_1_mydesign_2
lenet_0/conv_top/conv_control/clk_gate_sram_raddr_b6_reg
                                       8.3868      0.0      3.3039      5.0829  0.0000  SNPS_CLOCK_GATE_HIGH_conv_control_mydesign_1_mydesign_1
lenet_0/conv_top/conv_control/clk_gate_sram_raddr_b7_reg
                                       8.3868      0.0      3.3039      5.0829  0.0000  SNPS_CLOCK_GATE_HIGH_conv_control_mydesign_1_mydesign_9
lenet_0/conv_top/conv_control/clk_gate_sram_raddr_b8_reg
                                       8.3868      0.0      3.3039      5.0829  0.0000  SNPS_CLOCK_GATE_HIGH_conv_control_mydesign_1_mydesign_8
lenet_0/conv_top/conv_control/clk_gate_sram_raddr_weight_reg
                                       8.3868      0.0      3.3039      5.0829  0.0000  SNPS_CLOCK_GATE_HIGH_conv_control_mydesign_1_mydesign_25
lenet_0/conv_top/conv_control/clk_gate_sram_raddr_weight_reg_0
                                       8.3868      0.0      3.3039      5.0829  0.0000  SNPS_CLOCK_GATE_HIGH_conv_control_mydesign_1_mydesign_24
lenet_0/conv_top/conv_control/clk_gate_weight_cnt_reg
                                       8.3868      0.0      3.3039      5.0829  0.0000  SNPS_CLOCK_GATE_HIGH_conv_control_mydesign_1_mydesign_26
lenet_0/conv_top/data_reg          10335.5281      8.8   4616.2716   5719.2565  0.0000  data_reg_mydesign_1
lenet_0/conv_top/fsm                  57.6907      0.0     28.2100     29.4807  0.0000  fsm_mydesign_1
lenet_0/conv_top/multiply_compare  30839.3574     26.2  29895.9749    943.3825  0.0000  multiply_compare_mydesign_1
lenet_0/conv_top/quantize           1223.7034      1.0   1164.7420     58.9614  0.0000  quantize_mydesign_1
lenet_0/fc_top                      8814.7304      7.5     28.4641      0.0000  0.0000  fc_top_mydesign_1
lenet_0/fc_top/fc_controller         829.5260      0.7    466.3542    346.3983  0.0000  fc_controller_mydesign_1
lenet_0/fc_top/fc_controller/clk_gate_sram_waddr_reg
                                       8.3868      0.0      3.3039      5.0829  0.0000  SNPS_CLOCK_GATE_HIGH_fc_controller_mydesign_1_mydesign_0
lenet_0/fc_top/fc_controller/clk_gate_write_e_sram_cnt_reg
                                       8.3868      0.0      3.3039      5.0829  0.0000  SNPS_CLOCK_GATE_HIGH_fc_controller_mydesign_1_mydesign_1
lenet_0/fc_top/fc_data_reg          1768.3339      1.5    589.1058   1179.2281  0.0000  fc_data_reg_mydesign_1
lenet_0/fc_top/fc_multiplier_accumulator
                                    5957.6436      5.1   5198.5154    759.1281  0.0000  fc_multiplier_accumulator_mydesign_1
lenet_0/fc_top/fc_quantize           230.7628      0.2    171.8013     58.9614  0.0000  fc_quantize_mydesign_1
lenet_1                            58315.6274     49.6      0.0000      0.0000  0.0000  lenet_mydesign_0
lenet_1/conv_top                   49500.6429     42.1     76.4973      0.0000  0.0000  conv_top_mydesign_0
lenet_1/conv_top/conv_control       8028.4089      6.8   4374.8348   3427.1318  0.0000  conv_control_mydesign_0
lenet_1/conv_top/conv_control/clk_gate_addr_change_reg
                                       8.3868      0.0      3.3039      5.0829  0.0000  SNPS_CLOCK_GATE_HIGH_conv_control_mydesign_0_mydesign_19
lenet_1/conv_top/conv_control/clk_gate_channel_cnt_reg
                                       8.3868      0.0      3.3039      5.0829  0.0000  SNPS_CLOCK_GATE_HIGH_conv_control_mydesign_0_mydesign_20
lenet_1/conv_top/conv_control/clk_gate_col_reg
                                       8.3868      0.0      3.3039      5.0829  0.0000  SNPS_CLOCK_GATE_HIGH_conv_control_mydesign_0_mydesign_0
lenet_1/conv_top/conv_control/clk_gate_delay1_sram_waddr_b_reg
                                       8.3868      0.0      3.3039      5.0829  0.0000  SNPS_CLOCK_GATE_HIGH_conv_control_mydesign_0_mydesign_23
lenet_1/conv_top/conv_control/clk_gate_delay1_sram_waddr_c_reg
                                       8.3868      0.0      3.3039      5.0829  0.0000  SNPS_CLOCK_GATE_HIGH_conv_control_mydesign_0_mydesign_22
lenet_1/conv_top/conv_control/clk_gate_delay1_sram_waddr_d_reg
                                       8.3868      0.0      3.3039      5.0829  0.0000  SNPS_CLOCK_GATE_HIGH_conv_control_mydesign_0_mydesign_21
lenet_1/conv_top/conv_control/clk_gate_sram_raddr_a0_reg
                                       8.3868      0.0      3.3039      5.0829  0.0000  SNPS_CLOCK_GATE_HIGH_conv_control_mydesign_0_mydesign_12
lenet_1/conv_top/conv_control/clk_gate_sram_raddr_a1_reg
                                       8.3868      0.0      3.3039      5.0829  0.0000  SNPS_CLOCK_GATE_HIGH_conv_control_mydesign_0_mydesign_17
lenet_1/conv_top/conv_control/clk_gate_sram_raddr_a2_reg
                                       8.3868      0.0      3.3039      5.0829  0.0000  SNPS_CLOCK_GATE_HIGH_conv_control_mydesign_0_mydesign_14
lenet_1/conv_top/conv_control/clk_gate_sram_raddr_a3_reg
                                       8.3868      0.0      3.3039      5.0829  0.0000  SNPS_CLOCK_GATE_HIGH_conv_control_mydesign_0_mydesign_11
lenet_1/conv_top/conv_control/clk_gate_sram_raddr_a4_reg
                                       8.3868      0.0      3.3039      5.0829  0.0000  SNPS_CLOCK_GATE_HIGH_conv_control_mydesign_0_mydesign_16
lenet_1/conv_top/conv_control/clk_gate_sram_raddr_a5_reg
                                       8.3868      0.0      3.3039      5.0829  0.0000  SNPS_CLOCK_GATE_HIGH_conv_control_mydesign_0_mydesign_13
lenet_1/conv_top/conv_control/clk_gate_sram_raddr_a6_reg
                                       8.3868      0.0      3.3039      5.0829  0.0000  SNPS_CLOCK_GATE_HIGH_conv_control_mydesign_0_mydesign_10
lenet_1/conv_top/conv_control/clk_gate_sram_raddr_a7_reg
                                       8.3868      0.0      3.3039      5.0829  0.0000  SNPS_CLOCK_GATE_HIGH_conv_control_mydesign_0_mydesign_18
lenet_1/conv_top/conv_control/clk_gate_sram_raddr_a8_reg
                                       8.3868      0.0      3.3039      5.0829  0.0000  SNPS_CLOCK_GATE_HIGH_conv_control_mydesign_0_mydesign_15
lenet_1/conv_top/conv_control/clk_gate_sram_raddr_b0_reg
                                       8.3868      0.0      3.3039      5.0829  0.0000  SNPS_CLOCK_GATE_HIGH_conv_control_mydesign_0_mydesign_7
lenet_1/conv_top/conv_control/clk_gate_sram_raddr_b1_reg
                                       8.3868      0.0      3.3039      5.0829  0.0000  SNPS_CLOCK_GATE_HIGH_conv_control_mydesign_0_mydesign_6
lenet_1/conv_top/conv_control/clk_gate_sram_raddr_b2_reg
                                       8.3868      0.0      3.3039      5.0829  0.0000  SNPS_CLOCK_GATE_HIGH_conv_control_mydesign_0_mydesign_5
lenet_1/conv_top/conv_control/clk_gate_sram_raddr_b3_reg
                                       8.3868      0.0      3.3039      5.0829  0.0000  SNPS_CLOCK_GATE_HIGH_conv_control_mydesign_0_mydesign_4
lenet_1/conv_top/conv_control/clk_gate_sram_raddr_b4_reg
                                       8.3868      0.0      3.3039      5.0829  0.0000  SNPS_CLOCK_GATE_HIGH_conv_control_mydesign_0_mydesign_3
lenet_1/conv_top/conv_control/clk_gate_sram_raddr_b5_reg
                                       8.3868      0.0      3.3039      5.0829  0.0000  SNPS_CLOCK_GATE_HIGH_conv_control_mydesign_0_mydesign_2
lenet_1/conv_top/conv_control/clk_gate_sram_raddr_b6_reg
                                       8.3868      0.0      3.3039      5.0829  0.0000  SNPS_CLOCK_GATE_HIGH_conv_control_mydesign_0_mydesign_1
lenet_1/conv_top/conv_control/clk_gate_sram_raddr_b7_reg
                                       8.3868      0.0      3.3039      5.0829  0.0000  SNPS_CLOCK_GATE_HIGH_conv_control_mydesign_0_mydesign_9
lenet_1/conv_top/conv_control/clk_gate_sram_raddr_b8_reg
                                       8.3868      0.0      3.3039      5.0829  0.0000  SNPS_CLOCK_GATE_HIGH_conv_control_mydesign_0_mydesign_8
lenet_1/conv_top/conv_control/clk_gate_sram_raddr_weight_reg
                                       8.3868      0.0      3.3039      5.0829  0.0000  SNPS_CLOCK_GATE_HIGH_conv_control_mydesign_0_mydesign_25
lenet_1/conv_top/conv_control/clk_gate_sram_raddr_weight_reg_0
                                       8.3868      0.0      3.3039      5.0829  0.0000  SNPS_CLOCK_GATE_HIGH_conv_control_mydesign_0_mydesign_24
lenet_1/conv_top/conv_control/clk_gate_weight_cnt_reg
                                       8.3868      0.0      3.3039      5.0829  0.0000  SNPS_CLOCK_GATE_HIGH_conv_control_mydesign_0_mydesign_26
lenet_1/conv_top/data_reg          10316.2131      8.8   4596.9567   5719.2565  0.0000  data_reg_mydesign_0
lenet_1/conv_top/fsm                  62.5194      0.1     33.0387     29.4807  0.0000  fsm_mydesign_0
lenet_1/conv_top/multiply_compare  29811.8532     25.3  28868.4707    943.3825  0.0000  multiply_compare_mydesign_0
lenet_1/conv_top/quantize           1205.1508      1.0   1146.1894     58.9614  0.0000  quantize_mydesign_0
lenet_1/fc_top                      8814.9845      7.5     28.4641      0.0000  0.0000  fc_top_mydesign_0
lenet_1/fc_top/fc_controller         829.7802      0.7    466.6084    346.3983  0.0000  fc_controller_mydesign_0
lenet_1/fc_top/fc_controller/clk_gate_sram_waddr_reg
                                       8.3868      0.0      3.3039      5.0829  0.0000  SNPS_CLOCK_GATE_HIGH_fc_controller_mydesign_0_mydesign_0
lenet_1/fc_top/fc_controller/clk_gate_write_e_sram_cnt_reg
                                       8.3868      0.0      3.3039      5.0829  0.0000  SNPS_CLOCK_GATE_HIGH_fc_controller_mydesign_0_mydesign_1
lenet_1/fc_top/fc_data_reg          1768.3339      1.5    589.1058   1179.2281  0.0000  fc_data_reg_mydesign_0
lenet_1/fc_top/fc_multiplier_accumulator
                                    5957.6436      5.1   5198.5154    759.1281  0.0000  fc_multiplier_accumulator_mydesign_0
lenet_1/fc_top/fc_quantize           230.7628      0.2    171.8013     58.9614  0.0000  fc_quantize_mydesign_0
--------------------------------  -----------  -------  ----------  ----------  ------  --------------------------------------------------------
Total                                                   92340.9342  25338.6645  0.0000

1
