==========	uname -a	==========
Linux ws42 2.6.18-274.el5 #1 SMP Fri Jul 22 04:43:29 EDT 2011 x86_64 x86_64 x86_64 GNU/Linux
-------------	end(uname -a)     -------------

==========	limit		==========
cputime      unlimited
filesize     unlimited
datasize     unlimited
stacksize    10240 kbytes
coredumpsize 0 kbytes
memoryuse    unlimited
vmemoryuse   unlimited
descriptors  1024 
memorylocked 32 kbytes
maxproc      278528 
-------------	end(limit)     -------------
==========	xdpyinfo	==========
xdpyinfo:  unable to open display "localhost:14.0".
-------------	end(xdpyinfo)     -------------
==========	Environment Variables	==========
REMOTEHOST=daisy
MANPATH=/usr/cad/synopsys/nanosim/cur/doc/ns/man:/usr/cadtool/cad/synopsys/coreconsultant/cur/doc/dware/man:/usr/spw/CDS/tools/man:/usr/spw/caesys/lmgr/man:/usr/cad/synopsys/synthesis/cur/doc/syn/man:/usr/cadtool/SAED32_EDK/synthesis/cur/doc/syn/man
POWERVIEW_64=1
DISABLE_LIBRARY_MAP_CHECK=1
TMIARCH=RH_64
XLOCALEDIR=/usr/cad/synopsys/icc2/cur/etc/locale
SYNOPSYS_TMAX=/usr/cad/synopsys/tmax/cur
HOSTNAME=ws42
SIGNAL_BASE_EXTRACTION=1
XKEYSYMDB=/usr/cad/synopsys/astro/cur/etc/XKeysymDB
STHOME=/usr/cadtool/tcad/2016
NOVAS_SYNC_MOTIF_DISP=
SHELL=/usr/bin/tcsh
TERM=xterm
HOST=ws42
SSH_CLIENT=140.114.24.31 60486 22
NOVAS_VERDI_SVTB_ALPHA=1
DESIGNWARE_HOME=/usr/cadtool/cad/synopsys/dw_home/cur
STROOT=/usr/cadtool/tcad/2016
PERL5LIB=/usr/cadtool/SAED32_EDK/saed_mc/lib
NOVAS_WAVE_REDRAW_ALLVC=1
SPS_FONT_PATH=/usr/cad/spring_soft/verdi/cur/font
CDS_LOAD_ENV=CSF
MGC_LOCATION_MAP=NO_MAP
HSP_GCC_VERSION=4.8.3
SFLM_SERVER=140.114.24.112
QTDIR=/usr/lib64/qt-3.3
SPS_XFONT_PATH=/usr/cad/spring_soft/verdi/cur/XFont
QTINC=/usr/lib64/qt-3.3/include
SSH_TTY=/dev/pts/34
LC_ALL=C
USER=u103061136
GROUP=u103
HSP_HOME=/usr/cad/synopsys/hspice/2016.06-sp2/hspice
WAVE_REDRAW_ALLVC=1
LD_LIBRARY_PATH=/usr/cad/spring_soft/verdi/cur/platform/LINUXAMD64/bin:/usr/cad/spring_soft/verdi/cur/etc/lib/libstdc++/LINUXAMD64:/usr/cad/spring_soft/verdi/cur/share/NPI/lib/LINUXAMD64:/usr/cad/spring_soft/verdi/2012.01/share/PLI/IUS/LINUX/
LS_COLORS=no=00:fi=00:di=00;34:ln=00;36:pi=40;33:so=00;35:bd=40;33;01:cd=40;33;01:or=01;05;37;41:mi=01;05;37;41:ex=00;32:*.cmd=00;32:*.exe=00;32:*.com=00;32:*.btm=00;32:*.bat=00;32:*.sh=00;32:*.csh=00;32:*.tar=00;31:*.tgz=00;31:*.arj=00;31:*.taz=00;31:*.lzh=00;31:*.zip=00;31:*.z=00;31:*.Z=00;31:*.gz=00;31:*.bz2=00;31:*.bz=00;31:*.tz=00;31:*.rpm=00;31:*.cpio=00;31:*.jpg=00;35:*.gif=00;35:*.bmp=00;35:*.xbm=00;35:*.xpm=00;35:*.png=00;35:*.tif=00;35:
SPW_SYS_DB=/usr/spw
SIGNAL_BASED_BA=0
LISAHOME=/usr/cad/synopsys/processor_designer/cur/PD/linux
XNLSPATH=/usr/cad/spring_soft/verdi/cur/etc/access/nls
TCL_LIBRARY=/usr/cad/spring_soft/verdi/cur/etc/access/tcl85_library
HOSTTYPE=x86_64-linux
installdir=/usr/cad/synopsys/hspice/2016.06-sp2/hspice
ENCOUNTER=/usr/cad/cadence/EDI/cur/tools/fe
KDEDIR=/usr
CMIARCH=RH_64
NOVAS_SIGNAL_BASED_BA=0
NOVAS_TCL_LIBRARY=/usr/cad/spring_soft/verdi/cur/etc/access/tcl85_library
NOVAS_VERDI_SVTB_BETA=1
PATH=/bin:/usr/bin/X11:/usr/cadtool/SAED32_EDK/synthesis/cur/amd64/syn/bin:/usr/cad/synopsys/hercules/cur/bin/AMD.64:/usr/cadtool/SAED32_EDK/customdesigner/cur/bin:/usr/cadtool/SAED32_EDK/saed_mc/bin:/usr/lib64/qt-3.3/bin:/usr/kerberos/bin:/usr/cad/synopsys/spice_explorer/cur/bin:/usr/bin/:/usr/usr/cadtool/Brains/BRAINS-CentOS-5.5-x86_64/bin:/usr/cad/synopsys/vcs-mx/cur/bin:/usr/cad/synopsys/vcs-mx/cur/linux/bin:/usr/cad/synopsys/vcs-mx/cur/linux/util:/usr/cad/synopsys/vcs-mx/cur/linux/flexlm:/usr/cadtool/silvaco/bin:/usr/cadtool/jeroo/Jeroo.jar/:/usr/cadtool/cad/synopsys/laker/cur/bin:/usr/cad/spring_soft/verdi/cur/bin:/usr/cad/spring_soft/verdi/cur/nLint/bin:/usr/cad/synopsys/tmax/cur/bin:/usr/cadtool/mentor/tessent/cur/bin:/usr/bin/X11:/usr/cad/synopsys/synthesis/cur/amd64/syn/bin:/usr/cadtool/tcad/2016/bin:/usr/cadtool/tcad/K_2015.06/bin:/usr/cadtool/cad/synopsys/raphael_2015.06/bin:/usr/cad/synopsys/hspice/2016.06-sp2/hspice/bin:/usr/cad/synopsys/hspice/2016.06-sp2/hspice/GNU/linux64/gcc-4.8.3/bin:/usr/cad/synopsys/hspice/2016.06-sp2/hspice/linux64:/usr/bin:/usr/ucb/bin:/usr/cad/synopsys/sold/cur:/usr/bin/X11:/usr/cad/synopsys/primetime/cur/amd64/syn/bin:/usr/cad/synopsys/processor_designer/cur/PD/linux/bin:/usr/cad/synopsys/milkyway/cur/bin/AMD.64:/usr/cadtool/matlab/bin:/usr/cad/cadence/INCISIV/cur/tools/bin:/usr/cad/cadence/INCISIV/cur/tools/vtools/vfault/bin:/usr/cad/cadence/INCISIV/cur/tools/dfII/bin:/usr/cadence/IC/cur/tools/dfII/bin:/usr/cadence/IC/cur/tools/dracula/bin:/usr/cadence/IC/cur/tools/bin:/usr/cad/synopsys/icc/cur/amd64/syn/bin:/usr/cad/synopsys/icc2/cur/bin:/usr/cad/synopsys/hspice/2016.06-sp2/hspice/bin:/usr/cad/synopsys/hspice/2016.06-sp2/hspice/GNU/linux64/gcc-4.8.3/bin:/usr/cad/synopsys/hspice/2016.06-sp2/hspice/linux64:/usr/bin:/usr/ucb/bin:/usr/cad/synopsys/hsimplus/cur/hsimplus/bin:/usr/cad/synopsys/hercules/cur/bin/AMD.64:/usr/cadtool/git/bin:/usr/cad/synopsys/finesim/cur/bin:/usr/cad/cadence/ETS/cur/tools/bin:/usr/cad/cadence/EDI/cur/tools/celtic/bin:/usr/cad/cadence/EDI/cur/tools/plato/bin:/usr/cad/cadence/EDI/cur/tools/dfII/bin:/usr/cad/cadence/EDI/cur/tools/fe/bin:/usr/cad/cadence/EDI/cur/tools/cdsdoc/bin:/usr/cad/cadence/EDI/cur/tools/bin:/usr/cad/cadence/EDI/cur//tools/tlfUtil/bin:/usr/cadtool/eclipse_2012/eclipse/:/usr/cad/cadence/CTOS/cur/tools/bin:/usr/bin/X11:/usr/cadtool/cad/synopsys/coreconsultant/cur/bin:/usr/cadtool/cadence/CONFRML/cur/./bin:/usr/cadtool/cadence/CONFRML/cur/tools/bin:/usr/mentor/calibre/cur/bin:/usr/cad/synopsys/astro/cur/bin/IA.32:/usr/cadtool/ads/ADS/bin:/usr/cadtool/ads/ADS/tools/bin:/usr/bin/X11:/usr/cad/synopsys/primetime/cur/linux/syn/bin:/usr/cad/synopsys/nanosim/cur/bin:/usr/cad/synopsys/nanosim/cur/linux/ns/bin:/usr/local/bin:/bin:/usr/bin:/usr/cadtool/cad/synopsys/dw_home/cur/bin:/usr/cadtool/Acrobat5/bin:/usr/X11R6/bin
MAIL=/var/spool/mail/u103061136
FINESIM_HOME=/usr/cad/synopsys/finesim/cur
HOY_LIC_FILE=4141@ws38
PWD=/home/u103/u103061136/ICLAB/lenetoneset/post_sim
OAHOME=/usr/cad/cadence/ETS/cur/oa
INPUTRC=/etc/inputrc
VCS_HOME=/usr/cad/synopsys/vcs-mx/cur
XMODIFIERS=@im=none
KDE_IS_PRELINKED=1
LANG=C
SYS_PROG_NAME=verdi
Laker_TCL_ToolBox=1
SYNOPSYS_SIM=/usr/cad/synopsys/vcs-mx/cur
AGILEESOFD_LICENSE_FILE=@ws38
VERPLEX_HOME=/usr/cadtool/cadence/CONFRML/cur
OA_HOME=/usr/cad/cadence/ETS/cur/oa
FINESIM_64=1
SYNTHESIS=/usr/cadtool/SAED32_EDK/synthesis/cur
FINEWAVE_64=1
VCS_CC=gcc
LM_LICENSE_FILE=26585@lsnctu:1717@lsncu:27020@ws38:26585@lscic.cic.org.tw:5280@lscic:5280@lsntu:5280@lsncku:5219@lsncu:5280@lsncu:
PRIMETIME=/usr/cad/synopsys/primetime/cur
SYNOPSYS=/usr/cadtool/SAED32_EDK/synthesis/cur
CDS_Netlisting_Mode=Analog
SYS_INST_DIR=/usr/cad/spring_soft/verdi/cur
SSH_ASKPASS=/usr/libexec/openssh/gnome-ssh-askpass
HOME=/home/u103/u103061136
SHLVL=3
HSP_GCC=/usr/cad/synopsys/hspice/2016.06-sp2/hspice/GNU/linux64/gcc-4.8.3/bin/gcc -m64 
OSTYPE=linux
MC_HOME=/usr/cadtool/SAED32_EDK/saed_mc
MGC_HOME=/usr/mentor/calibre/cur
Laker_TCL_L3=1
VERDI_ORIGNAL_LD_LIBRARY_PATH=/usr/cad/spring_soft/verdi/2012.01/share/PLI/IUS/LINUX/
VERDI_SVTB_ALPHA=1
SNPS_64=1
SAED_MC_32_28_PDK=/usr/cadtool/SAED32_EDK/saed_mc/etc/techs/SAED_PDK_32/
VENDOR=unknown
HPEESOF_DIR=/usr/cadtool/ads/ADS
MGC_TMPDIR=/tmp
SNPS_PLATFORM=linux64
LOGNAME=u103061136
MACHTYPE=x86_64
QTLIB=/usr/lib64/qt-3.3/lib
VERDI_SVTB_BETA=1
SSH_CONNECTION=140.114.24.31 60486 140.114.24.117 22
mraarch=linux_64
SPW_HOME=/usr/spw
SPS_RGB_PATH=/usr/cad/spring_soft/verdi/cur/etc/rgb
NOVASHLPPATH=/usr/cad/spring_soft/verdi/cur/doc
NOVAS_LC_ALL=C
LESSOPEN=|/usr/bin/lesspipe.sh %s
ARCH=linux64
SHLIB_PATH=/usr/cad/spring_soft/verdi/cur/share/PLI/IUS/LINUX
DISPLAY=localhost:14.0
LD_NOVERSION=1
SYN_MAN_DIR=/usr/cadtool/SAED32_EDK/synthesis/cur/doc/syn/man
QT_PLUGIN_PATH=/usr/cad/spring_soft/verdi/cur/platform/LINUXAMD64/bin/plugins
NOVAS_SIGNAL_BASE_EXTRACTION=1
SNPS_SIMIF=/usr/cad/synopsys/nanosim/cur
SOFT_MAN_DIR=/usr/cadtool/cad/synopsys/coreconsultant/cur/doc/dware/man
G_BROKEN_FILENAMES=1
_=/usr/cad/spring_soft/verdi/cur/etc/access/sysinfo.sh
-------------	end(env)     -------------
==========	ps	    ==========
  PID TTY          TIME CMD
 7333 ?        00:01:28 Novas
22247 ?        00:00:00 sysinfo.sh
22273 ?        00:00:00 ps
-------------	end(ps)     -------------
==========       cat /proc/meminfo        ==========
MemTotal:     32900244 kB
MemFree:      15646756 kB
Buffers:        156256 kB
Cached:       15712676 kB
SwapCached:      38144 kB
Active:        2783368 kB
Inactive:     13930972 kB
HighTotal:           0 kB
HighFree:            0 kB
LowTotal:     32900244 kB
LowFree:      15646756 kB
SwapTotal:    16386292 kB
SwapFree:     12228056 kB
Dirty:             596 kB
Writeback:           0 kB
AnonPages:      844220 kB
Mapped:         185928 kB
Slab:           461468 kB
PageTables:      30304 kB
NFS_Unstable:        0 kB
Bounce:              0 kB
CommitLimit:  32836412 kB
Committed_AS:  5993568 kB
VmallocTotal: 34359738367 kB
VmallocUsed:    270704 kB
VmallocChunk: 34359467495 kB
HugePages_Total:     0
HugePages_Free:      0
HugePages_Rsvd:      0
Hugepagesize:     2048 kB
-------------	     end(cat /proc/meminfo)      -------------
==========       show OS patch level     ==========
CentOS release 5.7 (Final)
Kernel \r on an \m

-------------    end(show OS patch level)      -------------
=========       uptime      ==========
 17:04:30 up 79 days,  8:13,  6 users,  load average: 1.20, 1.31, 1.59
------------    end(uptime)    -------------
=========       locale       ==========
LANG=C
LC_CTYPE="C"
LC_NUMERIC="C"
LC_TIME="C"
LC_COLLATE="C"
LC_MONETARY="C"
LC_MESSAGES="C"
LC_PAPER="C"
LC_NAME="C"
LC_ADDRESS="C"
LC_TELEPHONE="C"
LC_MEASUREMENT="C"
LC_IDENTIFICATION="C"
LC_ALL=C
------------    end(locale)    -------------
==========       ldd       ==========
ldd /usr/cad/spring_soft/verdi/cur/platform/LINUXAMD64/bin/Novas
	linux-vdso.so.1 =>  (0x00007fff15bfd000)
	libjpeg.so.62 => /usr/lib64/libjpeg.so.62 (0x00000038f5a00000)
	libfreetype.so.6 => /usr/lib64/libfreetype.so.6 (0x00000038f2e00000)
	libQtSolutions_MotifExtension-2.7.so.1 => /usr/cad/spring_soft/verdi/cur/platform/LINUXAMD64/bin/libQtSolutions_MotifExtension-2.7.so.1 (0x00002b3920018000)
	libQtGui.so.4 => /usr/cad/spring_soft/verdi/cur/platform/LINUXAMD64/bin/libQtGui.so.4 (0x00002b392022e000)
	libQtCore.so.4 => /usr/cad/spring_soft/verdi/cur/platform/LINUXAMD64/bin/libQtCore.so.4 (0x00002b3920ef2000)
	libQtXml.so.4 => /usr/cad/spring_soft/verdi/cur/platform/LINUXAMD64/bin/libQtXml.so.4 (0x00002b39213db000)
	libQtWebKit.so.4 => /usr/cad/spring_soft/verdi/cur/platform/LINUXAMD64/bin/libQtWebKit.so.4 (0x00002b392161d000)
	libQtNetwork.so.4 => /usr/cad/spring_soft/verdi/cur/platform/LINUXAMD64/bin/libQtNetwork.so.4 (0x00002b3923147000)
	libQt3Support.so.4 => /usr/cad/spring_soft/verdi/cur/platform/LINUXAMD64/bin/libQt3Support.so.4 (0x00002b392345b000)
	libQtSql.so.4 => /usr/cad/spring_soft/verdi/cur/platform/LINUXAMD64/bin/libQtSql.so.4 (0x00002b392394b000)
	libz.so.1 => /lib64/libz.so.1 (0x00000038f0a00000)
	libXss.so.1 => /usr/lib64/libXss.so.1 (0x0000003102c00000)
	libXft.so.2 => /usr/lib64/libXft.so.2 (0x00000030fec00000)
	libXt.so.6 => /usr/lib64/libXt.so.6 (0x0000003100c00000)
	libXmu.so.6 => /usr/lib64/libXmu.so.6 (0x00000030fca00000)
	libX11.so.6 => /usr/lib64/libX11.so.6 (0x00000030fae00000)
	libXext.so.6 => /usr/lib64/libXext.so.6 (0x00000030fb200000)
	libfontconfig.so.1 => /usr/lib64/libfontconfig.so.1 (0x00000038f3a00000)
	libnsl.so.1 => /lib64/libnsl.so.1 (0x00000038fa800000)
	libpthread.so.0 => /lib64/libpthread.so.0 (0x00000038f1a00000)
	librt.so.1 => /lib64/librt.so.1 (0x00000038f5200000)
	libdl.so.2 => /lib64/libdl.so.2 (0x00000038f1200000)
	libpng12.so.0 => /usr/lib64/libpng12.so.0 (0x00000038f3600000)
	libncurses.so.5 => /usr/lib64/libncurses.so.5 (0x0000003903800000)
	libm.so.6 => /lib64/libm.so.6 (0x00000038f1600000)
	libc.so.6 => /lib64/libc.so.6 (0x00000038f0e00000)
	/lib64/ld-linux-x86-64.so.2 (0x00000038f0600000)
	libSM.so.6 => /usr/lib64/libSM.so.6 (0x00000038f6200000)
	libICE.so.6 => /usr/lib64/libICE.so.6 (0x00000038f5e00000)
	libstdc++.so.6 => /usr/cad/spring_soft/verdi/cur/etc/lib/libstdc++/LINUXAMD64/libstdc++.so.6 (0x00002b3923b92000)
	libgcc_s.so.1 => /usr/cad/spring_soft/verdi/cur/etc/lib/libstdc++/LINUXAMD64/libgcc_s.so.1 (0x00002b3923e9a000)
	libXrender.so.1 => /usr/lib64/libXrender.so.1 (0x00000030fb600000)
	libXau.so.6 => /usr/lib64/libXau.so.6 (0x00000038f2600000)
	libXdmcp.so.6 => /usr/lib64/libXdmcp.so.6 (0x00000038f2200000)
	libexpat.so.0 => /lib64/libexpat.so.0 (0x00000038f3200000)
-------------    end(ldd)      -------------
